2021-06-30 21:38:08.179 [main] INFO  com.yzy.YzzbApp - Starting YzzbApp on USER-20190128FA with PID 3360 (D:\workspace\myeclipse2018\yzy\yzzb\target\classes started by Administrator in D:\workspace\myeclipse2018\yzy)
2021-06-30 21:38:08.180 [main] INFO  com.yzy.YzzbApp - No active profile set, falling back to default profiles: default
2021-06-30 21:38:09.774 [main] INFO  org.springframework.boot.web.embedded.tomcat.TomcatWebServer - Tomcat initialized with port(s): 8080 (http)
2021-06-30 21:38:09.790 [main] INFO  org.apache.coyote.http11.Http11NioProtocol - Initializing ProtocolHandler ["http-nio-8080"]
2021-06-30 21:38:09.800 [main] INFO  org.apache.catalina.core.StandardService - Starting service [Tomcat]
2021-06-30 21:38:09.800 [main] INFO  org.apache.catalina.core.StandardEngine - Starting Servlet engine: [Apache Tomcat/9.0.16]
2021-06-30 21:38:09.808 [main] INFO  org.apache.catalina.core.AprLifecycleListener - The APR based Apache Tomcat Native library which allows optimal performance in production environments was not found on the java.library.path: [C:\Program Files\Java\jdk1.8.0_191\bin;C:\Windows\Sun\Java\bin;C:\Windows\system32;C:\Windows;C:\Program Files (x86)\Common Files\Oracle\Java\javapath;C:\Windows\system32;C:\Windows;C:\Windows\System32\Wbem;C:\Windows\System32\WindowsPowerShell\v1.0\;C:\Program Files (x86)\NVIDIA Corporation\PhysX\Common;C:\Program Files\NVIDIA Corporation\NVIDIA NvDLISR;D:\soft\ideaIU-2018.3.win\plugins\maven\lib\maven3\bin;D:\soft\mysql-5.7.23-winx64\bin;D:\soft\gradle-4.6\bin;C:\Program Files\TortoiseSVN\bin;D:\Program Files\Git\cmd;D:\Program Files\nodejs\;C:\Users\Administrator\PycharmProjects\pythonProject\venv\Scripts;D:\Program Files\python\Scripts\;D:\Program Files\python\;D:\Program Files\Fiddler;C:\Users\Administrator\AppData\Roaming\npm;.]
2021-06-30 21:38:09.944 [main] INFO  org.apache.catalina.core.ContainerBase.[Tomcat].[localhost].[/yzzb] - Initializing Spring embedded WebApplicationContext
2021-06-30 21:38:09.944 [main] INFO  org.springframework.web.context.ContextLoader - Root WebApplicationContext: initialization completed in 1678 ms
2021-06-30 21:38:10.870 [main] INFO  org.springframework.scheduling.concurrent.ThreadPoolTaskExecutor - Initializing ExecutorService 'applicationTaskExecutor'
2021-06-30 21:38:11.123 [main] INFO  org.apache.coyote.http11.Http11NioProtocol - Starting ProtocolHandler ["http-nio-8080"]
2021-06-30 21:38:11.155 [main] INFO  org.springframework.boot.web.embedded.tomcat.TomcatWebServer - Tomcat started on port(s): 8080 (http) with context path '/yzzb'
2021-06-30 21:38:11.160 [main] INFO  com.yzy.YzzbApp - Started YzzbApp in 3.928 seconds (JVM running for 8.257)
2021-06-30 21:38:35.089 [http-nio-8080-exec-14] INFO  org.apache.catalina.core.ContainerBase.[Tomcat].[localhost].[/yzzb] - Initializing Spring DispatcherServlet 'dispatcherServlet'
2021-06-30 21:38:35.089 [http-nio-8080-exec-14] INFO  org.springframework.web.servlet.DispatcherServlet - Initializing Servlet 'dispatcherServlet'
2021-06-30 21:38:35.097 [http-nio-8080-exec-14] INFO  org.springframework.web.servlet.DispatcherServlet - Completed initialization in 8 ms
2021-06-30 21:38:37.043 [http-nio-8080-exec-21] INFO  com.zaxxer.hikari.HikariDataSource - HikariPool-1 - Starting...
2021-06-30 21:38:37.720 [http-nio-8080-exec-21] INFO  com.zaxxer.hikari.HikariDataSource - HikariPool-1 - Start completed.
2021-06-30 22:04:14.235 [main] INFO  com.yzy.YzzbApp - Starting YzzbApp on USER-20190128FA with PID 5372 (D:\workspace\myeclipse2018\yzy\yzzb\target\classes started by Administrator in D:\workspace\myeclipse2018\yzy)
2021-06-30 22:04:14.255 [main] INFO  com.yzy.YzzbApp - No active profile set, falling back to default profiles: default
2021-06-30 22:04:15.749 [main] INFO  org.springframework.boot.web.embedded.tomcat.TomcatWebServer - Tomcat initialized with port(s): 8080 (http)
2021-06-30 22:04:15.765 [main] INFO  org.apache.coyote.http11.Http11NioProtocol - Initializing ProtocolHandler ["http-nio-8080"]
2021-06-30 22:04:15.775 [main] INFO  org.apache.catalina.core.StandardService - Starting service [Tomcat]
2021-06-30 22:04:15.775 [main] INFO  org.apache.catalina.core.StandardEngine - Starting Servlet engine: [Apache Tomcat/9.0.16]
2021-06-30 22:04:15.781 [main] INFO  org.apache.catalina.core.AprLifecycleListener - The APR based Apache Tomcat Native library which allows optimal performance in production environments was not found on the java.library.path: [C:\Program Files\Java\jdk1.8.0_191\bin;C:\Windows\Sun\Java\bin;C:\Windows\system32;C:\Windows;C:\Program Files (x86)\Common Files\Oracle\Java\javapath;C:\Windows\system32;C:\Windows;C:\Windows\System32\Wbem;C:\Windows\System32\WindowsPowerShell\v1.0\;C:\Program Files (x86)\NVIDIA Corporation\PhysX\Common;C:\Program Files\NVIDIA Corporation\NVIDIA NvDLISR;D:\soft\ideaIU-2018.3.win\plugins\maven\lib\maven3\bin;D:\soft\mysql-5.7.23-winx64\bin;D:\soft\gradle-4.6\bin;C:\Program Files\TortoiseSVN\bin;D:\Program Files\Git\cmd;D:\Program Files\nodejs\;C:\Users\Administrator\PycharmProjects\pythonProject\venv\Scripts;D:\Program Files\python\Scripts\;D:\Program Files\python\;D:\Program Files\Fiddler;C:\Users\Administrator\AppData\Roaming\npm;.]
2021-06-30 22:04:15.913 [main] INFO  org.apache.catalina.core.ContainerBase.[Tomcat].[localhost].[/yzzb] - Initializing Spring embedded WebApplicationContext
2021-06-30 22:04:15.914 [main] INFO  org.springframework.web.context.ContextLoader - Root WebApplicationContext: initialization completed in 1558 ms
2021-06-30 22:04:16.554 [main] INFO  org.springframework.scheduling.concurrent.ThreadPoolTaskExecutor - Initializing ExecutorService 'applicationTaskExecutor'
2021-06-30 22:04:16.839 [main] INFO  org.apache.coyote.http11.Http11NioProtocol - Starting ProtocolHandler ["http-nio-8080"]
2021-06-30 22:04:16.866 [main] INFO  org.springframework.boot.web.embedded.tomcat.TomcatWebServer - Tomcat started on port(s): 8080 (http) with context path '/yzzb'
2021-06-30 22:04:16.870 [main] INFO  com.yzy.YzzbApp - Started YzzbApp in 3.648 seconds (JVM running for 4.699)
2021-06-30 22:04:19.276 [http-nio-8080-exec-1] INFO  org.apache.catalina.core.ContainerBase.[Tomcat].[localhost].[/yzzb] - Initializing Spring DispatcherServlet 'dispatcherServlet'
2021-06-30 22:04:19.276 [http-nio-8080-exec-1] INFO  org.springframework.web.servlet.DispatcherServlet - Initializing Servlet 'dispatcherServlet'
2021-06-30 22:04:19.286 [http-nio-8080-exec-1] INFO  org.springframework.web.servlet.DispatcherServlet - Completed initialization in 10 ms
2021-06-30 22:04:19.335 [http-nio-8080-exec-1] INFO  com.zaxxer.hikari.HikariDataSource - HikariPool-1 - Starting...
2021-06-30 22:04:20.481 [http-nio-8080-exec-1] INFO  com.zaxxer.hikari.HikariDataSource - HikariPool-1 - Start completed.
2021-06-30 22:06:15.595 [main] INFO  com.yzy.YzzbApp - Starting YzzbApp on USER-20190128FA with PID 7904 (D:\workspace\myeclipse2018\yzy\yzzb\target\classes started by Administrator in D:\workspace\myeclipse2018\yzy)
2021-06-30 22:06:15.595 [main] INFO  com.yzy.YzzbApp - No active profile set, falling back to default profiles: default
2021-06-30 22:06:18.037 [main] INFO  org.springframework.boot.web.embedded.tomcat.TomcatWebServer - Tomcat initialized with port(s): 8080 (http)
2021-06-30 22:06:18.058 [main] INFO  org.apache.coyote.http11.Http11NioProtocol - Initializing ProtocolHandler ["http-nio-8080"]
2021-06-30 22:06:18.072 [main] INFO  org.apache.catalina.core.StandardService - Starting service [Tomcat]
2021-06-30 22:06:18.073 [main] INFO  org.apache.catalina.core.StandardEngine - Starting Servlet engine: [Apache Tomcat/9.0.16]
2021-06-30 22:06:18.082 [main] INFO  org.apache.catalina.core.AprLifecycleListener - The APR based Apache Tomcat Native library which allows optimal performance in production environments was not found on the java.library.path: [C:\Program Files\Java\jdk1.8.0_191\bin;C:\Windows\Sun\Java\bin;C:\Windows\system32;C:\Windows;C:\Program Files (x86)\Common Files\Oracle\Java\javapath;C:\Windows\system32;C:\Windows;C:\Windows\System32\Wbem;C:\Windows\System32\WindowsPowerShell\v1.0\;C:\Program Files (x86)\NVIDIA Corporation\PhysX\Common;C:\Program Files\NVIDIA Corporation\NVIDIA NvDLISR;D:\soft\ideaIU-2018.3.win\plugins\maven\lib\maven3\bin;D:\soft\mysql-5.7.23-winx64\bin;D:\soft\gradle-4.6\bin;C:\Program Files\TortoiseSVN\bin;D:\Program Files\Git\cmd;D:\Program Files\nodejs\;C:\Users\Administrator\PycharmProjects\pythonProject\venv\Scripts;D:\Program Files\python\Scripts\;D:\Program Files\python\;D:\Program Files\Fiddler;C:\Users\Administrator\AppData\Roaming\npm;.]
2021-06-30 22:06:18.425 [main] INFO  org.apache.catalina.core.ContainerBase.[Tomcat].[localhost].[/yzzb] - Initializing Spring embedded WebApplicationContext
2021-06-30 22:06:18.426 [main] INFO  org.springframework.web.context.ContextLoader - Root WebApplicationContext: initialization completed in 2713 ms
2021-06-30 22:06:19.644 [main] INFO  org.springframework.scheduling.concurrent.ThreadPoolTaskExecutor - Initializing ExecutorService 'applicationTaskExecutor'
2021-06-30 22:06:19.935 [main] INFO  org.apache.coyote.http11.Http11NioProtocol - Starting ProtocolHandler ["http-nio-8080"]
2021-06-30 22:06:19.963 [main] INFO  org.springframework.boot.web.embedded.tomcat.TomcatWebServer - Tomcat started on port(s): 8080 (http) with context path '/yzzb'
2021-06-30 22:06:19.967 [main] INFO  com.yzy.YzzbApp - Started YzzbApp in 5.419 seconds (JVM running for 6.767)
2021-06-30 22:06:53.716 [http-nio-8080-exec-1] INFO  org.apache.catalina.core.ContainerBase.[Tomcat].[localhost].[/yzzb] - Initializing Spring DispatcherServlet 'dispatcherServlet'
2021-06-30 22:06:53.716 [http-nio-8080-exec-1] INFO  org.springframework.web.servlet.DispatcherServlet - Initializing Servlet 'dispatcherServlet'
2021-06-30 22:06:53.724 [http-nio-8080-exec-1] INFO  org.springframework.web.servlet.DispatcherServlet - Completed initialization in 8 ms
2021-06-30 22:06:53.916 [http-nio-8080-exec-4] INFO  com.zaxxer.hikari.HikariDataSource - HikariPool-1 - Starting...
2021-06-30 22:06:54.499 [http-nio-8080-exec-4] INFO  com.zaxxer.hikari.HikariDataSource - HikariPool-1 - Start completed.
2021-06-30 22:07:01.280 [http-nio-8080-exec-3] INFO  com.yzy.controller.YzzbEmployeeController - User(id=null, code=B6, name=王8, sex=0, state=1, stop=0, createTime=Wed Jun 30 22:07:00 CST 2021, updateTime=Wed Jun 30 22:07:00 CST 2021, username=null, password=null, phone=3243)
2021-06-30 22:07:01.281 [http-nio-8080-exec-3] INFO  com.yzy.controller.YzzbEmployeeController - User(id=null, code=B7, name=王9, sex=1, state=1, stop=0, createTime=Wed Jun 30 22:07:00 CST 2021, updateTime=Wed Jun 30 22:07:00 CST 2021, username=null, password=null, phone=3244)
2021-06-30 22:07:01.281 [http-nio-8080-exec-3] INFO  com.yzy.controller.YzzbEmployeeController - User(id=null, code=B8, name=王10, sex=0, state=1, stop=0, createTime=Wed Jun 30 22:07:00 CST 2021, updateTime=Wed Jun 30 22:07:00 CST 2021, username=null, password=null, phone=3245)
2021-06-30 22:07:01.282 [http-nio-8080-exec-3] INFO  com.yzy.controller.YzzbEmployeeController - User(id=null, code=B9, name=王11, sex=1, state=1, stop=0, createTime=Wed Jun 30 22:07:00 CST 2021, updateTime=Wed Jun 30 22:07:00 CST 2021, username=null, password=null, phone=3246)
2021-06-30 22:07:01.282 [http-nio-8080-exec-3] INFO  com.yzy.controller.YzzbEmployeeController - User(id=null, code=B10, name=王12, sex=0, state=1, stop=0, createTime=Wed Jun 30 22:07:00 CST 2021, updateTime=Wed Jun 30 22:07:00 CST 2021, username=null, password=null, phone=3247)
2021-06-30 22:07:01.282 [http-nio-8080-exec-3] INFO  com.yzy.controller.YzzbEmployeeController - User(id=null, code=B11, name=王13, sex=1, state=1, stop=0, createTime=Wed Jun 30 22:07:00 CST 2021, updateTime=Wed Jun 30 22:07:00 CST 2021, username=null, password=null, phone=3248)
2021-06-30 22:07:01.283 [http-nio-8080-exec-3] INFO  com.yzy.controller.YzzbEmployeeController - User(id=null, code=B12, name=王14, sex=0, state=1, stop=0, createTime=Wed Jun 30 22:07:00 CST 2021, updateTime=Wed Jun 30 22:07:00 CST 2021, username=null, password=null, phone=3249)
2021-06-30 22:07:01.283 [http-nio-8080-exec-3] INFO  com.yzy.controller.YzzbEmployeeController - User(id=null, code=B13, name=王15, sex=1, state=1, stop=0, createTime=Wed Jun 30 22:07:00 CST 2021, updateTime=Wed Jun 30 22:07:00 CST 2021, username=null, password=null, phone=3250)
2021-06-30 22:07:01.283 [http-nio-8080-exec-3] INFO  com.yzy.controller.YzzbEmployeeController - User(id=null, code=B14, name=王16, sex=0, state=1, stop=0, createTime=Wed Jun 30 22:07:00 CST 2021, updateTime=Wed Jun 30 22:07:00 CST 2021, username=null, password=null, phone=3251)
2021-06-30 22:07:01.283 [http-nio-8080-exec-3] INFO  com.yzy.controller.YzzbEmployeeController - User(id=null, code=B15, name=王17, sex=1, state=1, stop=0, createTime=Wed Jun 30 22:07:00 CST 2021, updateTime=Wed Jun 30 22:07:00 CST 2021, username=null, password=null, phone=3252)
2021-06-30 22:07:01.284 [http-nio-8080-exec-3] INFO  com.yzy.controller.YzzbEmployeeController - User(id=null, code=B16, name=王18, sex=0, state=1, stop=0, createTime=Wed Jun 30 22:07:00 CST 2021, updateTime=Wed Jun 30 22:07:00 CST 2021, username=null, password=null, phone=3253)
2021-06-30 22:07:01.285 [http-nio-8080-exec-3] INFO  com.yzy.controller.YzzbEmployeeController - User(id=null, code=B17, name=王19, sex=1, state=1, stop=0, createTime=Wed Jun 30 22:07:00 CST 2021, updateTime=Wed Jun 30 22:07:00 CST 2021, username=null, password=null, phone=3254)
2021-06-30 22:07:01.285 [http-nio-8080-exec-3] INFO  com.yzy.controller.YzzbEmployeeController - User(id=null, code=B18, name=王20, sex=0, state=1, stop=0, createTime=Wed Jun 30 22:07:00 CST 2021, updateTime=Wed Jun 30 22:07:00 CST 2021, username=null, password=null, phone=3255)
2021-06-30 22:07:01.285 [http-nio-8080-exec-3] INFO  com.yzy.controller.YzzbEmployeeController - User(id=null, code=B19, name=王21, sex=1, state=1, stop=0, createTime=Wed Jun 30 22:07:00 CST 2021, updateTime=Wed Jun 30 22:07:00 CST 2021, username=null, password=null, phone=3256)
2021-06-30 22:07:01.286 [http-nio-8080-exec-3] INFO  com.yzy.controller.YzzbEmployeeController - User(id=null, code=B20, name=王22, sex=0, state=1, stop=0, createTime=Wed Jun 30 22:07:00 CST 2021, updateTime=Wed Jun 30 22:07:00 CST 2021, username=null, password=null, phone=3257)
2021-06-30 22:07:01.286 [http-nio-8080-exec-3] INFO  com.yzy.controller.YzzbEmployeeController - User(id=null, code=B21, name=王23, sex=1, state=1, stop=0, createTime=Wed Jun 30 22:07:00 CST 2021, updateTime=Wed Jun 30 22:07:00 CST 2021, username=null, password=null, phone=3258)
2021-06-30 22:07:01.286 [http-nio-8080-exec-3] INFO  com.yzy.controller.YzzbEmployeeController - User(id=null, code=B22, name=王24, sex=0, state=1, stop=0, createTime=Wed Jun 30 22:07:00 CST 2021, updateTime=Wed Jun 30 22:07:00 CST 2021, username=null, password=null, phone=3259)
2021-06-30 22:07:01.286 [http-nio-8080-exec-3] INFO  com.yzy.controller.YzzbEmployeeController - User(id=null, code=B23, name=王25, sex=1, state=1, stop=0, createTime=Wed Jun 30 22:07:00 CST 2021, updateTime=Wed Jun 30 22:07:00 CST 2021, username=null, password=null, phone=3260)
2021-06-30 22:07:01.287 [http-nio-8080-exec-3] INFO  com.yzy.controller.YzzbEmployeeController - User(id=null, code=B24, name=王26, sex=0, state=1, stop=0, createTime=Wed Jun 30 22:07:00 CST 2021, updateTime=Wed Jun 30 22:07:00 CST 2021, username=null, password=null, phone=3261)
2021-06-30 22:07:01.287 [http-nio-8080-exec-3] INFO  com.yzy.controller.YzzbEmployeeController - User(id=null, code=B25, name=王27, sex=1, state=1, stop=0, createTime=Wed Jun 30 22:07:00 CST 2021, updateTime=Wed Jun 30 22:07:00 CST 2021, username=null, password=null, phone=3262)
2021-06-30 22:07:01.287 [http-nio-8080-exec-3] INFO  com.yzy.controller.YzzbEmployeeController - User(id=null, code=B26, name=王28, sex=0, state=1, stop=0, createTime=Wed Jun 30 22:07:00 CST 2021, updateTime=Wed Jun 30 22:07:00 CST 2021, username=null, password=null, phone=3263)
2021-06-30 22:07:01.287 [http-nio-8080-exec-3] INFO  com.yzy.controller.YzzbEmployeeController - User(id=null, code=B27, name=王29, sex=1, state=1, stop=0, createTime=Wed Jun 30 22:07:00 CST 2021, updateTime=Wed Jun 30 22:07:00 CST 2021, username=null, password=null, phone=3264)
2021-06-30 22:07:01.287 [http-nio-8080-exec-3] INFO  com.yzy.controller.YzzbEmployeeController - User(id=null, code=B28, name=王30, sex=0, state=1, stop=0, createTime=Wed Jun 30 22:07:00 CST 2021, updateTime=Wed Jun 30 22:07:00 CST 2021, username=null, password=null, phone=3265)
2021-06-30 22:07:01.288 [http-nio-8080-exec-3] INFO  com.yzy.controller.YzzbEmployeeController - User(id=null, code=B29, name=王31, sex=1, state=1, stop=0, createTime=Wed Jun 30 22:07:00 CST 2021, updateTime=Wed Jun 30 22:07:00 CST 2021, username=null, password=null, phone=3266)
2021-06-30 22:07:01.288 [http-nio-8080-exec-3] INFO  com.yzy.controller.YzzbEmployeeController - User(id=null, code=B30, name=王32, sex=0, state=1, stop=0, createTime=Wed Jun 30 22:07:00 CST 2021, updateTime=Wed Jun 30 22:07:00 CST 2021, username=null, password=null, phone=3267)
2021-06-30 22:07:01.288 [http-nio-8080-exec-3] INFO  com.yzy.controller.YzzbEmployeeController - User(id=null, code=B31, name=王33, sex=1, state=1, stop=0, createTime=Wed Jun 30 22:07:00 CST 2021, updateTime=Wed Jun 30 22:07:00 CST 2021, username=null, password=null, phone=3268)
2021-06-30 22:07:01.288 [http-nio-8080-exec-3] INFO  com.yzy.controller.YzzbEmployeeController - User(id=null, code=B32, name=王34, sex=0, state=1, stop=0, createTime=Wed Jun 30 22:07:00 CST 2021, updateTime=Wed Jun 30 22:07:00 CST 2021, username=null, password=null, phone=3269)
2021-06-30 22:07:01.289 [http-nio-8080-exec-3] INFO  com.yzy.controller.YzzbEmployeeController - User(id=null, code=B33, name=王35, sex=1, state=1, stop=0, createTime=Wed Jun 30 22:07:00 CST 2021, updateTime=Wed Jun 30 22:07:00 CST 2021, username=null, password=null, phone=3270)
2021-06-30 22:07:01.289 [http-nio-8080-exec-3] INFO  com.yzy.controller.YzzbEmployeeController - User(id=null, code=B34, name=王36, sex=0, state=1, stop=0, createTime=Wed Jun 30 22:07:00 CST 2021, updateTime=Wed Jun 30 22:07:00 CST 2021, username=null, password=null, phone=3271)
2021-06-30 22:07:01.289 [http-nio-8080-exec-3] INFO  com.yzy.controller.YzzbEmployeeController - User(id=null, code=B35, name=王37, sex=1, state=1, stop=0, createTime=Wed Jun 30 22:07:00 CST 2021, updateTime=Wed Jun 30 22:07:00 CST 2021, username=null, password=null, phone=3272)
2021-06-30 22:07:01.289 [http-nio-8080-exec-3] INFO  com.yzy.controller.YzzbEmployeeController - User(id=null, code=B36, name=王38, sex=0, state=1, stop=0, createTime=Wed Jun 30 22:07:00 CST 2021, updateTime=Wed Jun 30 22:07:00 CST 2021, username=null, password=null, phone=3273)
2021-06-30 22:07:01.290 [http-nio-8080-exec-3] INFO  com.yzy.controller.YzzbEmployeeController - User(id=null, code=B37, name=王39, sex=1, state=1, stop=0, createTime=Wed Jun 30 22:07:00 CST 2021, updateTime=Wed Jun 30 22:07:00 CST 2021, username=null, password=null, phone=3274)
2021-06-30 22:07:01.290 [http-nio-8080-exec-3] INFO  com.yzy.controller.YzzbEmployeeController - User(id=null, code=B38, name=王40, sex=0, state=1, stop=0, createTime=Wed Jun 30 22:07:00 CST 2021, updateTime=Wed Jun 30 22:07:00 CST 2021, username=null, password=null, phone=3275)
2021-06-30 22:07:01.290 [http-nio-8080-exec-3] INFO  com.yzy.controller.YzzbEmployeeController - User(id=null, code=B39, name=王41, sex=1, state=1, stop=0, createTime=Wed Jun 30 22:07:00 CST 2021, updateTime=Wed Jun 30 22:07:00 CST 2021, username=null, password=null, phone=3276)
2021-06-30 22:07:01.290 [http-nio-8080-exec-3] INFO  com.yzy.controller.YzzbEmployeeController - User(id=null, code=B40, name=王42, sex=0, state=1, stop=0, createTime=Wed Jun 30 22:07:00 CST 2021, updateTime=Wed Jun 30 22:07:00 CST 2021, username=null, password=null, phone=3277)
2021-06-30 22:07:01.290 [http-nio-8080-exec-3] INFO  com.yzy.controller.YzzbEmployeeController - User(id=null, code=B41, name=王43, sex=1, state=1, stop=0, createTime=Wed Jun 30 22:07:00 CST 2021, updateTime=Wed Jun 30 22:07:00 CST 2021, username=null, password=null, phone=3278)
2021-06-30 22:07:01.290 [http-nio-8080-exec-3] INFO  com.yzy.controller.YzzbEmployeeController - User(id=null, code=B42, name=王44, sex=0, state=1, stop=0, createTime=Wed Jun 30 22:07:00 CST 2021, updateTime=Wed Jun 30 22:07:00 CST 2021, username=null, password=null, phone=3279)
2021-06-30 22:07:01.290 [http-nio-8080-exec-3] INFO  com.yzy.controller.YzzbEmployeeController - User(id=null, code=B43, name=王45, sex=1, state=1, stop=0, createTime=Wed Jun 30 22:07:00 CST 2021, updateTime=Wed Jun 30 22:07:00 CST 2021, username=null, password=null, phone=3280)
2021-06-30 22:07:01.291 [http-nio-8080-exec-3] INFO  com.yzy.controller.YzzbEmployeeController - User(id=null, code=B44, name=王46, sex=0, state=1, stop=0, createTime=Wed Jun 30 22:07:00 CST 2021, updateTime=Wed Jun 30 22:07:00 CST 2021, username=null, password=null, phone=3281)
2021-06-30 22:07:01.291 [http-nio-8080-exec-3] INFO  com.yzy.controller.YzzbEmployeeController - User(id=null, code=B45, name=王47, sex=1, state=1, stop=0, createTime=Wed Jun 30 22:07:00 CST 2021, updateTime=Wed Jun 30 22:07:00 CST 2021, username=null, password=null, phone=3282)
2021-06-30 22:07:01.291 [http-nio-8080-exec-3] INFO  com.yzy.controller.YzzbEmployeeController - User(id=null, code=B46, name=王48, sex=0, state=1, stop=0, createTime=Wed Jun 30 22:07:00 CST 2021, updateTime=Wed Jun 30 22:07:00 CST 2021, username=null, password=null, phone=3283)
2021-06-30 22:07:01.291 [http-nio-8080-exec-3] INFO  com.yzy.controller.YzzbEmployeeController - User(id=null, code=B47, name=王49, sex=1, state=1, stop=0, createTime=Wed Jun 30 22:07:00 CST 2021, updateTime=Wed Jun 30 22:07:00 CST 2021, username=null, password=null, phone=3284)
2021-06-30 22:07:01.291 [http-nio-8080-exec-3] INFO  com.yzy.controller.YzzbEmployeeController - User(id=null, code=B48, name=王50, sex=0, state=1, stop=0, createTime=Wed Jun 30 22:07:00 CST 2021, updateTime=Wed Jun 30 22:07:00 CST 2021, username=null, password=null, phone=3285)
2021-06-30 22:07:01.291 [http-nio-8080-exec-3] INFO  com.yzy.controller.YzzbEmployeeController - User(id=null, code=B49, name=王51, sex=1, state=1, stop=0, createTime=Wed Jun 30 22:07:00 CST 2021, updateTime=Wed Jun 30 22:07:00 CST 2021, username=null, password=null, phone=3286)
2021-06-30 22:07:01.292 [http-nio-8080-exec-3] INFO  com.yzy.controller.YzzbEmployeeController - User(id=null, code=B50, name=王52, sex=0, state=1, stop=0, createTime=Wed Jun 30 22:07:00 CST 2021, updateTime=Wed Jun 30 22:07:00 CST 2021, username=null, password=null, phone=3287)
2021-06-30 22:07:01.292 [http-nio-8080-exec-3] INFO  com.yzy.controller.YzzbEmployeeController - User(id=null, code=B51, name=王53, sex=1, state=1, stop=0, createTime=Wed Jun 30 22:07:00 CST 2021, updateTime=Wed Jun 30 22:07:00 CST 2021, username=null, password=null, phone=3288)
2021-06-30 22:07:01.292 [http-nio-8080-exec-3] INFO  com.yzy.controller.YzzbEmployeeController - User(id=null, code=B52, name=王54, sex=0, state=1, stop=0, createTime=Wed Jun 30 22:07:00 CST 2021, updateTime=Wed Jun 30 22:07:00 CST 2021, username=null, password=null, phone=3289)
2021-06-30 22:07:01.292 [http-nio-8080-exec-3] INFO  com.yzy.controller.YzzbEmployeeController - User(id=null, code=B53, name=王55, sex=1, state=1, stop=0, createTime=Wed Jun 30 22:07:00 CST 2021, updateTime=Wed Jun 30 22:07:00 CST 2021, username=null, password=null, phone=3290)
2021-06-30 22:07:01.292 [http-nio-8080-exec-3] INFO  com.yzy.controller.YzzbEmployeeController - User(id=null, code=B54, name=王56, sex=0, state=1, stop=0, createTime=Wed Jun 30 22:07:00 CST 2021, updateTime=Wed Jun 30 22:07:00 CST 2021, username=null, password=null, phone=3291)
2021-06-30 22:07:01.293 [http-nio-8080-exec-3] INFO  com.yzy.controller.YzzbEmployeeController - User(id=null, code=B55, name=王57, sex=1, state=1, stop=0, createTime=Wed Jun 30 22:07:00 CST 2021, updateTime=Wed Jun 30 22:07:00 CST 2021, username=null, password=null, phone=3292)
2021-06-30 22:07:01.293 [http-nio-8080-exec-3] INFO  com.yzy.controller.YzzbEmployeeController - User(id=null, code=B56, name=王58, sex=0, state=1, stop=0, createTime=Wed Jun 30 22:07:00 CST 2021, updateTime=Wed Jun 30 22:07:00 CST 2021, username=null, password=null, phone=3293)
2021-06-30 22:07:01.293 [http-nio-8080-exec-3] INFO  com.yzy.controller.YzzbEmployeeController - User(id=null, code=B57, name=王59, sex=1, state=1, stop=0, createTime=Wed Jun 30 22:07:00 CST 2021, updateTime=Wed Jun 30 22:07:00 CST 2021, username=null, password=null, phone=3294)
2021-06-30 22:07:01.293 [http-nio-8080-exec-3] INFO  com.yzy.controller.YzzbEmployeeController - User(id=null, code=B58, name=王60, sex=0, state=1, stop=0, createTime=Wed Jun 30 22:07:00 CST 2021, updateTime=Wed Jun 30 22:07:00 CST 2021, username=null, password=null, phone=3295)
2021-06-30 22:07:01.293 [http-nio-8080-exec-3] INFO  com.yzy.controller.YzzbEmployeeController - User(id=null, code=B59, name=王61, sex=1, state=1, stop=0, createTime=Wed Jun 30 22:07:00 CST 2021, updateTime=Wed Jun 30 22:07:00 CST 2021, username=null, password=null, phone=3296)
2021-06-30 22:07:01.293 [http-nio-8080-exec-3] INFO  com.yzy.controller.YzzbEmployeeController - User(id=null, code=B60, name=王62, sex=0, state=1, stop=0, createTime=Wed Jun 30 22:07:00 CST 2021, updateTime=Wed Jun 30 22:07:00 CST 2021, username=null, password=null, phone=3297)
2021-06-30 22:07:01.294 [http-nio-8080-exec-3] INFO  com.yzy.controller.YzzbEmployeeController - User(id=null, code=B61, name=王63, sex=1, state=1, stop=0, createTime=Wed Jun 30 22:07:00 CST 2021, updateTime=Wed Jun 30 22:07:00 CST 2021, username=null, password=null, phone=3298)
2021-06-30 22:07:01.294 [http-nio-8080-exec-3] INFO  com.yzy.controller.YzzbEmployeeController - User(id=null, code=B62, name=王64, sex=0, state=1, stop=0, createTime=Wed Jun 30 22:07:00 CST 2021, updateTime=Wed Jun 30 22:07:00 CST 2021, username=null, password=null, phone=3299)
2021-06-30 22:07:01.294 [http-nio-8080-exec-3] INFO  com.yzy.controller.YzzbEmployeeController - User(id=null, code=B63, name=王65, sex=1, state=1, stop=0, createTime=Wed Jun 30 22:07:00 CST 2021, updateTime=Wed Jun 30 22:07:00 CST 2021, username=null, password=null, phone=3300)
2021-06-30 22:07:01.294 [http-nio-8080-exec-3] INFO  com.yzy.controller.YzzbEmployeeController - User(id=null, code=B64, name=王66, sex=0, state=1, stop=0, createTime=Wed Jun 30 22:07:00 CST 2021, updateTime=Wed Jun 30 22:07:00 CST 2021, username=null, password=null, phone=3301)
2021-06-30 22:07:01.294 [http-nio-8080-exec-3] INFO  com.yzy.controller.YzzbEmployeeController - User(id=null, code=B65, name=王67, sex=1, state=1, stop=0, createTime=Wed Jun 30 22:07:00 CST 2021, updateTime=Wed Jun 30 22:07:00 CST 2021, username=null, password=null, phone=3302)
2021-06-30 22:07:01.295 [http-nio-8080-exec-3] INFO  com.yzy.controller.YzzbEmployeeController - User(id=null, code=B66, name=王68, sex=0, state=1, stop=0, createTime=Wed Jun 30 22:07:00 CST 2021, updateTime=Wed Jun 30 22:07:00 CST 2021, username=null, password=null, phone=3303)
2021-06-30 22:07:01.295 [http-nio-8080-exec-3] INFO  com.yzy.controller.YzzbEmployeeController - User(id=null, code=B67, name=王69, sex=1, state=1, stop=0, createTime=Wed Jun 30 22:07:00 CST 2021, updateTime=Wed Jun 30 22:07:00 CST 2021, username=null, password=null, phone=3304)
2021-06-30 22:07:01.295 [http-nio-8080-exec-3] INFO  com.yzy.controller.YzzbEmployeeController - User(id=null, code=B68, name=王70, sex=0, state=1, stop=0, createTime=Wed Jun 30 22:07:00 CST 2021, updateTime=Wed Jun 30 22:07:00 CST 2021, username=null, password=null, phone=3305)
2021-06-30 22:07:01.295 [http-nio-8080-exec-3] INFO  com.yzy.controller.YzzbEmployeeController - User(id=null, code=B69, name=王71, sex=1, state=1, stop=0, createTime=Wed Jun 30 22:07:00 CST 2021, updateTime=Wed Jun 30 22:07:00 CST 2021, username=null, password=null, phone=3306)
2021-06-30 22:07:01.296 [http-nio-8080-exec-3] INFO  com.yzy.controller.YzzbEmployeeController - User(id=null, code=B70, name=王72, sex=0, state=1, stop=0, createTime=Wed Jun 30 22:07:00 CST 2021, updateTime=Wed Jun 30 22:07:00 CST 2021, username=null, password=null, phone=3307)
2021-06-30 22:07:01.296 [http-nio-8080-exec-3] INFO  com.yzy.controller.YzzbEmployeeController - User(id=null, code=B71, name=王73, sex=1, state=1, stop=0, createTime=Wed Jun 30 22:07:00 CST 2021, updateTime=Wed Jun 30 22:07:00 CST 2021, username=null, password=null, phone=3308)
2021-06-30 22:07:01.296 [http-nio-8080-exec-3] INFO  com.yzy.controller.YzzbEmployeeController - User(id=null, code=B72, name=王74, sex=0, state=1, stop=0, createTime=Wed Jun 30 22:07:00 CST 2021, updateTime=Wed Jun 30 22:07:00 CST 2021, username=null, password=null, phone=3309)
2021-06-30 22:07:01.296 [http-nio-8080-exec-3] INFO  com.yzy.controller.YzzbEmployeeController - User(id=null, code=B73, name=王75, sex=1, state=1, stop=0, createTime=Wed Jun 30 22:07:00 CST 2021, updateTime=Wed Jun 30 22:07:00 CST 2021, username=null, password=null, phone=3310)
2021-06-30 22:07:01.296 [http-nio-8080-exec-3] INFO  com.yzy.controller.YzzbEmployeeController - User(id=null, code=B74, name=王76, sex=0, state=1, stop=0, createTime=Wed Jun 30 22:07:00 CST 2021, updateTime=Wed Jun 30 22:07:00 CST 2021, username=null, password=null, phone=3311)
2021-06-30 22:07:01.296 [http-nio-8080-exec-3] INFO  com.yzy.controller.YzzbEmployeeController - User(id=null, code=B75, name=王77, sex=1, state=1, stop=0, createTime=Wed Jun 30 22:07:00 CST 2021, updateTime=Wed Jun 30 22:07:00 CST 2021, username=null, password=null, phone=3312)
2021-06-30 22:07:01.296 [http-nio-8080-exec-3] INFO  com.yzy.controller.YzzbEmployeeController - User(id=null, code=B76, name=王78, sex=0, state=1, stop=0, createTime=Wed Jun 30 22:07:00 CST 2021, updateTime=Wed Jun 30 22:07:00 CST 2021, username=null, password=null, phone=3313)
2021-06-30 22:07:01.297 [http-nio-8080-exec-3] INFO  com.yzy.controller.YzzbEmployeeController - User(id=null, code=B77, name=王79, sex=1, state=1, stop=0, createTime=Wed Jun 30 22:07:00 CST 2021, updateTime=Wed Jun 30 22:07:00 CST 2021, username=null, password=null, phone=3314)
2021-06-30 22:07:01.297 [http-nio-8080-exec-3] INFO  com.yzy.controller.YzzbEmployeeController - User(id=null, code=B78, name=王80, sex=0, state=1, stop=0, createTime=Wed Jun 30 22:07:00 CST 2021, updateTime=Wed Jun 30 22:07:00 CST 2021, username=null, password=null, phone=3315)
2021-06-30 22:07:01.297 [http-nio-8080-exec-3] INFO  com.yzy.controller.YzzbEmployeeController - User(id=null, code=B79, name=王81, sex=1, state=1, stop=0, createTime=Wed Jun 30 22:07:00 CST 2021, updateTime=Wed Jun 30 22:07:00 CST 2021, username=null, password=null, phone=3316)
2021-06-30 22:07:01.297 [http-nio-8080-exec-3] INFO  com.yzy.controller.YzzbEmployeeController - User(id=null, code=B80, name=王82, sex=0, state=1, stop=0, createTime=Wed Jun 30 22:07:00 CST 2021, updateTime=Wed Jun 30 22:07:00 CST 2021, username=null, password=null, phone=3317)
2021-06-30 22:07:01.297 [http-nio-8080-exec-3] INFO  com.yzy.controller.YzzbEmployeeController - User(id=null, code=B81, name=王83, sex=1, state=1, stop=0, createTime=Wed Jun 30 22:07:00 CST 2021, updateTime=Wed Jun 30 22:07:00 CST 2021, username=null, password=null, phone=3318)
2021-06-30 22:07:01.297 [http-nio-8080-exec-3] INFO  com.yzy.controller.YzzbEmployeeController - User(id=null, code=B82, name=王84, sex=0, state=1, stop=0, createTime=Wed Jun 30 22:07:00 CST 2021, updateTime=Wed Jun 30 22:07:00 CST 2021, username=null, password=null, phone=3319)
2021-06-30 22:07:01.297 [http-nio-8080-exec-3] INFO  com.yzy.controller.YzzbEmployeeController - User(id=null, code=B83, name=王85, sex=1, state=1, stop=0, createTime=Wed Jun 30 22:07:00 CST 2021, updateTime=Wed Jun 30 22:07:00 CST 2021, username=null, password=null, phone=3320)
2021-06-30 22:07:01.298 [http-nio-8080-exec-3] INFO  com.yzy.controller.YzzbEmployeeController - User(id=null, code=B84, name=王86, sex=0, state=1, stop=0, createTime=Wed Jun 30 22:07:00 CST 2021, updateTime=Wed Jun 30 22:07:00 CST 2021, username=null, password=null, phone=3321)
2021-06-30 22:07:01.298 [http-nio-8080-exec-3] INFO  com.yzy.controller.YzzbEmployeeController - User(id=null, code=B85, name=王87, sex=1, state=1, stop=0, createTime=Wed Jun 30 22:07:00 CST 2021, updateTime=Wed Jun 30 22:07:00 CST 2021, username=null, password=null, phone=3322)
2021-06-30 22:07:01.298 [http-nio-8080-exec-3] INFO  com.yzy.controller.YzzbEmployeeController - User(id=null, code=B86, name=王88, sex=0, state=1, stop=0, createTime=Wed Jun 30 22:07:00 CST 2021, updateTime=Wed Jun 30 22:07:00 CST 2021, username=null, password=null, phone=3323)
2021-06-30 22:07:01.298 [http-nio-8080-exec-3] INFO  com.yzy.controller.YzzbEmployeeController - User(id=null, code=B87, name=王89, sex=1, state=1, stop=0, createTime=Wed Jun 30 22:07:00 CST 2021, updateTime=Wed Jun 30 22:07:00 CST 2021, username=null, password=null, phone=3324)
2021-06-30 22:07:01.298 [http-nio-8080-exec-3] INFO  com.yzy.controller.YzzbEmployeeController - User(id=null, code=B88, name=王90, sex=0, state=1, stop=0, createTime=Wed Jun 30 22:07:00 CST 2021, updateTime=Wed Jun 30 22:07:00 CST 2021, username=null, password=null, phone=3325)
2021-06-30 22:07:01.298 [http-nio-8080-exec-3] INFO  com.yzy.controller.YzzbEmployeeController - User(id=null, code=B89, name=王91, sex=1, state=1, stop=0, createTime=Wed Jun 30 22:07:00 CST 2021, updateTime=Wed Jun 30 22:07:00 CST 2021, username=null, password=null, phone=3326)
2021-06-30 22:07:01.298 [http-nio-8080-exec-3] INFO  com.yzy.controller.YzzbEmployeeController - User(id=null, code=B90, name=王92, sex=0, state=1, stop=0, createTime=Wed Jun 30 22:07:00 CST 2021, updateTime=Wed Jun 30 22:07:00 CST 2021, username=null, password=null, phone=3327)
2021-06-30 22:07:01.298 [http-nio-8080-exec-3] INFO  com.yzy.controller.YzzbEmployeeController - User(id=null, code=B91, name=王93, sex=1, state=1, stop=0, createTime=Wed Jun 30 22:07:00 CST 2021, updateTime=Wed Jun 30 22:07:00 CST 2021, username=null, password=null, phone=3328)
2021-06-30 22:07:01.298 [http-nio-8080-exec-3] INFO  com.yzy.controller.YzzbEmployeeController - User(id=null, code=B92, name=王94, sex=0, state=1, stop=0, createTime=Wed Jun 30 22:07:00 CST 2021, updateTime=Wed Jun 30 22:07:00 CST 2021, username=null, password=null, phone=3329)
2021-06-30 22:07:01.300 [http-nio-8080-exec-3] INFO  com.yzy.controller.YzzbEmployeeController - User(id=null, code=B93, name=王95, sex=1, state=1, stop=0, createTime=Wed Jun 30 22:07:00 CST 2021, updateTime=Wed Jun 30 22:07:00 CST 2021, username=null, password=null, phone=3330)
2021-06-30 22:07:01.300 [http-nio-8080-exec-3] INFO  com.yzy.controller.YzzbEmployeeController - User(id=null, code=B94, name=王96, sex=0, state=1, stop=0, createTime=Wed Jun 30 22:07:00 CST 2021, updateTime=Wed Jun 30 22:07:00 CST 2021, username=null, password=null, phone=3331)
2021-06-30 22:07:01.300 [http-nio-8080-exec-3] INFO  com.yzy.controller.YzzbEmployeeController - User(id=null, code=B95, name=王97, sex=1, state=1, stop=0, createTime=Wed Jun 30 22:07:00 CST 2021, updateTime=Wed Jun 30 22:07:00 CST 2021, username=null, password=null, phone=3332)
2021-06-30 22:07:01.300 [http-nio-8080-exec-3] INFO  com.yzy.controller.YzzbEmployeeController - User(id=null, code=B96, name=王98, sex=0, state=1, stop=0, createTime=Wed Jun 30 22:07:00 CST 2021, updateTime=Wed Jun 30 22:07:00 CST 2021, username=null, password=null, phone=3333)
2021-06-30 22:07:01.300 [http-nio-8080-exec-3] INFO  com.yzy.controller.YzzbEmployeeController - User(id=null, code=B97, name=王99, sex=1, state=1, stop=0, createTime=Wed Jun 30 22:07:00 CST 2021, updateTime=Wed Jun 30 22:07:00 CST 2021, username=null, password=null, phone=3334)
2021-06-30 22:07:01.300 [http-nio-8080-exec-3] INFO  com.yzy.controller.YzzbEmployeeController - User(id=null, code=B98, name=王100, sex=0, state=1, stop=0, createTime=Wed Jun 30 22:07:00 CST 2021, updateTime=Wed Jun 30 22:07:00 CST 2021, username=null, password=null, phone=3335)
2021-06-30 22:07:01.301 [http-nio-8080-exec-3] INFO  com.yzy.controller.YzzbEmployeeController - User(id=null, code=B99, name=王101, sex=1, state=1, stop=0, createTime=Wed Jun 30 22:07:00 CST 2021, updateTime=Wed Jun 30 22:07:00 CST 2021, username=null, password=null, phone=3336)
2021-06-30 22:07:01.301 [http-nio-8080-exec-3] INFO  com.yzy.controller.YzzbEmployeeController - User(id=null, code=B100, name=王102, sex=0, state=1, stop=0, createTime=Wed Jun 30 22:07:00 CST 2021, updateTime=Wed Jun 30 22:07:00 CST 2021, username=null, password=null, phone=3337)
2021-06-30 22:28:56.392 [main] INFO  com.yzy.YzzbApp - Starting YzzbApp on USER-20190128FA with PID 2120 (D:\workspace\myeclipse2018\yzy\yzzb\target\classes started by Administrator in D:\workspace\myeclipse2018\yzy)
2021-06-30 22:28:56.392 [main] INFO  com.yzy.YzzbApp - No active profile set, falling back to default profiles: default
2021-06-30 22:28:57.730 [main] INFO  org.springframework.boot.web.embedded.tomcat.TomcatWebServer - Tomcat initialized with port(s): 8080 (http)
2021-06-30 22:28:57.759 [main] INFO  org.apache.coyote.http11.Http11NioProtocol - Initializing ProtocolHandler ["http-nio-8080"]
2021-06-30 22:28:57.772 [main] INFO  org.apache.catalina.core.StandardService - Starting service [Tomcat]
2021-06-30 22:28:57.774 [main] INFO  org.apache.catalina.core.StandardEngine - Starting Servlet engine: [Apache Tomcat/9.0.16]
2021-06-30 22:28:57.788 [main] INFO  org.apache.catalina.core.AprLifecycleListener - The APR based Apache Tomcat Native library which allows optimal performance in production environments was not found on the java.library.path: [C:\Program Files\Java\jdk1.8.0_191\bin;C:\Windows\Sun\Java\bin;C:\Windows\system32;C:\Windows;C:\Program Files (x86)\Common Files\Oracle\Java\javapath;C:\Windows\system32;C:\Windows;C:\Windows\System32\Wbem;C:\Windows\System32\WindowsPowerShell\v1.0\;C:\Program Files (x86)\NVIDIA Corporation\PhysX\Common;C:\Program Files\NVIDIA Corporation\NVIDIA NvDLISR;D:\soft\ideaIU-2018.3.win\plugins\maven\lib\maven3\bin;D:\soft\mysql-5.7.23-winx64\bin;D:\soft\gradle-4.6\bin;C:\Program Files\TortoiseSVN\bin;D:\Program Files\Git\cmd;D:\Program Files\nodejs\;C:\Users\Administrator\PycharmProjects\pythonProject\venv\Scripts;D:\Program Files\python\Scripts\;D:\Program Files\python\;D:\Program Files\Fiddler;C:\Users\Administrator\AppData\Roaming\npm;.]
2021-06-30 22:28:58.007 [main] INFO  org.apache.catalina.core.ContainerBase.[Tomcat].[localhost].[/yzzb] - Initializing Spring embedded WebApplicationContext
2021-06-30 22:28:58.008 [main] INFO  org.springframework.web.context.ContextLoader - Root WebApplicationContext: initialization completed in 1564 ms
2021-06-30 22:28:58.860 [main] INFO  org.springframework.scheduling.concurrent.ThreadPoolTaskExecutor - Initializing ExecutorService 'applicationTaskExecutor'
2021-06-30 22:28:59.096 [main] INFO  org.apache.coyote.http11.Http11NioProtocol - Starting ProtocolHandler ["http-nio-8080"]
2021-06-30 22:28:59.117 [main] INFO  org.springframework.boot.web.embedded.tomcat.TomcatWebServer - Tomcat started on port(s): 8080 (http) with context path '/yzzb'
2021-06-30 22:28:59.120 [main] INFO  com.yzy.YzzbApp - Started YzzbApp in 3.939 seconds (JVM running for 5.156)
2021-06-30 22:29:12.686 [http-nio-8080-exec-1] INFO  org.apache.catalina.core.ContainerBase.[Tomcat].[localhost].[/yzzb] - Initializing Spring DispatcherServlet 'dispatcherServlet'
2021-06-30 22:29:12.686 [http-nio-8080-exec-1] INFO  org.springframework.web.servlet.DispatcherServlet - Initializing Servlet 'dispatcherServlet'
2021-06-30 22:29:12.692 [http-nio-8080-exec-1] INFO  org.springframework.web.servlet.DispatcherServlet - Completed initialization in 6 ms
2021-06-30 22:29:13.092 [http-nio-8080-exec-1] INFO  com.yzy.controller.YzzbEmployeeController - User(id=null, code=B6, name=王8, sex=0, state=1, stop=0, createTime=Wed Jun 30 22:29:12 CST 2021, updateTime=Wed Jun 30 22:29:12 CST 2021, username=null, password=null, phone=3243)
2021-06-30 22:29:13.093 [http-nio-8080-exec-1] INFO  com.yzy.controller.YzzbEmployeeController - User(id=null, code=B7, name=王9, sex=1, state=1, stop=0, createTime=Wed Jun 30 22:29:12 CST 2021, updateTime=Wed Jun 30 22:29:12 CST 2021, username=null, password=null, phone=3244)
2021-06-30 22:29:13.093 [http-nio-8080-exec-1] INFO  com.yzy.controller.YzzbEmployeeController - User(id=null, code=B8, name=王10, sex=0, state=1, stop=0, createTime=Wed Jun 30 22:29:12 CST 2021, updateTime=Wed Jun 30 22:29:12 CST 2021, username=null, password=null, phone=3245)
2021-06-30 22:29:13.094 [http-nio-8080-exec-1] INFO  com.yzy.controller.YzzbEmployeeController - User(id=null, code=B9, name=王11, sex=1, state=1, stop=0, createTime=Wed Jun 30 22:29:12 CST 2021, updateTime=Wed Jun 30 22:29:12 CST 2021, username=null, password=null, phone=3246)
2021-06-30 22:29:13.094 [http-nio-8080-exec-1] INFO  com.yzy.controller.YzzbEmployeeController - User(id=null, code=B10, name=王12, sex=0, state=1, stop=0, createTime=Wed Jun 30 22:29:12 CST 2021, updateTime=Wed Jun 30 22:29:12 CST 2021, username=null, password=null, phone=3247)
2021-06-30 22:29:13.094 [http-nio-8080-exec-1] INFO  com.yzy.controller.YzzbEmployeeController - User(id=null, code=B11, name=王13, sex=1, state=1, stop=0, createTime=Wed Jun 30 22:29:12 CST 2021, updateTime=Wed Jun 30 22:29:12 CST 2021, username=null, password=null, phone=3248)
2021-06-30 22:29:13.095 [http-nio-8080-exec-1] INFO  com.yzy.controller.YzzbEmployeeController - User(id=null, code=B12, name=王14, sex=0, state=1, stop=0, createTime=Wed Jun 30 22:29:12 CST 2021, updateTime=Wed Jun 30 22:29:12 CST 2021, username=null, password=null, phone=3249)
2021-06-30 22:29:13.095 [http-nio-8080-exec-1] INFO  com.yzy.controller.YzzbEmployeeController - User(id=null, code=B13, name=王15, sex=1, state=1, stop=0, createTime=Wed Jun 30 22:29:12 CST 2021, updateTime=Wed Jun 30 22:29:12 CST 2021, username=null, password=null, phone=3250)
2021-06-30 22:29:13.095 [http-nio-8080-exec-1] INFO  com.yzy.controller.YzzbEmployeeController - User(id=null, code=B14, name=王16, sex=0, state=1, stop=0, createTime=Wed Jun 30 22:29:12 CST 2021, updateTime=Wed Jun 30 22:29:12 CST 2021, username=null, password=null, phone=3251)
2021-06-30 22:29:13.096 [http-nio-8080-exec-1] INFO  com.yzy.controller.YzzbEmployeeController - User(id=null, code=B15, name=王17, sex=1, state=1, stop=0, createTime=Wed Jun 30 22:29:12 CST 2021, updateTime=Wed Jun 30 22:29:12 CST 2021, username=null, password=null, phone=3252)
2021-06-30 22:29:13.097 [http-nio-8080-exec-1] INFO  com.yzy.controller.YzzbEmployeeController - User(id=null, code=B16, name=王18, sex=0, state=1, stop=0, createTime=Wed Jun 30 22:29:12 CST 2021, updateTime=Wed Jun 30 22:29:12 CST 2021, username=null, password=null, phone=3253)
2021-06-30 22:29:13.097 [http-nio-8080-exec-1] INFO  com.yzy.controller.YzzbEmployeeController - User(id=null, code=B17, name=王19, sex=1, state=1, stop=0, createTime=Wed Jun 30 22:29:12 CST 2021, updateTime=Wed Jun 30 22:29:12 CST 2021, username=null, password=null, phone=3254)
2021-06-30 22:29:13.097 [http-nio-8080-exec-1] INFO  com.yzy.controller.YzzbEmployeeController - User(id=null, code=B18, name=王20, sex=0, state=1, stop=0, createTime=Wed Jun 30 22:29:12 CST 2021, updateTime=Wed Jun 30 22:29:12 CST 2021, username=null, password=null, phone=3255)
2021-06-30 22:29:13.097 [http-nio-8080-exec-1] INFO  com.yzy.controller.YzzbEmployeeController - User(id=null, code=B19, name=王21, sex=1, state=1, stop=0, createTime=Wed Jun 30 22:29:12 CST 2021, updateTime=Wed Jun 30 22:29:12 CST 2021, username=null, password=null, phone=3256)
2021-06-30 22:29:13.097 [http-nio-8080-exec-1] INFO  com.yzy.controller.YzzbEmployeeController - User(id=null, code=B20, name=王22, sex=0, state=1, stop=0, createTime=Wed Jun 30 22:29:12 CST 2021, updateTime=Wed Jun 30 22:29:12 CST 2021, username=null, password=null, phone=3257)
2021-06-30 22:29:13.098 [http-nio-8080-exec-1] INFO  com.yzy.controller.YzzbEmployeeController - User(id=null, code=B21, name=王23, sex=1, state=1, stop=0, createTime=Wed Jun 30 22:29:12 CST 2021, updateTime=Wed Jun 30 22:29:12 CST 2021, username=null, password=null, phone=3258)
2021-06-30 22:29:13.098 [http-nio-8080-exec-1] INFO  com.yzy.controller.YzzbEmployeeController - User(id=null, code=B22, name=王24, sex=0, state=1, stop=0, createTime=Wed Jun 30 22:29:12 CST 2021, updateTime=Wed Jun 30 22:29:12 CST 2021, username=null, password=null, phone=3259)
2021-06-30 22:29:13.098 [http-nio-8080-exec-1] INFO  com.yzy.controller.YzzbEmployeeController - User(id=null, code=B23, name=王25, sex=1, state=1, stop=0, createTime=Wed Jun 30 22:29:12 CST 2021, updateTime=Wed Jun 30 22:29:12 CST 2021, username=null, password=null, phone=3260)
2021-06-30 22:29:13.098 [http-nio-8080-exec-1] INFO  com.yzy.controller.YzzbEmployeeController - User(id=null, code=B24, name=王26, sex=0, state=1, stop=0, createTime=Wed Jun 30 22:29:12 CST 2021, updateTime=Wed Jun 30 22:29:12 CST 2021, username=null, password=null, phone=3261)
2021-06-30 22:29:13.098 [http-nio-8080-exec-1] INFO  com.yzy.controller.YzzbEmployeeController - User(id=null, code=B25, name=王27, sex=1, state=1, stop=0, createTime=Wed Jun 30 22:29:12 CST 2021, updateTime=Wed Jun 30 22:29:12 CST 2021, username=null, password=null, phone=3262)
2021-06-30 22:29:13.099 [http-nio-8080-exec-1] INFO  com.yzy.controller.YzzbEmployeeController - User(id=null, code=B26, name=王28, sex=0, state=1, stop=0, createTime=Wed Jun 30 22:29:12 CST 2021, updateTime=Wed Jun 30 22:29:12 CST 2021, username=null, password=null, phone=3263)
2021-06-30 22:29:13.099 [http-nio-8080-exec-1] INFO  com.yzy.controller.YzzbEmployeeController - User(id=null, code=B27, name=王29, sex=1, state=1, stop=0, createTime=Wed Jun 30 22:29:12 CST 2021, updateTime=Wed Jun 30 22:29:12 CST 2021, username=null, password=null, phone=3264)
2021-06-30 22:29:13.099 [http-nio-8080-exec-1] INFO  com.yzy.controller.YzzbEmployeeController - User(id=null, code=B28, name=王30, sex=0, state=1, stop=0, createTime=Wed Jun 30 22:29:12 CST 2021, updateTime=Wed Jun 30 22:29:12 CST 2021, username=null, password=null, phone=3265)
2021-06-30 22:29:13.099 [http-nio-8080-exec-1] INFO  com.yzy.controller.YzzbEmployeeController - User(id=null, code=B29, name=王31, sex=1, state=1, stop=0, createTime=Wed Jun 30 22:29:12 CST 2021, updateTime=Wed Jun 30 22:29:12 CST 2021, username=null, password=null, phone=3266)
2021-06-30 22:29:13.099 [http-nio-8080-exec-1] INFO  com.yzy.controller.YzzbEmployeeController - User(id=null, code=B30, name=王32, sex=0, state=1, stop=0, createTime=Wed Jun 30 22:29:12 CST 2021, updateTime=Wed Jun 30 22:29:12 CST 2021, username=null, password=null, phone=3267)
2021-06-30 22:29:13.099 [http-nio-8080-exec-1] INFO  com.yzy.controller.YzzbEmployeeController - User(id=null, code=B31, name=王33, sex=1, state=1, stop=0, createTime=Wed Jun 30 22:29:12 CST 2021, updateTime=Wed Jun 30 22:29:12 CST 2021, username=null, password=null, phone=3268)
2021-06-30 22:29:13.100 [http-nio-8080-exec-1] INFO  com.yzy.controller.YzzbEmployeeController - User(id=null, code=B32, name=王34, sex=0, state=1, stop=0, createTime=Wed Jun 30 22:29:12 CST 2021, updateTime=Wed Jun 30 22:29:12 CST 2021, username=null, password=null, phone=3269)
2021-06-30 22:29:13.100 [http-nio-8080-exec-1] INFO  com.yzy.controller.YzzbEmployeeController - User(id=null, code=B33, name=王35, sex=1, state=1, stop=0, createTime=Wed Jun 30 22:29:12 CST 2021, updateTime=Wed Jun 30 22:29:12 CST 2021, username=null, password=null, phone=3270)
2021-06-30 22:29:13.100 [http-nio-8080-exec-1] INFO  com.yzy.controller.YzzbEmployeeController - User(id=null, code=B34, name=王36, sex=0, state=1, stop=0, createTime=Wed Jun 30 22:29:12 CST 2021, updateTime=Wed Jun 30 22:29:12 CST 2021, username=null, password=null, phone=3271)
2021-06-30 22:29:13.100 [http-nio-8080-exec-1] INFO  com.yzy.controller.YzzbEmployeeController - User(id=null, code=B35, name=王37, sex=1, state=1, stop=0, createTime=Wed Jun 30 22:29:12 CST 2021, updateTime=Wed Jun 30 22:29:12 CST 2021, username=null, password=null, phone=3272)
2021-06-30 22:29:13.100 [http-nio-8080-exec-1] INFO  com.yzy.controller.YzzbEmployeeController - User(id=null, code=B36, name=王38, sex=0, state=1, stop=0, createTime=Wed Jun 30 22:29:12 CST 2021, updateTime=Wed Jun 30 22:29:12 CST 2021, username=null, password=null, phone=3273)
2021-06-30 22:29:13.100 [http-nio-8080-exec-1] INFO  com.yzy.controller.YzzbEmployeeController - User(id=null, code=B37, name=王39, sex=1, state=1, stop=0, createTime=Wed Jun 30 22:29:12 CST 2021, updateTime=Wed Jun 30 22:29:12 CST 2021, username=null, password=null, phone=3274)
2021-06-30 22:29:13.101 [http-nio-8080-exec-1] INFO  com.yzy.controller.YzzbEmployeeController - User(id=null, code=B38, name=王40, sex=0, state=1, stop=0, createTime=Wed Jun 30 22:29:12 CST 2021, updateTime=Wed Jun 30 22:29:12 CST 2021, username=null, password=null, phone=3275)
2021-06-30 22:29:13.101 [http-nio-8080-exec-1] INFO  com.yzy.controller.YzzbEmployeeController - User(id=null, code=B39, name=王41, sex=1, state=1, stop=0, createTime=Wed Jun 30 22:29:12 CST 2021, updateTime=Wed Jun 30 22:29:12 CST 2021, username=null, password=null, phone=3276)
2021-06-30 22:29:13.101 [http-nio-8080-exec-1] INFO  com.yzy.controller.YzzbEmployeeController - User(id=null, code=B40, name=王42, sex=0, state=1, stop=0, createTime=Wed Jun 30 22:29:12 CST 2021, updateTime=Wed Jun 30 22:29:12 CST 2021, username=null, password=null, phone=3277)
2021-06-30 22:29:13.101 [http-nio-8080-exec-1] INFO  com.yzy.controller.YzzbEmployeeController - User(id=null, code=B41, name=王43, sex=1, state=1, stop=0, createTime=Wed Jun 30 22:29:12 CST 2021, updateTime=Wed Jun 30 22:29:12 CST 2021, username=null, password=null, phone=3278)
2021-06-30 22:29:13.101 [http-nio-8080-exec-1] INFO  com.yzy.controller.YzzbEmployeeController - User(id=null, code=B42, name=王44, sex=0, state=1, stop=0, createTime=Wed Jun 30 22:29:12 CST 2021, updateTime=Wed Jun 30 22:29:12 CST 2021, username=null, password=null, phone=3279)
2021-06-30 22:29:13.101 [http-nio-8080-exec-1] INFO  com.yzy.controller.YzzbEmployeeController - User(id=null, code=B43, name=王45, sex=1, state=1, stop=0, createTime=Wed Jun 30 22:29:12 CST 2021, updateTime=Wed Jun 30 22:29:12 CST 2021, username=null, password=null, phone=3280)
2021-06-30 22:29:13.102 [http-nio-8080-exec-1] INFO  com.yzy.controller.YzzbEmployeeController - User(id=null, code=B44, name=王46, sex=0, state=1, stop=0, createTime=Wed Jun 30 22:29:12 CST 2021, updateTime=Wed Jun 30 22:29:12 CST 2021, username=null, password=null, phone=3281)
2021-06-30 22:29:13.102 [http-nio-8080-exec-1] INFO  com.yzy.controller.YzzbEmployeeController - User(id=null, code=B45, name=王47, sex=1, state=1, stop=0, createTime=Wed Jun 30 22:29:12 CST 2021, updateTime=Wed Jun 30 22:29:12 CST 2021, username=null, password=null, phone=3282)
2021-06-30 22:29:13.102 [http-nio-8080-exec-1] INFO  com.yzy.controller.YzzbEmployeeController - User(id=null, code=B46, name=王48, sex=0, state=1, stop=0, createTime=Wed Jun 30 22:29:12 CST 2021, updateTime=Wed Jun 30 22:29:12 CST 2021, username=null, password=null, phone=3283)
2021-06-30 22:29:13.102 [http-nio-8080-exec-1] INFO  com.yzy.controller.YzzbEmployeeController - User(id=null, code=B47, name=王49, sex=1, state=1, stop=0, createTime=Wed Jun 30 22:29:12 CST 2021, updateTime=Wed Jun 30 22:29:12 CST 2021, username=null, password=null, phone=3284)
2021-06-30 22:29:13.102 [http-nio-8080-exec-1] INFO  com.yzy.controller.YzzbEmployeeController - User(id=null, code=B48, name=王50, sex=0, state=1, stop=0, createTime=Wed Jun 30 22:29:12 CST 2021, updateTime=Wed Jun 30 22:29:12 CST 2021, username=null, password=null, phone=3285)
2021-06-30 22:29:13.102 [http-nio-8080-exec-1] INFO  com.yzy.controller.YzzbEmployeeController - User(id=null, code=B49, name=王51, sex=1, state=1, stop=0, createTime=Wed Jun 30 22:29:12 CST 2021, updateTime=Wed Jun 30 22:29:12 CST 2021, username=null, password=null, phone=3286)
2021-06-30 22:29:13.102 [http-nio-8080-exec-1] INFO  com.yzy.controller.YzzbEmployeeController - User(id=null, code=B50, name=王52, sex=0, state=1, stop=0, createTime=Wed Jun 30 22:29:12 CST 2021, updateTime=Wed Jun 30 22:29:12 CST 2021, username=null, password=null, phone=3287)
2021-06-30 22:29:13.102 [http-nio-8080-exec-1] INFO  com.yzy.controller.YzzbEmployeeController - User(id=null, code=B51, name=王53, sex=1, state=1, stop=0, createTime=Wed Jun 30 22:29:12 CST 2021, updateTime=Wed Jun 30 22:29:12 CST 2021, username=null, password=null, phone=3288)
2021-06-30 22:29:13.103 [http-nio-8080-exec-1] INFO  com.yzy.controller.YzzbEmployeeController - User(id=null, code=B52, name=王54, sex=0, state=1, stop=0, createTime=Wed Jun 30 22:29:12 CST 2021, updateTime=Wed Jun 30 22:29:12 CST 2021, username=null, password=null, phone=3289)
2021-06-30 22:29:13.103 [http-nio-8080-exec-1] INFO  com.yzy.controller.YzzbEmployeeController - User(id=null, code=B53, name=王55, sex=1, state=1, stop=0, createTime=Wed Jun 30 22:29:12 CST 2021, updateTime=Wed Jun 30 22:29:12 CST 2021, username=null, password=null, phone=3290)
2021-06-30 22:29:13.103 [http-nio-8080-exec-1] INFO  com.yzy.controller.YzzbEmployeeController - User(id=null, code=B54, name=王56, sex=0, state=1, stop=0, createTime=Wed Jun 30 22:29:12 CST 2021, updateTime=Wed Jun 30 22:29:12 CST 2021, username=null, password=null, phone=3291)
2021-06-30 22:29:13.103 [http-nio-8080-exec-1] INFO  com.yzy.controller.YzzbEmployeeController - User(id=null, code=B55, name=王57, sex=1, state=1, stop=0, createTime=Wed Jun 30 22:29:12 CST 2021, updateTime=Wed Jun 30 22:29:12 CST 2021, username=null, password=null, phone=3292)
2021-06-30 22:29:13.103 [http-nio-8080-exec-1] INFO  com.yzy.controller.YzzbEmployeeController - User(id=null, code=B56, name=王58, sex=0, state=1, stop=0, createTime=Wed Jun 30 22:29:12 CST 2021, updateTime=Wed Jun 30 22:29:12 CST 2021, username=null, password=null, phone=3293)
2021-06-30 22:29:13.103 [http-nio-8080-exec-1] INFO  com.yzy.controller.YzzbEmployeeController - User(id=null, code=B57, name=王59, sex=1, state=1, stop=0, createTime=Wed Jun 30 22:29:12 CST 2021, updateTime=Wed Jun 30 22:29:12 CST 2021, username=null, password=null, phone=3294)
2021-06-30 22:29:13.104 [http-nio-8080-exec-1] INFO  com.yzy.controller.YzzbEmployeeController - User(id=null, code=B58, name=王60, sex=0, state=1, stop=0, createTime=Wed Jun 30 22:29:12 CST 2021, updateTime=Wed Jun 30 22:29:12 CST 2021, username=null, password=null, phone=3295)
2021-06-30 22:29:13.104 [http-nio-8080-exec-1] INFO  com.yzy.controller.YzzbEmployeeController - User(id=null, code=B59, name=王61, sex=1, state=1, stop=0, createTime=Wed Jun 30 22:29:12 CST 2021, updateTime=Wed Jun 30 22:29:12 CST 2021, username=null, password=null, phone=3296)
2021-06-30 22:29:13.104 [http-nio-8080-exec-1] INFO  com.yzy.controller.YzzbEmployeeController - User(id=null, code=B60, name=王62, sex=0, state=1, stop=0, createTime=Wed Jun 30 22:29:12 CST 2021, updateTime=Wed Jun 30 22:29:12 CST 2021, username=null, password=null, phone=3297)
2021-06-30 22:29:13.104 [http-nio-8080-exec-1] INFO  com.yzy.controller.YzzbEmployeeController - User(id=null, code=B61, name=王63, sex=1, state=1, stop=0, createTime=Wed Jun 30 22:29:12 CST 2021, updateTime=Wed Jun 30 22:29:12 CST 2021, username=null, password=null, phone=3298)
2021-06-30 22:29:13.104 [http-nio-8080-exec-1] INFO  com.yzy.controller.YzzbEmployeeController - User(id=null, code=B62, name=王64, sex=0, state=1, stop=0, createTime=Wed Jun 30 22:29:12 CST 2021, updateTime=Wed Jun 30 22:29:12 CST 2021, username=null, password=null, phone=3299)
2021-06-30 22:29:13.104 [http-nio-8080-exec-1] INFO  com.yzy.controller.YzzbEmployeeController - User(id=null, code=B63, name=王65, sex=1, state=1, stop=0, createTime=Wed Jun 30 22:29:12 CST 2021, updateTime=Wed Jun 30 22:29:12 CST 2021, username=null, password=null, phone=3300)
2021-06-30 22:29:13.104 [http-nio-8080-exec-1] INFO  com.yzy.controller.YzzbEmployeeController - User(id=null, code=B64, name=王66, sex=0, state=1, stop=0, createTime=Wed Jun 30 22:29:12 CST 2021, updateTime=Wed Jun 30 22:29:12 CST 2021, username=null, password=null, phone=3301)
2021-06-30 22:29:13.105 [http-nio-8080-exec-1] INFO  com.yzy.controller.YzzbEmployeeController - User(id=null, code=B65, name=王67, sex=1, state=1, stop=0, createTime=Wed Jun 30 22:29:12 CST 2021, updateTime=Wed Jun 30 22:29:12 CST 2021, username=null, password=null, phone=3302)
2021-06-30 22:29:13.105 [http-nio-8080-exec-1] INFO  com.yzy.controller.YzzbEmployeeController - User(id=null, code=B66, name=王68, sex=0, state=1, stop=0, createTime=Wed Jun 30 22:29:12 CST 2021, updateTime=Wed Jun 30 22:29:12 CST 2021, username=null, password=null, phone=3303)
2021-06-30 22:29:13.105 [http-nio-8080-exec-1] INFO  com.yzy.controller.YzzbEmployeeController - User(id=null, code=B67, name=王69, sex=1, state=1, stop=0, createTime=Wed Jun 30 22:29:12 CST 2021, updateTime=Wed Jun 30 22:29:12 CST 2021, username=null, password=null, phone=3304)
2021-06-30 22:29:13.105 [http-nio-8080-exec-1] INFO  com.yzy.controller.YzzbEmployeeController - User(id=null, code=B68, name=王70, sex=0, state=1, stop=0, createTime=Wed Jun 30 22:29:12 CST 2021, updateTime=Wed Jun 30 22:29:12 CST 2021, username=null, password=null, phone=3305)
2021-06-30 22:29:13.105 [http-nio-8080-exec-1] INFO  com.yzy.controller.YzzbEmployeeController - User(id=null, code=B69, name=王71, sex=1, state=1, stop=0, createTime=Wed Jun 30 22:29:12 CST 2021, updateTime=Wed Jun 30 22:29:12 CST 2021, username=null, password=null, phone=3306)
2021-06-30 22:29:13.105 [http-nio-8080-exec-1] INFO  com.yzy.controller.YzzbEmployeeController - User(id=null, code=B70, name=王72, sex=0, state=1, stop=0, createTime=Wed Jun 30 22:29:12 CST 2021, updateTime=Wed Jun 30 22:29:12 CST 2021, username=null, password=null, phone=3307)
2021-06-30 22:29:13.105 [http-nio-8080-exec-1] INFO  com.yzy.controller.YzzbEmployeeController - User(id=null, code=B71, name=王73, sex=1, state=1, stop=0, createTime=Wed Jun 30 22:29:12 CST 2021, updateTime=Wed Jun 30 22:29:12 CST 2021, username=null, password=null, phone=3308)
2021-06-30 22:29:13.106 [http-nio-8080-exec-1] INFO  com.yzy.controller.YzzbEmployeeController - User(id=null, code=B72, name=王74, sex=0, state=1, stop=0, createTime=Wed Jun 30 22:29:12 CST 2021, updateTime=Wed Jun 30 22:29:12 CST 2021, username=null, password=null, phone=3309)
2021-06-30 22:29:13.106 [http-nio-8080-exec-1] INFO  com.yzy.controller.YzzbEmployeeController - User(id=null, code=B73, name=王75, sex=1, state=1, stop=0, createTime=Wed Jun 30 22:29:12 CST 2021, updateTime=Wed Jun 30 22:29:12 CST 2021, username=null, password=null, phone=3310)
2021-06-30 22:29:13.106 [http-nio-8080-exec-1] INFO  com.yzy.controller.YzzbEmployeeController - User(id=null, code=B74, name=王76, sex=0, state=1, stop=0, createTime=Wed Jun 30 22:29:12 CST 2021, updateTime=Wed Jun 30 22:29:12 CST 2021, username=null, password=null, phone=3311)
2021-06-30 22:29:13.106 [http-nio-8080-exec-1] INFO  com.yzy.controller.YzzbEmployeeController - User(id=null, code=B75, name=王77, sex=1, state=1, stop=0, createTime=Wed Jun 30 22:29:12 CST 2021, updateTime=Wed Jun 30 22:29:12 CST 2021, username=null, password=null, phone=3312)
2021-06-30 22:29:13.106 [http-nio-8080-exec-1] INFO  com.yzy.controller.YzzbEmployeeController - User(id=null, code=B76, name=王78, sex=0, state=1, stop=0, createTime=Wed Jun 30 22:29:12 CST 2021, updateTime=Wed Jun 30 22:29:12 CST 2021, username=null, password=null, phone=3313)
2021-06-30 22:29:13.106 [http-nio-8080-exec-1] INFO  com.yzy.controller.YzzbEmployeeController - User(id=null, code=B77, name=王79, sex=1, state=1, stop=0, createTime=Wed Jun 30 22:29:12 CST 2021, updateTime=Wed Jun 30 22:29:12 CST 2021, username=null, password=null, phone=3314)
2021-06-30 22:29:13.107 [http-nio-8080-exec-1] INFO  com.yzy.controller.YzzbEmployeeController - User(id=null, code=B78, name=王80, sex=0, state=1, stop=0, createTime=Wed Jun 30 22:29:12 CST 2021, updateTime=Wed Jun 30 22:29:12 CST 2021, username=null, password=null, phone=3315)
2021-06-30 22:29:13.107 [http-nio-8080-exec-1] INFO  com.yzy.controller.YzzbEmployeeController - User(id=null, code=B79, name=王81, sex=1, state=1, stop=0, createTime=Wed Jun 30 22:29:12 CST 2021, updateTime=Wed Jun 30 22:29:12 CST 2021, username=null, password=null, phone=3316)
2021-06-30 22:29:13.107 [http-nio-8080-exec-1] INFO  com.yzy.controller.YzzbEmployeeController - User(id=null, code=B80, name=王82, sex=0, state=1, stop=0, createTime=Wed Jun 30 22:29:12 CST 2021, updateTime=Wed Jun 30 22:29:12 CST 2021, username=null, password=null, phone=3317)
2021-06-30 22:29:13.107 [http-nio-8080-exec-1] INFO  com.yzy.controller.YzzbEmployeeController - User(id=null, code=B81, name=王83, sex=1, state=1, stop=0, createTime=Wed Jun 30 22:29:12 CST 2021, updateTime=Wed Jun 30 22:29:12 CST 2021, username=null, password=null, phone=3318)
2021-06-30 22:29:13.107 [http-nio-8080-exec-1] INFO  com.yzy.controller.YzzbEmployeeController - User(id=null, code=B82, name=王84, sex=0, state=1, stop=0, createTime=Wed Jun 30 22:29:12 CST 2021, updateTime=Wed Jun 30 22:29:12 CST 2021, username=null, password=null, phone=3319)
2021-06-30 22:29:13.107 [http-nio-8080-exec-1] INFO  com.yzy.controller.YzzbEmployeeController - User(id=null, code=B83, name=王85, sex=1, state=1, stop=0, createTime=Wed Jun 30 22:29:12 CST 2021, updateTime=Wed Jun 30 22:29:12 CST 2021, username=null, password=null, phone=3320)
2021-06-30 22:29:13.108 [http-nio-8080-exec-1] INFO  com.yzy.controller.YzzbEmployeeController - User(id=null, code=B84, name=王86, sex=0, state=1, stop=0, createTime=Wed Jun 30 22:29:12 CST 2021, updateTime=Wed Jun 30 22:29:12 CST 2021, username=null, password=null, phone=3321)
2021-06-30 22:29:13.108 [http-nio-8080-exec-1] INFO  com.yzy.controller.YzzbEmployeeController - User(id=null, code=B85, name=王87, sex=1, state=1, stop=0, createTime=Wed Jun 30 22:29:12 CST 2021, updateTime=Wed Jun 30 22:29:12 CST 2021, username=null, password=null, phone=3322)
2021-06-30 22:29:13.108 [http-nio-8080-exec-1] INFO  com.yzy.controller.YzzbEmployeeController - User(id=null, code=B86, name=王88, sex=0, state=1, stop=0, createTime=Wed Jun 30 22:29:12 CST 2021, updateTime=Wed Jun 30 22:29:12 CST 2021, username=null, password=null, phone=3323)
2021-06-30 22:29:13.108 [http-nio-8080-exec-1] INFO  com.yzy.controller.YzzbEmployeeController - User(id=null, code=B87, name=王89, sex=1, state=1, stop=0, createTime=Wed Jun 30 22:29:12 CST 2021, updateTime=Wed Jun 30 22:29:12 CST 2021, username=null, password=null, phone=3324)
2021-06-30 22:29:13.108 [http-nio-8080-exec-1] INFO  com.yzy.controller.YzzbEmployeeController - User(id=null, code=B88, name=王90, sex=0, state=1, stop=0, createTime=Wed Jun 30 22:29:12 CST 2021, updateTime=Wed Jun 30 22:29:12 CST 2021, username=null, password=null, phone=3325)
2021-06-30 22:29:13.108 [http-nio-8080-exec-1] INFO  com.yzy.controller.YzzbEmployeeController - User(id=null, code=B89, name=王91, sex=1, state=1, stop=0, createTime=Wed Jun 30 22:29:12 CST 2021, updateTime=Wed Jun 30 22:29:12 CST 2021, username=null, password=null, phone=3326)
2021-06-30 22:29:13.109 [http-nio-8080-exec-1] INFO  com.yzy.controller.YzzbEmployeeController - User(id=null, code=B90, name=王92, sex=0, state=1, stop=0, createTime=Wed Jun 30 22:29:12 CST 2021, updateTime=Wed Jun 30 22:29:12 CST 2021, username=null, password=null, phone=3327)
2021-06-30 22:29:13.109 [http-nio-8080-exec-1] INFO  com.yzy.controller.YzzbEmployeeController - User(id=null, code=B91, name=王93, sex=1, state=1, stop=0, createTime=Wed Jun 30 22:29:12 CST 2021, updateTime=Wed Jun 30 22:29:12 CST 2021, username=null, password=null, phone=3328)
2021-06-30 22:29:13.109 [http-nio-8080-exec-1] INFO  com.yzy.controller.YzzbEmployeeController - User(id=null, code=B92, name=王94, sex=0, state=1, stop=0, createTime=Wed Jun 30 22:29:12 CST 2021, updateTime=Wed Jun 30 22:29:12 CST 2021, username=null, password=null, phone=3329)
2021-06-30 22:29:13.109 [http-nio-8080-exec-1] INFO  com.yzy.controller.YzzbEmployeeController - User(id=null, code=B93, name=王95, sex=1, state=1, stop=0, createTime=Wed Jun 30 22:29:12 CST 2021, updateTime=Wed Jun 30 22:29:12 CST 2021, username=null, password=null, phone=3330)
2021-06-30 22:29:13.109 [http-nio-8080-exec-1] INFO  com.yzy.controller.YzzbEmployeeController - User(id=null, code=B94, name=王96, sex=0, state=1, stop=0, createTime=Wed Jun 30 22:29:12 CST 2021, updateTime=Wed Jun 30 22:29:12 CST 2021, username=null, password=null, phone=3331)
2021-06-30 22:29:13.109 [http-nio-8080-exec-1] INFO  com.yzy.controller.YzzbEmployeeController - User(id=null, code=B95, name=王97, sex=1, state=1, stop=0, createTime=Wed Jun 30 22:29:12 CST 2021, updateTime=Wed Jun 30 22:29:12 CST 2021, username=null, password=null, phone=3332)
2021-06-30 22:29:13.109 [http-nio-8080-exec-1] INFO  com.yzy.controller.YzzbEmployeeController - User(id=null, code=B96, name=王98, sex=0, state=1, stop=0, createTime=Wed Jun 30 22:29:12 CST 2021, updateTime=Wed Jun 30 22:29:12 CST 2021, username=null, password=null, phone=3333)
2021-06-30 22:29:13.110 [http-nio-8080-exec-1] INFO  com.yzy.controller.YzzbEmployeeController - User(id=null, code=B97, name=王99, sex=1, state=1, stop=0, createTime=Wed Jun 30 22:29:12 CST 2021, updateTime=Wed Jun 30 22:29:12 CST 2021, username=null, password=null, phone=3334)
2021-06-30 22:29:13.110 [http-nio-8080-exec-1] INFO  com.yzy.controller.YzzbEmployeeController - User(id=null, code=B98, name=王100, sex=0, state=1, stop=0, createTime=Wed Jun 30 22:29:12 CST 2021, updateTime=Wed Jun 30 22:29:12 CST 2021, username=null, password=null, phone=3335)
2021-06-30 22:29:13.110 [http-nio-8080-exec-1] INFO  com.yzy.controller.YzzbEmployeeController - User(id=null, code=B99, name=王101, sex=1, state=1, stop=0, createTime=Wed Jun 30 22:29:12 CST 2021, updateTime=Wed Jun 30 22:29:12 CST 2021, username=null, password=null, phone=3336)
2021-06-30 22:29:13.110 [http-nio-8080-exec-1] INFO  com.yzy.controller.YzzbEmployeeController - User(id=null, code=B100, name=王102, sex=0, state=1, stop=0, createTime=Wed Jun 30 22:29:12 CST 2021, updateTime=Wed Jun 30 22:29:12 CST 2021, username=null, password=null, phone=3337)
2021-06-30 22:29:13.138 [http-nio-8080-exec-1] INFO  com.zaxxer.hikari.HikariDataSource - HikariPool-1 - Starting...
2021-06-30 22:29:13.741 [http-nio-8080-exec-1] INFO  com.zaxxer.hikari.HikariDataSource - HikariPool-1 - Start completed.
