2021-06-25 18:19:10.862 [main] INFO  com.yzy.YzzbApp - Starting YzzbApp on USER-20190128FA with PID 1860 (D:\workspace\myeclipse2018\yzy\yzzb\target\classes started by Administrator in D:\workspace\myeclipse2018\yzy)
2021-06-25 18:19:10.863 [main] INFO  com.yzy.YzzbApp - No active profile set, falling back to default profiles: default
2021-06-25 18:19:12.116 [main] INFO  org.springframework.boot.web.embedded.tomcat.TomcatWebServer - Tomcat initialized with port(s): 8080 (http)
2021-06-25 18:19:12.132 [main] INFO  org.apache.coyote.http11.Http11NioProtocol - Initializing ProtocolHandler ["http-nio-8080"]
2021-06-25 18:19:12.141 [main] INFO  org.apache.catalina.core.StandardService - Starting service [Tomcat]
2021-06-25 18:19:12.142 [main] INFO  org.apache.catalina.core.StandardEngine - Starting Servlet engine: [Apache Tomcat/9.0.16]
2021-06-25 18:19:12.149 [main] INFO  org.apache.catalina.core.AprLifecycleListener - The APR based Apache Tomcat Native library which allows optimal performance in production environments was not found on the java.library.path: [C:\Program Files\Java\jdk1.8.0_191\bin;C:\Windows\Sun\Java\bin;C:\Windows\system32;C:\Windows;C:\Program Files (x86)\Common Files\Oracle\Java\javapath;C:\Windows\system32;C:\Windows;C:\Windows\System32\Wbem;C:\Windows\System32\WindowsPowerShell\v1.0\;C:\Program Files (x86)\NVIDIA Corporation\PhysX\Common;C:\Program Files\NVIDIA Corporation\NVIDIA NvDLISR;D:\soft\ideaIU-2018.3.win\plugins\maven\lib\maven3\bin;D:\soft\mysql-5.7.23-winx64\bin;D:\soft\gradle-4.6\bin;C:\Program Files\TortoiseSVN\bin;D:\Program Files\Git\cmd;D:\Program Files\nodejs\;C:\Users\Administrator\PycharmProjects\pythonProject\venv\Scripts;D:\Program Files\python\Scripts\;D:\Program Files\python\;D:\Program Files\Fiddler;C:\Users\Administrator\AppData\Roaming\npm;.]
2021-06-25 18:19:12.251 [main] INFO  org.apache.catalina.core.ContainerBase.[Tomcat].[localhost].[/yzzb] - Initializing Spring embedded WebApplicationContext
2021-06-25 18:19:12.251 [main] INFO  org.springframework.web.context.ContextLoader - Root WebApplicationContext: initialization completed in 1326 ms
2021-06-25 18:19:12.789 [main] INFO  org.apache.catalina.core.StandardService - Stopping service [Tomcat]
2021-06-25 18:20:58.784 [main] INFO  com.yzy.YzzbApp - Starting YzzbApp on USER-20190128FA with PID 6636 (D:\workspace\myeclipse2018\yzy\yzzb\target\classes started by Administrator in D:\workspace\myeclipse2018\yzy)
2021-06-25 18:20:58.784 [main] INFO  com.yzy.YzzbApp - No active profile set, falling back to default profiles: default
2021-06-25 18:21:00.594 [main] INFO  org.springframework.boot.web.embedded.tomcat.TomcatWebServer - Tomcat initialized with port(s): 8080 (http)
2021-06-25 18:21:00.615 [main] INFO  org.apache.coyote.http11.Http11NioProtocol - Initializing ProtocolHandler ["http-nio-8080"]
2021-06-25 18:21:00.630 [main] INFO  org.apache.catalina.core.StandardService - Starting service [Tomcat]
2021-06-25 18:21:00.631 [main] INFO  org.apache.catalina.core.StandardEngine - Starting Servlet engine: [Apache Tomcat/9.0.16]
2021-06-25 18:21:00.642 [main] INFO  org.apache.catalina.core.AprLifecycleListener - The APR based Apache Tomcat Native library which allows optimal performance in production environments was not found on the java.library.path: [C:\Program Files\Java\jdk1.8.0_191\bin;C:\Windows\Sun\Java\bin;C:\Windows\system32;C:\Windows;C:\Program Files (x86)\Common Files\Oracle\Java\javapath;C:\Windows\system32;C:\Windows;C:\Windows\System32\Wbem;C:\Windows\System32\WindowsPowerShell\v1.0\;C:\Program Files (x86)\NVIDIA Corporation\PhysX\Common;C:\Program Files\NVIDIA Corporation\NVIDIA NvDLISR;D:\soft\ideaIU-2018.3.win\plugins\maven\lib\maven3\bin;D:\soft\mysql-5.7.23-winx64\bin;D:\soft\gradle-4.6\bin;C:\Program Files\TortoiseSVN\bin;D:\Program Files\Git\cmd;D:\Program Files\nodejs\;C:\Users\Administrator\PycharmProjects\pythonProject\venv\Scripts;D:\Program Files\python\Scripts\;D:\Program Files\python\;D:\Program Files\Fiddler;C:\Users\Administrator\AppData\Roaming\npm;.]
2021-06-25 18:21:00.901 [main] INFO  org.apache.catalina.core.ContainerBase.[Tomcat].[localhost].[/yzzb] - Initializing Spring embedded WebApplicationContext
2021-06-25 18:21:00.903 [main] INFO  org.springframework.web.context.ContextLoader - Root WebApplicationContext: initialization completed in 2024 ms
2021-06-25 18:21:02.068 [main] INFO  org.springframework.scheduling.concurrent.ThreadPoolTaskExecutor - Initializing ExecutorService 'applicationTaskExecutor'
2021-06-25 18:21:02.346 [main] INFO  org.apache.coyote.http11.Http11NioProtocol - Starting ProtocolHandler ["http-nio-8080"]
2021-06-25 18:21:02.374 [main] INFO  org.springframework.boot.web.embedded.tomcat.TomcatWebServer - Tomcat started on port(s): 8080 (http) with context path '/yzzb'
2021-06-25 18:21:02.377 [main] INFO  com.yzy.YzzbApp - Started YzzbApp in 4.627 seconds (JVM running for 5.766)
2021-06-25 18:21:41.342 [http-nio-8080-exec-1] INFO  org.apache.catalina.core.ContainerBase.[Tomcat].[localhost].[/yzzb] - Initializing Spring DispatcherServlet 'dispatcherServlet'
2021-06-25 18:21:41.343 [http-nio-8080-exec-1] INFO  org.springframework.web.servlet.DispatcherServlet - Initializing Servlet 'dispatcherServlet'
2021-06-25 18:21:41.352 [http-nio-8080-exec-1] INFO  org.springframework.web.servlet.DispatcherServlet - Completed initialization in 9 ms
2021-06-25 18:23:07.951 [http-nio-8080-exec-3] INFO  com.yzy.controller.YzzbEmployeeController - User(id=null, code=B1, name=李怡, sex=1, state=1, stop=0, createTime=Fri Jun 25 18:23:07 CST 2021, updateTime=Fri Jun 25 18:23:07 CST 2021, username=null, password=null, phone= 123 )
2021-06-25 18:23:07.960 [http-nio-8080-exec-3] INFO  com.yzy.controller.YzzbEmployeeController - User(id=null, code=B2, name=张三, sex=0, state=1, stop=0, createTime=Fri Jun 25 18:23:07 CST 2021, updateTime=Fri Jun 25 18:23:07 CST 2021, username=null, password=null, phone=123)
2021-06-25 18:23:07.960 [http-nio-8080-exec-3] INFO  com.yzy.controller.YzzbEmployeeController - User(id=null, code=B3, name=李四, sex=1, state=1, stop=0, createTime=Fri Jun 25 18:23:07 CST 2021, updateTime=Fri Jun 25 18:23:07 CST 2021, username=null, password=null, phone=324)
2021-06-25 18:23:07.961 [http-nio-8080-exec-3] INFO  com.yzy.controller.YzzbEmployeeController - User(id=null, code=B4, name=王五, sex=0, state=1, stop=0, createTime=Fri Jun 25 18:23:07 CST 2021, updateTime=Fri Jun 25 18:23:07 CST 2021, username=null, password=null, phone=3241 )
2021-06-25 18:23:07.961 [http-nio-8080-exec-3] INFO  com.yzy.controller.YzzbEmployeeController - User(id=null, code=B5, name=王7, sex=1, state=1, stop=0, createTime=Fri Jun 25 18:23:07 CST 2021, updateTime=Fri Jun 25 18:23:07 CST 2021, username=null, password=null, phone=3242)
2021-06-25 18:23:07.968 [http-nio-8080-exec-3] INFO  com.yzy.controller.YzzbEmployeeController - User(id=null, code=B6, name=王8, sex=0, state=1, stop=0, createTime=Fri Jun 25 18:23:07 CST 2021, updateTime=Fri Jun 25 18:23:07 CST 2021, username=null, password=null, phone=3243)
2021-06-25 18:23:07.968 [http-nio-8080-exec-3] INFO  com.yzy.controller.YzzbEmployeeController - User(id=null, code=B7, name=王9, sex=1, state=1, stop=0, createTime=Fri Jun 25 18:23:07 CST 2021, updateTime=Fri Jun 25 18:23:07 CST 2021, username=null, password=null, phone=3244)
2021-06-25 18:23:07.969 [http-nio-8080-exec-3] INFO  com.yzy.controller.YzzbEmployeeController - User(id=null, code=B8, name=王10, sex=0, state=1, stop=0, createTime=Fri Jun 25 18:23:07 CST 2021, updateTime=Fri Jun 25 18:23:07 CST 2021, username=null, password=null, phone=3245)
2021-06-25 18:23:07.969 [http-nio-8080-exec-3] INFO  com.yzy.controller.YzzbEmployeeController - User(id=null, code=B9, name=王11, sex=1, state=1, stop=0, createTime=Fri Jun 25 18:23:07 CST 2021, updateTime=Fri Jun 25 18:23:07 CST 2021, username=null, password=null, phone=3246)
2021-06-25 18:23:07.969 [http-nio-8080-exec-3] INFO  com.yzy.controller.YzzbEmployeeController - User(id=null, code=B10, name=王12, sex=0, state=1, stop=0, createTime=Fri Jun 25 18:23:07 CST 2021, updateTime=Fri Jun 25 18:23:07 CST 2021, username=null, password=null, phone=3247)
2021-06-25 18:23:07.969 [http-nio-8080-exec-3] INFO  com.yzy.controller.YzzbEmployeeController - User(id=null, code=B11, name=王13, sex=1, state=1, stop=0, createTime=Fri Jun 25 18:23:07 CST 2021, updateTime=Fri Jun 25 18:23:07 CST 2021, username=null, password=null, phone=3248)
2021-06-25 18:23:07.969 [http-nio-8080-exec-3] INFO  com.yzy.controller.YzzbEmployeeController - User(id=null, code=B12, name=王14, sex=0, state=1, stop=0, createTime=Fri Jun 25 18:23:07 CST 2021, updateTime=Fri Jun 25 18:23:07 CST 2021, username=null, password=null, phone=3249)
2021-06-25 18:23:07.970 [http-nio-8080-exec-3] INFO  com.yzy.controller.YzzbEmployeeController - User(id=null, code=B13, name=王15, sex=1, state=1, stop=0, createTime=Fri Jun 25 18:23:07 CST 2021, updateTime=Fri Jun 25 18:23:07 CST 2021, username=null, password=null, phone=3250)
2021-06-25 18:23:07.970 [http-nio-8080-exec-3] INFO  com.yzy.controller.YzzbEmployeeController - User(id=null, code=B14, name=王16, sex=0, state=1, stop=0, createTime=Fri Jun 25 18:23:07 CST 2021, updateTime=Fri Jun 25 18:23:07 CST 2021, username=null, password=null, phone=3251)
2021-06-25 18:23:07.970 [http-nio-8080-exec-3] INFO  com.yzy.controller.YzzbEmployeeController - User(id=null, code=B15, name=王17, sex=1, state=1, stop=0, createTime=Fri Jun 25 18:23:07 CST 2021, updateTime=Fri Jun 25 18:23:07 CST 2021, username=null, password=null, phone=3252)
2021-06-25 18:23:07.970 [http-nio-8080-exec-3] INFO  com.yzy.controller.YzzbEmployeeController - User(id=null, code=B16, name=王18, sex=0, state=1, stop=0, createTime=Fri Jun 25 18:23:07 CST 2021, updateTime=Fri Jun 25 18:23:07 CST 2021, username=null, password=null, phone=3253)
2021-06-25 18:23:07.971 [http-nio-8080-exec-3] INFO  com.yzy.controller.YzzbEmployeeController - User(id=null, code=B17, name=王19, sex=1, state=1, stop=0, createTime=Fri Jun 25 18:23:07 CST 2021, updateTime=Fri Jun 25 18:23:07 CST 2021, username=null, password=null, phone=3254)
2021-06-25 18:23:07.971 [http-nio-8080-exec-3] INFO  com.yzy.controller.YzzbEmployeeController - User(id=null, code=B18, name=王20, sex=0, state=1, stop=0, createTime=Fri Jun 25 18:23:07 CST 2021, updateTime=Fri Jun 25 18:23:07 CST 2021, username=null, password=null, phone=3255)
2021-06-25 18:23:07.971 [http-nio-8080-exec-3] INFO  com.yzy.controller.YzzbEmployeeController - User(id=null, code=B19, name=王21, sex=1, state=1, stop=0, createTime=Fri Jun 25 18:23:07 CST 2021, updateTime=Fri Jun 25 18:23:07 CST 2021, username=null, password=null, phone=3256)
2021-06-25 18:23:07.971 [http-nio-8080-exec-3] INFO  com.yzy.controller.YzzbEmployeeController - User(id=null, code=B20, name=王22, sex=0, state=1, stop=0, createTime=Fri Jun 25 18:23:07 CST 2021, updateTime=Fri Jun 25 18:23:07 CST 2021, username=null, password=null, phone=3257)
2021-06-25 18:23:07.972 [http-nio-8080-exec-3] INFO  com.yzy.controller.YzzbEmployeeController - User(id=null, code=B21, name=王23, sex=1, state=1, stop=0, createTime=Fri Jun 25 18:23:07 CST 2021, updateTime=Fri Jun 25 18:23:07 CST 2021, username=null, password=null, phone=3258)
2021-06-25 18:23:07.972 [http-nio-8080-exec-3] INFO  com.yzy.controller.YzzbEmployeeController - User(id=null, code=B22, name=王24, sex=0, state=1, stop=0, createTime=Fri Jun 25 18:23:07 CST 2021, updateTime=Fri Jun 25 18:23:07 CST 2021, username=null, password=null, phone=3259)
2021-06-25 18:23:07.972 [http-nio-8080-exec-3] INFO  com.yzy.controller.YzzbEmployeeController - User(id=null, code=B23, name=王25, sex=1, state=1, stop=0, createTime=Fri Jun 25 18:23:07 CST 2021, updateTime=Fri Jun 25 18:23:07 CST 2021, username=null, password=null, phone=3260)
2021-06-25 18:23:07.973 [http-nio-8080-exec-3] INFO  com.yzy.controller.YzzbEmployeeController - User(id=null, code=B24, name=王26, sex=0, state=1, stop=0, createTime=Fri Jun 25 18:23:07 CST 2021, updateTime=Fri Jun 25 18:23:07 CST 2021, username=null, password=null, phone=3261)
2021-06-25 18:23:07.973 [http-nio-8080-exec-3] INFO  com.yzy.controller.YzzbEmployeeController - User(id=null, code=B25, name=王27, sex=1, state=1, stop=0, createTime=Fri Jun 25 18:23:07 CST 2021, updateTime=Fri Jun 25 18:23:07 CST 2021, username=null, password=null, phone=3262)
2021-06-25 18:23:07.973 [http-nio-8080-exec-3] INFO  com.yzy.controller.YzzbEmployeeController - User(id=null, code=B26, name=王28, sex=0, state=1, stop=0, createTime=Fri Jun 25 18:23:07 CST 2021, updateTime=Fri Jun 25 18:23:07 CST 2021, username=null, password=null, phone=3263)
2021-06-25 18:23:07.973 [http-nio-8080-exec-3] INFO  com.yzy.controller.YzzbEmployeeController - User(id=null, code=B27, name=王29, sex=1, state=1, stop=0, createTime=Fri Jun 25 18:23:07 CST 2021, updateTime=Fri Jun 25 18:23:07 CST 2021, username=null, password=null, phone=3264)
2021-06-25 18:23:07.973 [http-nio-8080-exec-3] INFO  com.yzy.controller.YzzbEmployeeController - User(id=null, code=B28, name=王30, sex=0, state=1, stop=0, createTime=Fri Jun 25 18:23:07 CST 2021, updateTime=Fri Jun 25 18:23:07 CST 2021, username=null, password=null, phone=3265)
2021-06-25 18:23:07.973 [http-nio-8080-exec-3] INFO  com.yzy.controller.YzzbEmployeeController - User(id=null, code=B29, name=王31, sex=1, state=1, stop=0, createTime=Fri Jun 25 18:23:07 CST 2021, updateTime=Fri Jun 25 18:23:07 CST 2021, username=null, password=null, phone=3266)
2021-06-25 18:23:07.974 [http-nio-8080-exec-3] INFO  com.yzy.controller.YzzbEmployeeController - User(id=null, code=B30, name=王32, sex=0, state=1, stop=0, createTime=Fri Jun 25 18:23:07 CST 2021, updateTime=Fri Jun 25 18:23:07 CST 2021, username=null, password=null, phone=3267)
2021-06-25 18:23:07.975 [http-nio-8080-exec-3] INFO  com.yzy.controller.YzzbEmployeeController - User(id=null, code=B31, name=王33, sex=1, state=1, stop=0, createTime=Fri Jun 25 18:23:07 CST 2021, updateTime=Fri Jun 25 18:23:07 CST 2021, username=null, password=null, phone=3268)
2021-06-25 18:23:07.975 [http-nio-8080-exec-3] INFO  com.yzy.controller.YzzbEmployeeController - User(id=null, code=B32, name=王34, sex=0, state=1, stop=0, createTime=Fri Jun 25 18:23:07 CST 2021, updateTime=Fri Jun 25 18:23:07 CST 2021, username=null, password=null, phone=3269)
2021-06-25 18:23:07.975 [http-nio-8080-exec-3] INFO  com.yzy.controller.YzzbEmployeeController - User(id=null, code=B33, name=王35, sex=1, state=1, stop=0, createTime=Fri Jun 25 18:23:07 CST 2021, updateTime=Fri Jun 25 18:23:07 CST 2021, username=null, password=null, phone=3270)
2021-06-25 18:23:07.975 [http-nio-8080-exec-3] INFO  com.yzy.controller.YzzbEmployeeController - User(id=null, code=B34, name=王36, sex=0, state=1, stop=0, createTime=Fri Jun 25 18:23:07 CST 2021, updateTime=Fri Jun 25 18:23:07 CST 2021, username=null, password=null, phone=3271)
2021-06-25 18:23:07.975 [http-nio-8080-exec-3] INFO  com.yzy.controller.YzzbEmployeeController - User(id=null, code=B35, name=王37, sex=1, state=1, stop=0, createTime=Fri Jun 25 18:23:07 CST 2021, updateTime=Fri Jun 25 18:23:07 CST 2021, username=null, password=null, phone=3272)
2021-06-25 18:23:07.975 [http-nio-8080-exec-3] INFO  com.yzy.controller.YzzbEmployeeController - User(id=null, code=B36, name=王38, sex=0, state=1, stop=0, createTime=Fri Jun 25 18:23:07 CST 2021, updateTime=Fri Jun 25 18:23:07 CST 2021, username=null, password=null, phone=3273)
2021-06-25 18:23:07.976 [http-nio-8080-exec-3] INFO  com.yzy.controller.YzzbEmployeeController - User(id=null, code=B37, name=王39, sex=1, state=1, stop=0, createTime=Fri Jun 25 18:23:07 CST 2021, updateTime=Fri Jun 25 18:23:07 CST 2021, username=null, password=null, phone=3274)
2021-06-25 18:23:07.976 [http-nio-8080-exec-3] INFO  com.yzy.controller.YzzbEmployeeController - User(id=null, code=B38, name=王40, sex=0, state=1, stop=0, createTime=Fri Jun 25 18:23:07 CST 2021, updateTime=Fri Jun 25 18:23:07 CST 2021, username=null, password=null, phone=3275)
2021-06-25 18:23:07.976 [http-nio-8080-exec-3] INFO  com.yzy.controller.YzzbEmployeeController - User(id=null, code=B39, name=王41, sex=1, state=1, stop=0, createTime=Fri Jun 25 18:23:07 CST 2021, updateTime=Fri Jun 25 18:23:07 CST 2021, username=null, password=null, phone=3276)
2021-06-25 18:23:07.976 [http-nio-8080-exec-3] INFO  com.yzy.controller.YzzbEmployeeController - User(id=null, code=B40, name=王42, sex=0, state=1, stop=0, createTime=Fri Jun 25 18:23:07 CST 2021, updateTime=Fri Jun 25 18:23:07 CST 2021, username=null, password=null, phone=3277)
2021-06-25 18:23:07.976 [http-nio-8080-exec-3] INFO  com.yzy.controller.YzzbEmployeeController - User(id=null, code=B41, name=王43, sex=1, state=1, stop=0, createTime=Fri Jun 25 18:23:07 CST 2021, updateTime=Fri Jun 25 18:23:07 CST 2021, username=null, password=null, phone=3278)
2021-06-25 18:23:07.976 [http-nio-8080-exec-3] INFO  com.yzy.controller.YzzbEmployeeController - User(id=null, code=B42, name=王44, sex=0, state=1, stop=0, createTime=Fri Jun 25 18:23:07 CST 2021, updateTime=Fri Jun 25 18:23:07 CST 2021, username=null, password=null, phone=3279)
2021-06-25 18:23:07.980 [http-nio-8080-exec-3] INFO  com.yzy.controller.YzzbEmployeeController - User(id=null, code=B43, name=王45, sex=1, state=1, stop=0, createTime=Fri Jun 25 18:23:07 CST 2021, updateTime=Fri Jun 25 18:23:07 CST 2021, username=null, password=null, phone=3280)
2021-06-25 18:23:07.980 [http-nio-8080-exec-3] INFO  com.yzy.controller.YzzbEmployeeController - User(id=null, code=B44, name=王46, sex=0, state=1, stop=0, createTime=Fri Jun 25 18:23:07 CST 2021, updateTime=Fri Jun 25 18:23:07 CST 2021, username=null, password=null, phone=3281)
2021-06-25 18:23:07.980 [http-nio-8080-exec-3] INFO  com.yzy.controller.YzzbEmployeeController - User(id=null, code=B45, name=王47, sex=1, state=1, stop=0, createTime=Fri Jun 25 18:23:07 CST 2021, updateTime=Fri Jun 25 18:23:07 CST 2021, username=null, password=null, phone=3282)
2021-06-25 18:23:07.980 [http-nio-8080-exec-3] INFO  com.yzy.controller.YzzbEmployeeController - User(id=null, code=B46, name=王48, sex=0, state=1, stop=0, createTime=Fri Jun 25 18:23:07 CST 2021, updateTime=Fri Jun 25 18:23:07 CST 2021, username=null, password=null, phone=3283)
2021-06-25 18:23:07.980 [http-nio-8080-exec-3] INFO  com.yzy.controller.YzzbEmployeeController - User(id=null, code=B47, name=王49, sex=1, state=1, stop=0, createTime=Fri Jun 25 18:23:07 CST 2021, updateTime=Fri Jun 25 18:23:07 CST 2021, username=null, password=null, phone=3284)
2021-06-25 18:23:07.981 [http-nio-8080-exec-3] INFO  com.yzy.controller.YzzbEmployeeController - User(id=null, code=B48, name=王50, sex=0, state=1, stop=0, createTime=Fri Jun 25 18:23:07 CST 2021, updateTime=Fri Jun 25 18:23:07 CST 2021, username=null, password=null, phone=3285)
2021-06-25 18:23:07.981 [http-nio-8080-exec-3] INFO  com.yzy.controller.YzzbEmployeeController - User(id=null, code=B49, name=王51, sex=1, state=1, stop=0, createTime=Fri Jun 25 18:23:07 CST 2021, updateTime=Fri Jun 25 18:23:07 CST 2021, username=null, password=null, phone=3286)
2021-06-25 18:23:07.981 [http-nio-8080-exec-3] INFO  com.yzy.controller.YzzbEmployeeController - User(id=null, code=B50, name=王52, sex=0, state=1, stop=0, createTime=Fri Jun 25 18:23:07 CST 2021, updateTime=Fri Jun 25 18:23:07 CST 2021, username=null, password=null, phone=3287)
2021-06-25 18:23:07.981 [http-nio-8080-exec-3] INFO  com.yzy.controller.YzzbEmployeeController - User(id=null, code=B51, name=王53, sex=1, state=1, stop=0, createTime=Fri Jun 25 18:23:07 CST 2021, updateTime=Fri Jun 25 18:23:07 CST 2021, username=null, password=null, phone=3288)
2021-06-25 18:23:07.982 [http-nio-8080-exec-3] INFO  com.yzy.controller.YzzbEmployeeController - User(id=null, code=B52, name=王54, sex=0, state=1, stop=0, createTime=Fri Jun 25 18:23:07 CST 2021, updateTime=Fri Jun 25 18:23:07 CST 2021, username=null, password=null, phone=3289)
2021-06-25 18:23:07.982 [http-nio-8080-exec-3] INFO  com.yzy.controller.YzzbEmployeeController - User(id=null, code=B53, name=王55, sex=1, state=1, stop=0, createTime=Fri Jun 25 18:23:07 CST 2021, updateTime=Fri Jun 25 18:23:07 CST 2021, username=null, password=null, phone=3290)
2021-06-25 18:23:07.982 [http-nio-8080-exec-3] INFO  com.yzy.controller.YzzbEmployeeController - User(id=null, code=B54, name=王56, sex=0, state=1, stop=0, createTime=Fri Jun 25 18:23:07 CST 2021, updateTime=Fri Jun 25 18:23:07 CST 2021, username=null, password=null, phone=3291)
2021-06-25 18:23:07.982 [http-nio-8080-exec-3] INFO  com.yzy.controller.YzzbEmployeeController - User(id=null, code=B55, name=王57, sex=1, state=1, stop=0, createTime=Fri Jun 25 18:23:07 CST 2021, updateTime=Fri Jun 25 18:23:07 CST 2021, username=null, password=null, phone=3292)
2021-06-25 18:23:07.982 [http-nio-8080-exec-3] INFO  com.yzy.controller.YzzbEmployeeController - User(id=null, code=B56, name=王58, sex=0, state=1, stop=0, createTime=Fri Jun 25 18:23:07 CST 2021, updateTime=Fri Jun 25 18:23:07 CST 2021, username=null, password=null, phone=3293)
2021-06-25 18:23:07.982 [http-nio-8080-exec-3] INFO  com.yzy.controller.YzzbEmployeeController - User(id=null, code=B57, name=王59, sex=1, state=1, stop=0, createTime=Fri Jun 25 18:23:07 CST 2021, updateTime=Fri Jun 25 18:23:07 CST 2021, username=null, password=null, phone=3294)
2021-06-25 18:23:07.982 [http-nio-8080-exec-3] INFO  com.yzy.controller.YzzbEmployeeController - User(id=null, code=B58, name=王60, sex=0, state=1, stop=0, createTime=Fri Jun 25 18:23:07 CST 2021, updateTime=Fri Jun 25 18:23:07 CST 2021, username=null, password=null, phone=3295)
2021-06-25 18:23:07.982 [http-nio-8080-exec-3] INFO  com.yzy.controller.YzzbEmployeeController - User(id=null, code=B59, name=王61, sex=1, state=1, stop=0, createTime=Fri Jun 25 18:23:07 CST 2021, updateTime=Fri Jun 25 18:23:07 CST 2021, username=null, password=null, phone=3296)
2021-06-25 18:23:07.983 [http-nio-8080-exec-3] INFO  com.yzy.controller.YzzbEmployeeController - User(id=null, code=B60, name=王62, sex=0, state=1, stop=0, createTime=Fri Jun 25 18:23:07 CST 2021, updateTime=Fri Jun 25 18:23:07 CST 2021, username=null, password=null, phone=3297)
2021-06-25 18:23:07.983 [http-nio-8080-exec-3] INFO  com.yzy.controller.YzzbEmployeeController - User(id=null, code=B61, name=王63, sex=1, state=1, stop=0, createTime=Fri Jun 25 18:23:07 CST 2021, updateTime=Fri Jun 25 18:23:07 CST 2021, username=null, password=null, phone=3298)
2021-06-25 18:23:07.983 [http-nio-8080-exec-3] INFO  com.yzy.controller.YzzbEmployeeController - User(id=null, code=B62, name=王64, sex=0, state=1, stop=0, createTime=Fri Jun 25 18:23:07 CST 2021, updateTime=Fri Jun 25 18:23:07 CST 2021, username=null, password=null, phone=3299)
2021-06-25 18:23:07.983 [http-nio-8080-exec-3] INFO  com.yzy.controller.YzzbEmployeeController - User(id=null, code=B63, name=王65, sex=1, state=1, stop=0, createTime=Fri Jun 25 18:23:07 CST 2021, updateTime=Fri Jun 25 18:23:07 CST 2021, username=null, password=null, phone=3300)
2021-06-25 18:23:07.983 [http-nio-8080-exec-3] INFO  com.yzy.controller.YzzbEmployeeController - User(id=null, code=B64, name=王66, sex=0, state=1, stop=0, createTime=Fri Jun 25 18:23:07 CST 2021, updateTime=Fri Jun 25 18:23:07 CST 2021, username=null, password=null, phone=3301)
2021-06-25 18:23:07.983 [http-nio-8080-exec-3] INFO  com.yzy.controller.YzzbEmployeeController - User(id=null, code=B65, name=王67, sex=1, state=1, stop=0, createTime=Fri Jun 25 18:23:07 CST 2021, updateTime=Fri Jun 25 18:23:07 CST 2021, username=null, password=null, phone=3302)
2021-06-25 18:23:07.983 [http-nio-8080-exec-3] INFO  com.yzy.controller.YzzbEmployeeController - User(id=null, code=B66, name=王68, sex=0, state=1, stop=0, createTime=Fri Jun 25 18:23:07 CST 2021, updateTime=Fri Jun 25 18:23:07 CST 2021, username=null, password=null, phone=3303)
2021-06-25 18:23:07.984 [http-nio-8080-exec-3] INFO  com.yzy.controller.YzzbEmployeeController - User(id=null, code=B67, name=王69, sex=1, state=1, stop=0, createTime=Fri Jun 25 18:23:07 CST 2021, updateTime=Fri Jun 25 18:23:07 CST 2021, username=null, password=null, phone=3304)
2021-06-25 18:23:07.984 [http-nio-8080-exec-3] INFO  com.yzy.controller.YzzbEmployeeController - User(id=null, code=B68, name=王70, sex=0, state=1, stop=0, createTime=Fri Jun 25 18:23:07 CST 2021, updateTime=Fri Jun 25 18:23:07 CST 2021, username=null, password=null, phone=3305)
2021-06-25 18:23:07.984 [http-nio-8080-exec-3] INFO  com.yzy.controller.YzzbEmployeeController - User(id=null, code=B69, name=王71, sex=1, state=1, stop=0, createTime=Fri Jun 25 18:23:07 CST 2021, updateTime=Fri Jun 25 18:23:07 CST 2021, username=null, password=null, phone=3306)
2021-06-25 18:23:07.984 [http-nio-8080-exec-3] INFO  com.yzy.controller.YzzbEmployeeController - User(id=null, code=B70, name=王72, sex=0, state=1, stop=0, createTime=Fri Jun 25 18:23:07 CST 2021, updateTime=Fri Jun 25 18:23:07 CST 2021, username=null, password=null, phone=3307)
2021-06-25 18:23:07.984 [http-nio-8080-exec-3] INFO  com.yzy.controller.YzzbEmployeeController - User(id=null, code=B71, name=王73, sex=1, state=1, stop=0, createTime=Fri Jun 25 18:23:07 CST 2021, updateTime=Fri Jun 25 18:23:07 CST 2021, username=null, password=null, phone=3308)
2021-06-25 18:23:07.984 [http-nio-8080-exec-3] INFO  com.yzy.controller.YzzbEmployeeController - User(id=null, code=B72, name=王74, sex=0, state=1, stop=0, createTime=Fri Jun 25 18:23:07 CST 2021, updateTime=Fri Jun 25 18:23:07 CST 2021, username=null, password=null, phone=3309)
2021-06-25 18:23:07.985 [http-nio-8080-exec-3] INFO  com.yzy.controller.YzzbEmployeeController - User(id=null, code=B73, name=王75, sex=1, state=1, stop=0, createTime=Fri Jun 25 18:23:07 CST 2021, updateTime=Fri Jun 25 18:23:07 CST 2021, username=null, password=null, phone=3310)
2021-06-25 18:23:07.985 [http-nio-8080-exec-3] INFO  com.yzy.controller.YzzbEmployeeController - User(id=null, code=B74, name=王76, sex=0, state=1, stop=0, createTime=Fri Jun 25 18:23:07 CST 2021, updateTime=Fri Jun 25 18:23:07 CST 2021, username=null, password=null, phone=3311)
2021-06-25 18:23:07.986 [http-nio-8080-exec-3] INFO  com.yzy.controller.YzzbEmployeeController - User(id=null, code=B75, name=王77, sex=1, state=1, stop=0, createTime=Fri Jun 25 18:23:07 CST 2021, updateTime=Fri Jun 25 18:23:07 CST 2021, username=null, password=null, phone=3312)
2021-06-25 18:23:07.986 [http-nio-8080-exec-3] INFO  com.yzy.controller.YzzbEmployeeController - User(id=null, code=B76, name=王78, sex=0, state=1, stop=0, createTime=Fri Jun 25 18:23:07 CST 2021, updateTime=Fri Jun 25 18:23:07 CST 2021, username=null, password=null, phone=3313)
2021-06-25 18:23:07.986 [http-nio-8080-exec-3] INFO  com.yzy.controller.YzzbEmployeeController - User(id=null, code=B77, name=王79, sex=1, state=1, stop=0, createTime=Fri Jun 25 18:23:07 CST 2021, updateTime=Fri Jun 25 18:23:07 CST 2021, username=null, password=null, phone=3314)
2021-06-25 18:23:07.986 [http-nio-8080-exec-3] INFO  com.yzy.controller.YzzbEmployeeController - User(id=null, code=B78, name=王80, sex=0, state=1, stop=0, createTime=Fri Jun 25 18:23:07 CST 2021, updateTime=Fri Jun 25 18:23:07 CST 2021, username=null, password=null, phone=3315)
2021-06-25 18:23:07.986 [http-nio-8080-exec-3] INFO  com.yzy.controller.YzzbEmployeeController - User(id=null, code=B79, name=王81, sex=1, state=1, stop=0, createTime=Fri Jun 25 18:23:07 CST 2021, updateTime=Fri Jun 25 18:23:07 CST 2021, username=null, password=null, phone=3316)
2021-06-25 18:23:07.986 [http-nio-8080-exec-3] INFO  com.yzy.controller.YzzbEmployeeController - User(id=null, code=B80, name=王82, sex=0, state=1, stop=0, createTime=Fri Jun 25 18:23:07 CST 2021, updateTime=Fri Jun 25 18:23:07 CST 2021, username=null, password=null, phone=3317)
2021-06-25 18:23:07.986 [http-nio-8080-exec-3] INFO  com.yzy.controller.YzzbEmployeeController - User(id=null, code=B81, name=王83, sex=1, state=1, stop=0, createTime=Fri Jun 25 18:23:07 CST 2021, updateTime=Fri Jun 25 18:23:07 CST 2021, username=null, password=null, phone=3318)
2021-06-25 18:23:07.986 [http-nio-8080-exec-3] INFO  com.yzy.controller.YzzbEmployeeController - User(id=null, code=B82, name=王84, sex=0, state=1, stop=0, createTime=Fri Jun 25 18:23:07 CST 2021, updateTime=Fri Jun 25 18:23:07 CST 2021, username=null, password=null, phone=3319)
2021-06-25 18:23:07.986 [http-nio-8080-exec-3] INFO  com.yzy.controller.YzzbEmployeeController - User(id=null, code=B83, name=王85, sex=1, state=1, stop=0, createTime=Fri Jun 25 18:23:07 CST 2021, updateTime=Fri Jun 25 18:23:07 CST 2021, username=null, password=null, phone=3320)
2021-06-25 18:23:07.986 [http-nio-8080-exec-3] INFO  com.yzy.controller.YzzbEmployeeController - User(id=null, code=B84, name=王86, sex=0, state=1, stop=0, createTime=Fri Jun 25 18:23:07 CST 2021, updateTime=Fri Jun 25 18:23:07 CST 2021, username=null, password=null, phone=3321)
2021-06-25 18:23:07.986 [http-nio-8080-exec-3] INFO  com.yzy.controller.YzzbEmployeeController - User(id=null, code=B85, name=王87, sex=1, state=1, stop=0, createTime=Fri Jun 25 18:23:07 CST 2021, updateTime=Fri Jun 25 18:23:07 CST 2021, username=null, password=null, phone=3322)
2021-06-25 18:23:07.987 [http-nio-8080-exec-3] INFO  com.yzy.controller.YzzbEmployeeController - User(id=null, code=B86, name=王88, sex=0, state=1, stop=0, createTime=Fri Jun 25 18:23:07 CST 2021, updateTime=Fri Jun 25 18:23:07 CST 2021, username=null, password=null, phone=3323)
2021-06-25 18:23:07.987 [http-nio-8080-exec-3] INFO  com.yzy.controller.YzzbEmployeeController - User(id=null, code=B87, name=王89, sex=1, state=1, stop=0, createTime=Fri Jun 25 18:23:07 CST 2021, updateTime=Fri Jun 25 18:23:07 CST 2021, username=null, password=null, phone=3324)
2021-06-25 18:23:07.987 [http-nio-8080-exec-3] INFO  com.yzy.controller.YzzbEmployeeController - User(id=null, code=B88, name=王90, sex=0, state=1, stop=0, createTime=Fri Jun 25 18:23:07 CST 2021, updateTime=Fri Jun 25 18:23:07 CST 2021, username=null, password=null, phone=3325)
2021-06-25 18:23:07.987 [http-nio-8080-exec-3] INFO  com.yzy.controller.YzzbEmployeeController - User(id=null, code=B89, name=王91, sex=1, state=1, stop=0, createTime=Fri Jun 25 18:23:07 CST 2021, updateTime=Fri Jun 25 18:23:07 CST 2021, username=null, password=null, phone=3326)
2021-06-25 18:23:07.987 [http-nio-8080-exec-3] INFO  com.yzy.controller.YzzbEmployeeController - User(id=null, code=B90, name=王92, sex=0, state=1, stop=0, createTime=Fri Jun 25 18:23:07 CST 2021, updateTime=Fri Jun 25 18:23:07 CST 2021, username=null, password=null, phone=3327)
2021-06-25 18:23:07.987 [http-nio-8080-exec-3] INFO  com.yzy.controller.YzzbEmployeeController - User(id=null, code=B91, name=王93, sex=1, state=1, stop=0, createTime=Fri Jun 25 18:23:07 CST 2021, updateTime=Fri Jun 25 18:23:07 CST 2021, username=null, password=null, phone=3328)
2021-06-25 18:23:07.987 [http-nio-8080-exec-3] INFO  com.yzy.controller.YzzbEmployeeController - User(id=null, code=B92, name=王94, sex=0, state=1, stop=0, createTime=Fri Jun 25 18:23:07 CST 2021, updateTime=Fri Jun 25 18:23:07 CST 2021, username=null, password=null, phone=3329)
2021-06-25 18:23:07.987 [http-nio-8080-exec-3] INFO  com.yzy.controller.YzzbEmployeeController - User(id=null, code=B93, name=王95, sex=1, state=1, stop=0, createTime=Fri Jun 25 18:23:07 CST 2021, updateTime=Fri Jun 25 18:23:07 CST 2021, username=null, password=null, phone=3330)
2021-06-25 18:23:07.987 [http-nio-8080-exec-3] INFO  com.yzy.controller.YzzbEmployeeController - User(id=null, code=B94, name=王96, sex=0, state=1, stop=0, createTime=Fri Jun 25 18:23:07 CST 2021, updateTime=Fri Jun 25 18:23:07 CST 2021, username=null, password=null, phone=3331)
2021-06-25 18:23:07.988 [http-nio-8080-exec-3] INFO  com.yzy.controller.YzzbEmployeeController - User(id=null, code=B95, name=王97, sex=1, state=1, stop=0, createTime=Fri Jun 25 18:23:07 CST 2021, updateTime=Fri Jun 25 18:23:07 CST 2021, username=null, password=null, phone=3332)
2021-06-25 18:23:07.988 [http-nio-8080-exec-3] INFO  com.yzy.controller.YzzbEmployeeController - User(id=null, code=B96, name=王98, sex=0, state=1, stop=0, createTime=Fri Jun 25 18:23:07 CST 2021, updateTime=Fri Jun 25 18:23:07 CST 2021, username=null, password=null, phone=3333)
2021-06-25 18:23:07.988 [http-nio-8080-exec-3] INFO  com.yzy.controller.YzzbEmployeeController - User(id=null, code=B97, name=王99, sex=1, state=1, stop=0, createTime=Fri Jun 25 18:23:07 CST 2021, updateTime=Fri Jun 25 18:23:07 CST 2021, username=null, password=null, phone=3334)
2021-06-25 18:23:07.988 [http-nio-8080-exec-3] INFO  com.yzy.controller.YzzbEmployeeController - User(id=null, code=B98, name=王100, sex=0, state=1, stop=0, createTime=Fri Jun 25 18:23:07 CST 2021, updateTime=Fri Jun 25 18:23:07 CST 2021, username=null, password=null, phone=3335)
2021-06-25 18:23:07.988 [http-nio-8080-exec-3] INFO  com.yzy.controller.YzzbEmployeeController - User(id=null, code=B99, name=王101, sex=1, state=1, stop=0, createTime=Fri Jun 25 18:23:07 CST 2021, updateTime=Fri Jun 25 18:23:07 CST 2021, username=null, password=null, phone=3336)
2021-06-25 18:23:07.989 [http-nio-8080-exec-3] INFO  com.yzy.controller.YzzbEmployeeController - User(id=null, code=B100, name=王102, sex=0, state=1, stop=0, createTime=Fri Jun 25 18:23:07 CST 2021, updateTime=Fri Jun 25 18:23:07 CST 2021, username=null, password=null, phone=3337)
2021-06-25 18:23:08.026 [http-nio-8080-exec-3] INFO  com.zaxxer.hikari.HikariDataSource - HikariPool-1 - Starting...
2021-06-25 18:23:08.714 [http-nio-8080-exec-3] INFO  com.zaxxer.hikari.HikariDataSource - HikariPool-1 - Start completed.
2021-06-25 18:24:55.812 [http-nio-8080-exec-9] INFO  com.yzy.controller.YzzbEmployeeController - User(id=null, code=B6, name=王8, sex=0, state=1, stop=0, createTime=Fri Jun 25 18:24:55 CST 2021, updateTime=Fri Jun 25 18:24:55 CST 2021, username=null, password=null, phone=3243)
2021-06-25 18:24:55.812 [http-nio-8080-exec-9] INFO  com.yzy.controller.YzzbEmployeeController - User(id=null, code=B7, name=王9, sex=1, state=1, stop=0, createTime=Fri Jun 25 18:24:55 CST 2021, updateTime=Fri Jun 25 18:24:55 CST 2021, username=null, password=null, phone=3244)
2021-06-25 18:24:55.812 [http-nio-8080-exec-9] INFO  com.yzy.controller.YzzbEmployeeController - User(id=null, code=B8, name=王10, sex=0, state=1, stop=0, createTime=Fri Jun 25 18:24:55 CST 2021, updateTime=Fri Jun 25 18:24:55 CST 2021, username=null, password=null, phone=3245)
2021-06-25 18:24:55.812 [http-nio-8080-exec-9] INFO  com.yzy.controller.YzzbEmployeeController - User(id=null, code=B9, name=王11, sex=1, state=1, stop=0, createTime=Fri Jun 25 18:24:55 CST 2021, updateTime=Fri Jun 25 18:24:55 CST 2021, username=null, password=null, phone=3246)
2021-06-25 18:24:55.812 [http-nio-8080-exec-9] INFO  com.yzy.controller.YzzbEmployeeController - User(id=null, code=B10, name=王12, sex=0, state=1, stop=0, createTime=Fri Jun 25 18:24:55 CST 2021, updateTime=Fri Jun 25 18:24:55 CST 2021, username=null, password=null, phone=3247)
2021-06-25 18:24:55.812 [http-nio-8080-exec-9] INFO  com.yzy.controller.YzzbEmployeeController - User(id=null, code=B11, name=王13, sex=1, state=1, stop=0, createTime=Fri Jun 25 18:24:55 CST 2021, updateTime=Fri Jun 25 18:24:55 CST 2021, username=null, password=null, phone=3248)
2021-06-25 18:24:55.813 [http-nio-8080-exec-9] INFO  com.yzy.controller.YzzbEmployeeController - User(id=null, code=B12, name=王14, sex=0, state=1, stop=0, createTime=Fri Jun 25 18:24:55 CST 2021, updateTime=Fri Jun 25 18:24:55 CST 2021, username=null, password=null, phone=3249)
2021-06-25 18:24:55.813 [http-nio-8080-exec-9] INFO  com.yzy.controller.YzzbEmployeeController - User(id=null, code=B13, name=王15, sex=1, state=1, stop=0, createTime=Fri Jun 25 18:24:55 CST 2021, updateTime=Fri Jun 25 18:24:55 CST 2021, username=null, password=null, phone=3250)
2021-06-25 18:24:55.813 [http-nio-8080-exec-9] INFO  com.yzy.controller.YzzbEmployeeController - User(id=null, code=B14, name=王16, sex=0, state=1, stop=0, createTime=Fri Jun 25 18:24:55 CST 2021, updateTime=Fri Jun 25 18:24:55 CST 2021, username=null, password=null, phone=3251)
2021-06-25 18:24:55.813 [http-nio-8080-exec-9] INFO  com.yzy.controller.YzzbEmployeeController - User(id=null, code=B15, name=王17, sex=1, state=1, stop=0, createTime=Fri Jun 25 18:24:55 CST 2021, updateTime=Fri Jun 25 18:24:55 CST 2021, username=null, password=null, phone=3252)
2021-06-25 18:24:55.813 [http-nio-8080-exec-9] INFO  com.yzy.controller.YzzbEmployeeController - User(id=null, code=B16, name=王18, sex=0, state=1, stop=0, createTime=Fri Jun 25 18:24:55 CST 2021, updateTime=Fri Jun 25 18:24:55 CST 2021, username=null, password=null, phone=3253)
2021-06-25 18:24:55.814 [http-nio-8080-exec-9] INFO  com.yzy.controller.YzzbEmployeeController - User(id=null, code=B17, name=王19, sex=1, state=1, stop=0, createTime=Fri Jun 25 18:24:55 CST 2021, updateTime=Fri Jun 25 18:24:55 CST 2021, username=null, password=null, phone=3254)
2021-06-25 18:24:55.814 [http-nio-8080-exec-9] INFO  com.yzy.controller.YzzbEmployeeController - User(id=null, code=B18, name=王20, sex=0, state=1, stop=0, createTime=Fri Jun 25 18:24:55 CST 2021, updateTime=Fri Jun 25 18:24:55 CST 2021, username=null, password=null, phone=3255)
2021-06-25 18:24:55.814 [http-nio-8080-exec-9] INFO  com.yzy.controller.YzzbEmployeeController - User(id=null, code=B19, name=王21, sex=1, state=1, stop=0, createTime=Fri Jun 25 18:24:55 CST 2021, updateTime=Fri Jun 25 18:24:55 CST 2021, username=null, password=null, phone=3256)
2021-06-25 18:24:55.814 [http-nio-8080-exec-9] INFO  com.yzy.controller.YzzbEmployeeController - User(id=null, code=B20, name=王22, sex=0, state=1, stop=0, createTime=Fri Jun 25 18:24:55 CST 2021, updateTime=Fri Jun 25 18:24:55 CST 2021, username=null, password=null, phone=3257)
2021-06-25 18:24:55.814 [http-nio-8080-exec-9] INFO  com.yzy.controller.YzzbEmployeeController - User(id=null, code=B21, name=王23, sex=1, state=1, stop=0, createTime=Fri Jun 25 18:24:55 CST 2021, updateTime=Fri Jun 25 18:24:55 CST 2021, username=null, password=null, phone=3258)
2021-06-25 18:24:55.814 [http-nio-8080-exec-9] INFO  com.yzy.controller.YzzbEmployeeController - User(id=null, code=B22, name=王24, sex=0, state=1, stop=0, createTime=Fri Jun 25 18:24:55 CST 2021, updateTime=Fri Jun 25 18:24:55 CST 2021, username=null, password=null, phone=3259)
2021-06-25 18:24:55.814 [http-nio-8080-exec-9] INFO  com.yzy.controller.YzzbEmployeeController - User(id=null, code=B23, name=王25, sex=1, state=1, stop=0, createTime=Fri Jun 25 18:24:55 CST 2021, updateTime=Fri Jun 25 18:24:55 CST 2021, username=null, password=null, phone=3260)
2021-06-25 18:24:55.814 [http-nio-8080-exec-9] INFO  com.yzy.controller.YzzbEmployeeController - User(id=null, code=B24, name=王26, sex=0, state=1, stop=0, createTime=Fri Jun 25 18:24:55 CST 2021, updateTime=Fri Jun 25 18:24:55 CST 2021, username=null, password=null, phone=3261)
2021-06-25 18:24:55.815 [http-nio-8080-exec-9] INFO  com.yzy.controller.YzzbEmployeeController - User(id=null, code=B25, name=王27, sex=1, state=1, stop=0, createTime=Fri Jun 25 18:24:55 CST 2021, updateTime=Fri Jun 25 18:24:55 CST 2021, username=null, password=null, phone=3262)
2021-06-25 18:24:55.815 [http-nio-8080-exec-9] INFO  com.yzy.controller.YzzbEmployeeController - User(id=null, code=B26, name=王28, sex=0, state=1, stop=0, createTime=Fri Jun 25 18:24:55 CST 2021, updateTime=Fri Jun 25 18:24:55 CST 2021, username=null, password=null, phone=3263)
2021-06-25 18:24:55.815 [http-nio-8080-exec-9] INFO  com.yzy.controller.YzzbEmployeeController - User(id=null, code=B27, name=王29, sex=1, state=1, stop=0, createTime=Fri Jun 25 18:24:55 CST 2021, updateTime=Fri Jun 25 18:24:55 CST 2021, username=null, password=null, phone=3264)
2021-06-25 18:24:55.815 [http-nio-8080-exec-9] INFO  com.yzy.controller.YzzbEmployeeController - User(id=null, code=B28, name=王30, sex=0, state=1, stop=0, createTime=Fri Jun 25 18:24:55 CST 2021, updateTime=Fri Jun 25 18:24:55 CST 2021, username=null, password=null, phone=3265)
2021-06-25 18:24:55.815 [http-nio-8080-exec-9] INFO  com.yzy.controller.YzzbEmployeeController - User(id=null, code=B29, name=王31, sex=1, state=1, stop=0, createTime=Fri Jun 25 18:24:55 CST 2021, updateTime=Fri Jun 25 18:24:55 CST 2021, username=null, password=null, phone=3266)
2021-06-25 18:24:55.815 [http-nio-8080-exec-9] INFO  com.yzy.controller.YzzbEmployeeController - User(id=null, code=B30, name=王32, sex=0, state=1, stop=0, createTime=Fri Jun 25 18:24:55 CST 2021, updateTime=Fri Jun 25 18:24:55 CST 2021, username=null, password=null, phone=3267)
2021-06-25 18:24:55.815 [http-nio-8080-exec-9] INFO  com.yzy.controller.YzzbEmployeeController - User(id=null, code=B31, name=王33, sex=1, state=1, stop=0, createTime=Fri Jun 25 18:24:55 CST 2021, updateTime=Fri Jun 25 18:24:55 CST 2021, username=null, password=null, phone=3268)
2021-06-25 18:24:55.815 [http-nio-8080-exec-9] INFO  com.yzy.controller.YzzbEmployeeController - User(id=null, code=B32, name=王34, sex=0, state=1, stop=0, createTime=Fri Jun 25 18:24:55 CST 2021, updateTime=Fri Jun 25 18:24:55 CST 2021, username=null, password=null, phone=3269)
2021-06-25 18:24:55.816 [http-nio-8080-exec-9] INFO  com.yzy.controller.YzzbEmployeeController - User(id=null, code=B33, name=王35, sex=1, state=1, stop=0, createTime=Fri Jun 25 18:24:55 CST 2021, updateTime=Fri Jun 25 18:24:55 CST 2021, username=null, password=null, phone=3270)
2021-06-25 18:24:55.816 [http-nio-8080-exec-9] INFO  com.yzy.controller.YzzbEmployeeController - User(id=null, code=B34, name=王36, sex=0, state=1, stop=0, createTime=Fri Jun 25 18:24:55 CST 2021, updateTime=Fri Jun 25 18:24:55 CST 2021, username=null, password=null, phone=3271)
2021-06-25 18:24:55.816 [http-nio-8080-exec-9] INFO  com.yzy.controller.YzzbEmployeeController - User(id=null, code=B35, name=王37, sex=1, state=1, stop=0, createTime=Fri Jun 25 18:24:55 CST 2021, updateTime=Fri Jun 25 18:24:55 CST 2021, username=null, password=null, phone=3272)
2021-06-25 18:24:55.816 [http-nio-8080-exec-9] INFO  com.yzy.controller.YzzbEmployeeController - User(id=null, code=B36, name=王38, sex=0, state=1, stop=0, createTime=Fri Jun 25 18:24:55 CST 2021, updateTime=Fri Jun 25 18:24:55 CST 2021, username=null, password=null, phone=3273)
2021-06-25 18:24:55.816 [http-nio-8080-exec-9] INFO  com.yzy.controller.YzzbEmployeeController - User(id=null, code=B37, name=王39, sex=1, state=1, stop=0, createTime=Fri Jun 25 18:24:55 CST 2021, updateTime=Fri Jun 25 18:24:55 CST 2021, username=null, password=null, phone=3274)
2021-06-25 18:24:55.816 [http-nio-8080-exec-9] INFO  com.yzy.controller.YzzbEmployeeController - User(id=null, code=B38, name=王40, sex=0, state=1, stop=0, createTime=Fri Jun 25 18:24:55 CST 2021, updateTime=Fri Jun 25 18:24:55 CST 2021, username=null, password=null, phone=3275)
2021-06-25 18:24:55.816 [http-nio-8080-exec-9] INFO  com.yzy.controller.YzzbEmployeeController - User(id=null, code=B39, name=王41, sex=1, state=1, stop=0, createTime=Fri Jun 25 18:24:55 CST 2021, updateTime=Fri Jun 25 18:24:55 CST 2021, username=null, password=null, phone=3276)
2021-06-25 18:24:55.816 [http-nio-8080-exec-9] INFO  com.yzy.controller.YzzbEmployeeController - User(id=null, code=B40, name=王42, sex=0, state=1, stop=0, createTime=Fri Jun 25 18:24:55 CST 2021, updateTime=Fri Jun 25 18:24:55 CST 2021, username=null, password=null, phone=3277)
2021-06-25 18:24:55.817 [http-nio-8080-exec-9] INFO  com.yzy.controller.YzzbEmployeeController - User(id=null, code=B41, name=王43, sex=1, state=1, stop=0, createTime=Fri Jun 25 18:24:55 CST 2021, updateTime=Fri Jun 25 18:24:55 CST 2021, username=null, password=null, phone=3278)
2021-06-25 18:24:55.817 [http-nio-8080-exec-9] INFO  com.yzy.controller.YzzbEmployeeController - User(id=null, code=B42, name=王44, sex=0, state=1, stop=0, createTime=Fri Jun 25 18:24:55 CST 2021, updateTime=Fri Jun 25 18:24:55 CST 2021, username=null, password=null, phone=3279)
2021-06-25 18:24:55.817 [http-nio-8080-exec-9] INFO  com.yzy.controller.YzzbEmployeeController - User(id=null, code=B43, name=王45, sex=1, state=1, stop=0, createTime=Fri Jun 25 18:24:55 CST 2021, updateTime=Fri Jun 25 18:24:55 CST 2021, username=null, password=null, phone=3280)
2021-06-25 18:24:55.817 [http-nio-8080-exec-9] INFO  com.yzy.controller.YzzbEmployeeController - User(id=null, code=B44, name=王46, sex=0, state=1, stop=0, createTime=Fri Jun 25 18:24:55 CST 2021, updateTime=Fri Jun 25 18:24:55 CST 2021, username=null, password=null, phone=3281)
2021-06-25 18:24:55.817 [http-nio-8080-exec-9] INFO  com.yzy.controller.YzzbEmployeeController - User(id=null, code=B45, name=王47, sex=1, state=1, stop=0, createTime=Fri Jun 25 18:24:55 CST 2021, updateTime=Fri Jun 25 18:24:55 CST 2021, username=null, password=null, phone=3282)
2021-06-25 18:24:55.817 [http-nio-8080-exec-9] INFO  com.yzy.controller.YzzbEmployeeController - User(id=null, code=B46, name=王48, sex=0, state=1, stop=0, createTime=Fri Jun 25 18:24:55 CST 2021, updateTime=Fri Jun 25 18:24:55 CST 2021, username=null, password=null, phone=3283)
2021-06-25 18:24:55.817 [http-nio-8080-exec-9] INFO  com.yzy.controller.YzzbEmployeeController - User(id=null, code=B47, name=王49, sex=1, state=1, stop=0, createTime=Fri Jun 25 18:24:55 CST 2021, updateTime=Fri Jun 25 18:24:55 CST 2021, username=null, password=null, phone=3284)
2021-06-25 18:24:55.817 [http-nio-8080-exec-9] INFO  com.yzy.controller.YzzbEmployeeController - User(id=null, code=B48, name=王50, sex=0, state=1, stop=0, createTime=Fri Jun 25 18:24:55 CST 2021, updateTime=Fri Jun 25 18:24:55 CST 2021, username=null, password=null, phone=3285)
2021-06-25 18:24:55.817 [http-nio-8080-exec-9] INFO  com.yzy.controller.YzzbEmployeeController - User(id=null, code=B49, name=王51, sex=1, state=1, stop=0, createTime=Fri Jun 25 18:24:55 CST 2021, updateTime=Fri Jun 25 18:24:55 CST 2021, username=null, password=null, phone=3286)
2021-06-25 18:24:55.818 [http-nio-8080-exec-9] INFO  com.yzy.controller.YzzbEmployeeController - User(id=null, code=B50, name=王52, sex=0, state=1, stop=0, createTime=Fri Jun 25 18:24:55 CST 2021, updateTime=Fri Jun 25 18:24:55 CST 2021, username=null, password=null, phone=3287)
2021-06-25 18:24:55.818 [http-nio-8080-exec-9] INFO  com.yzy.controller.YzzbEmployeeController - User(id=null, code=B51, name=王53, sex=1, state=1, stop=0, createTime=Fri Jun 25 18:24:55 CST 2021, updateTime=Fri Jun 25 18:24:55 CST 2021, username=null, password=null, phone=3288)
2021-06-25 18:24:55.818 [http-nio-8080-exec-9] INFO  com.yzy.controller.YzzbEmployeeController - User(id=null, code=B52, name=王54, sex=0, state=1, stop=0, createTime=Fri Jun 25 18:24:55 CST 2021, updateTime=Fri Jun 25 18:24:55 CST 2021, username=null, password=null, phone=3289)
2021-06-25 18:24:55.818 [http-nio-8080-exec-9] INFO  com.yzy.controller.YzzbEmployeeController - User(id=null, code=B53, name=王55, sex=1, state=1, stop=0, createTime=Fri Jun 25 18:24:55 CST 2021, updateTime=Fri Jun 25 18:24:55 CST 2021, username=null, password=null, phone=3290)
2021-06-25 18:24:55.818 [http-nio-8080-exec-9] INFO  com.yzy.controller.YzzbEmployeeController - User(id=null, code=B54, name=王56, sex=0, state=1, stop=0, createTime=Fri Jun 25 18:24:55 CST 2021, updateTime=Fri Jun 25 18:24:55 CST 2021, username=null, password=null, phone=3291)
2021-06-25 18:24:55.818 [http-nio-8080-exec-9] INFO  com.yzy.controller.YzzbEmployeeController - User(id=null, code=B55, name=王57, sex=1, state=1, stop=0, createTime=Fri Jun 25 18:24:55 CST 2021, updateTime=Fri Jun 25 18:24:55 CST 2021, username=null, password=null, phone=3292)
2021-06-25 18:24:55.818 [http-nio-8080-exec-9] INFO  com.yzy.controller.YzzbEmployeeController - User(id=null, code=B56, name=王58, sex=0, state=1, stop=0, createTime=Fri Jun 25 18:24:55 CST 2021, updateTime=Fri Jun 25 18:24:55 CST 2021, username=null, password=null, phone=3293)
2021-06-25 18:24:55.818 [http-nio-8080-exec-9] INFO  com.yzy.controller.YzzbEmployeeController - User(id=null, code=B57, name=王59, sex=1, state=1, stop=0, createTime=Fri Jun 25 18:24:55 CST 2021, updateTime=Fri Jun 25 18:24:55 CST 2021, username=null, password=null, phone=3294)
2021-06-25 18:24:55.819 [http-nio-8080-exec-9] INFO  com.yzy.controller.YzzbEmployeeController - User(id=null, code=B58, name=王60, sex=0, state=1, stop=0, createTime=Fri Jun 25 18:24:55 CST 2021, updateTime=Fri Jun 25 18:24:55 CST 2021, username=null, password=null, phone=3295)
2021-06-25 18:24:55.819 [http-nio-8080-exec-9] INFO  com.yzy.controller.YzzbEmployeeController - User(id=null, code=B59, name=王61, sex=1, state=1, stop=0, createTime=Fri Jun 25 18:24:55 CST 2021, updateTime=Fri Jun 25 18:24:55 CST 2021, username=null, password=null, phone=3296)
2021-06-25 18:24:55.819 [http-nio-8080-exec-9] INFO  com.yzy.controller.YzzbEmployeeController - User(id=null, code=B60, name=王62, sex=0, state=1, stop=0, createTime=Fri Jun 25 18:24:55 CST 2021, updateTime=Fri Jun 25 18:24:55 CST 2021, username=null, password=null, phone=3297)
2021-06-25 18:24:55.819 [http-nio-8080-exec-9] INFO  com.yzy.controller.YzzbEmployeeController - User(id=null, code=B61, name=王63, sex=1, state=1, stop=0, createTime=Fri Jun 25 18:24:55 CST 2021, updateTime=Fri Jun 25 18:24:55 CST 2021, username=null, password=null, phone=3298)
2021-06-25 18:24:55.819 [http-nio-8080-exec-9] INFO  com.yzy.controller.YzzbEmployeeController - User(id=null, code=B62, name=王64, sex=0, state=1, stop=0, createTime=Fri Jun 25 18:24:55 CST 2021, updateTime=Fri Jun 25 18:24:55 CST 2021, username=null, password=null, phone=3299)
2021-06-25 18:24:55.819 [http-nio-8080-exec-9] INFO  com.yzy.controller.YzzbEmployeeController - User(id=null, code=B63, name=王65, sex=1, state=1, stop=0, createTime=Fri Jun 25 18:24:55 CST 2021, updateTime=Fri Jun 25 18:24:55 CST 2021, username=null, password=null, phone=3300)
2021-06-25 18:24:55.819 [http-nio-8080-exec-9] INFO  com.yzy.controller.YzzbEmployeeController - User(id=null, code=B64, name=王66, sex=0, state=1, stop=0, createTime=Fri Jun 25 18:24:55 CST 2021, updateTime=Fri Jun 25 18:24:55 CST 2021, username=null, password=null, phone=3301)
2021-06-25 18:24:55.819 [http-nio-8080-exec-9] INFO  com.yzy.controller.YzzbEmployeeController - User(id=null, code=B65, name=王67, sex=1, state=1, stop=0, createTime=Fri Jun 25 18:24:55 CST 2021, updateTime=Fri Jun 25 18:24:55 CST 2021, username=null, password=null, phone=3302)
2021-06-25 18:24:55.819 [http-nio-8080-exec-9] INFO  com.yzy.controller.YzzbEmployeeController - User(id=null, code=B66, name=王68, sex=0, state=1, stop=0, createTime=Fri Jun 25 18:24:55 CST 2021, updateTime=Fri Jun 25 18:24:55 CST 2021, username=null, password=null, phone=3303)
2021-06-25 18:24:55.820 [http-nio-8080-exec-9] INFO  com.yzy.controller.YzzbEmployeeController - User(id=null, code=B67, name=王69, sex=1, state=1, stop=0, createTime=Fri Jun 25 18:24:55 CST 2021, updateTime=Fri Jun 25 18:24:55 CST 2021, username=null, password=null, phone=3304)
2021-06-25 18:24:55.820 [http-nio-8080-exec-9] INFO  com.yzy.controller.YzzbEmployeeController - User(id=null, code=B68, name=王70, sex=0, state=1, stop=0, createTime=Fri Jun 25 18:24:55 CST 2021, updateTime=Fri Jun 25 18:24:55 CST 2021, username=null, password=null, phone=3305)
2021-06-25 18:24:55.820 [http-nio-8080-exec-9] INFO  com.yzy.controller.YzzbEmployeeController - User(id=null, code=B69, name=王71, sex=1, state=1, stop=0, createTime=Fri Jun 25 18:24:55 CST 2021, updateTime=Fri Jun 25 18:24:55 CST 2021, username=null, password=null, phone=3306)
2021-06-25 18:24:55.820 [http-nio-8080-exec-9] INFO  com.yzy.controller.YzzbEmployeeController - User(id=null, code=B70, name=王72, sex=0, state=1, stop=0, createTime=Fri Jun 25 18:24:55 CST 2021, updateTime=Fri Jun 25 18:24:55 CST 2021, username=null, password=null, phone=3307)
2021-06-25 18:24:55.820 [http-nio-8080-exec-9] INFO  com.yzy.controller.YzzbEmployeeController - User(id=null, code=B71, name=王73, sex=1, state=1, stop=0, createTime=Fri Jun 25 18:24:55 CST 2021, updateTime=Fri Jun 25 18:24:55 CST 2021, username=null, password=null, phone=3308)
2021-06-25 18:24:55.820 [http-nio-8080-exec-9] INFO  com.yzy.controller.YzzbEmployeeController - User(id=null, code=B72, name=王74, sex=0, state=1, stop=0, createTime=Fri Jun 25 18:24:55 CST 2021, updateTime=Fri Jun 25 18:24:55 CST 2021, username=null, password=null, phone=3309)
2021-06-25 18:24:55.820 [http-nio-8080-exec-9] INFO  com.yzy.controller.YzzbEmployeeController - User(id=null, code=B73, name=王75, sex=1, state=1, stop=0, createTime=Fri Jun 25 18:24:55 CST 2021, updateTime=Fri Jun 25 18:24:55 CST 2021, username=null, password=null, phone=3310)
2021-06-25 18:24:55.820 [http-nio-8080-exec-9] INFO  com.yzy.controller.YzzbEmployeeController - User(id=null, code=B74, name=王76, sex=0, state=1, stop=0, createTime=Fri Jun 25 18:24:55 CST 2021, updateTime=Fri Jun 25 18:24:55 CST 2021, username=null, password=null, phone=3311)
2021-06-25 18:24:55.820 [http-nio-8080-exec-9] INFO  com.yzy.controller.YzzbEmployeeController - User(id=null, code=B75, name=王77, sex=1, state=1, stop=0, createTime=Fri Jun 25 18:24:55 CST 2021, updateTime=Fri Jun 25 18:24:55 CST 2021, username=null, password=null, phone=3312)
2021-06-25 18:24:55.820 [http-nio-8080-exec-9] INFO  com.yzy.controller.YzzbEmployeeController - User(id=null, code=B76, name=王78, sex=0, state=1, stop=0, createTime=Fri Jun 25 18:24:55 CST 2021, updateTime=Fri Jun 25 18:24:55 CST 2021, username=null, password=null, phone=3313)
2021-06-25 18:24:55.820 [http-nio-8080-exec-9] INFO  com.yzy.controller.YzzbEmployeeController - User(id=null, code=B77, name=王79, sex=1, state=1, stop=0, createTime=Fri Jun 25 18:24:55 CST 2021, updateTime=Fri Jun 25 18:24:55 CST 2021, username=null, password=null, phone=3314)
2021-06-25 18:24:55.821 [http-nio-8080-exec-9] INFO  com.yzy.controller.YzzbEmployeeController - User(id=null, code=B78, name=王80, sex=0, state=1, stop=0, createTime=Fri Jun 25 18:24:55 CST 2021, updateTime=Fri Jun 25 18:24:55 CST 2021, username=null, password=null, phone=3315)
2021-06-25 18:24:55.821 [http-nio-8080-exec-9] INFO  com.yzy.controller.YzzbEmployeeController - User(id=null, code=B79, name=王81, sex=1, state=1, stop=0, createTime=Fri Jun 25 18:24:55 CST 2021, updateTime=Fri Jun 25 18:24:55 CST 2021, username=null, password=null, phone=3316)
2021-06-25 18:24:55.821 [http-nio-8080-exec-9] INFO  com.yzy.controller.YzzbEmployeeController - User(id=null, code=B80, name=王82, sex=0, state=1, stop=0, createTime=Fri Jun 25 18:24:55 CST 2021, updateTime=Fri Jun 25 18:24:55 CST 2021, username=null, password=null, phone=3317)
2021-06-25 18:24:55.821 [http-nio-8080-exec-9] INFO  com.yzy.controller.YzzbEmployeeController - User(id=null, code=B81, name=王83, sex=1, state=1, stop=0, createTime=Fri Jun 25 18:24:55 CST 2021, updateTime=Fri Jun 25 18:24:55 CST 2021, username=null, password=null, phone=3318)
2021-06-25 18:24:55.821 [http-nio-8080-exec-9] INFO  com.yzy.controller.YzzbEmployeeController - User(id=null, code=B82, name=王84, sex=0, state=1, stop=0, createTime=Fri Jun 25 18:24:55 CST 2021, updateTime=Fri Jun 25 18:24:55 CST 2021, username=null, password=null, phone=3319)
2021-06-25 18:24:55.821 [http-nio-8080-exec-9] INFO  com.yzy.controller.YzzbEmployeeController - User(id=null, code=B83, name=王85, sex=1, state=1, stop=0, createTime=Fri Jun 25 18:24:55 CST 2021, updateTime=Fri Jun 25 18:24:55 CST 2021, username=null, password=null, phone=3320)
2021-06-25 18:24:55.821 [http-nio-8080-exec-9] INFO  com.yzy.controller.YzzbEmployeeController - User(id=null, code=B84, name=王86, sex=0, state=1, stop=0, createTime=Fri Jun 25 18:24:55 CST 2021, updateTime=Fri Jun 25 18:24:55 CST 2021, username=null, password=null, phone=3321)
2021-06-25 18:24:55.821 [http-nio-8080-exec-9] INFO  com.yzy.controller.YzzbEmployeeController - User(id=null, code=B85, name=王87, sex=1, state=1, stop=0, createTime=Fri Jun 25 18:24:55 CST 2021, updateTime=Fri Jun 25 18:24:55 CST 2021, username=null, password=null, phone=3322)
2021-06-25 18:24:55.822 [http-nio-8080-exec-9] INFO  com.yzy.controller.YzzbEmployeeController - User(id=null, code=B86, name=王88, sex=0, state=1, stop=0, createTime=Fri Jun 25 18:24:55 CST 2021, updateTime=Fri Jun 25 18:24:55 CST 2021, username=null, password=null, phone=3323)
2021-06-25 18:24:55.822 [http-nio-8080-exec-9] INFO  com.yzy.controller.YzzbEmployeeController - User(id=null, code=B87, name=王89, sex=1, state=1, stop=0, createTime=Fri Jun 25 18:24:55 CST 2021, updateTime=Fri Jun 25 18:24:55 CST 2021, username=null, password=null, phone=3324)
2021-06-25 18:24:55.822 [http-nio-8080-exec-9] INFO  com.yzy.controller.YzzbEmployeeController - User(id=null, code=B88, name=王90, sex=0, state=1, stop=0, createTime=Fri Jun 25 18:24:55 CST 2021, updateTime=Fri Jun 25 18:24:55 CST 2021, username=null, password=null, phone=3325)
2021-06-25 18:24:55.822 [http-nio-8080-exec-9] INFO  com.yzy.controller.YzzbEmployeeController - User(id=null, code=B89, name=王91, sex=1, state=1, stop=0, createTime=Fri Jun 25 18:24:55 CST 2021, updateTime=Fri Jun 25 18:24:55 CST 2021, username=null, password=null, phone=3326)
2021-06-25 18:24:55.822 [http-nio-8080-exec-9] INFO  com.yzy.controller.YzzbEmployeeController - User(id=null, code=B90, name=王92, sex=0, state=1, stop=0, createTime=Fri Jun 25 18:24:55 CST 2021, updateTime=Fri Jun 25 18:24:55 CST 2021, username=null, password=null, phone=3327)
2021-06-25 18:24:55.822 [http-nio-8080-exec-9] INFO  com.yzy.controller.YzzbEmployeeController - User(id=null, code=B91, name=王93, sex=1, state=1, stop=0, createTime=Fri Jun 25 18:24:55 CST 2021, updateTime=Fri Jun 25 18:24:55 CST 2021, username=null, password=null, phone=3328)
2021-06-25 18:24:55.822 [http-nio-8080-exec-9] INFO  com.yzy.controller.YzzbEmployeeController - User(id=null, code=B92, name=王94, sex=0, state=1, stop=0, createTime=Fri Jun 25 18:24:55 CST 2021, updateTime=Fri Jun 25 18:24:55 CST 2021, username=null, password=null, phone=3329)
2021-06-25 18:24:55.822 [http-nio-8080-exec-9] INFO  com.yzy.controller.YzzbEmployeeController - User(id=null, code=B93, name=王95, sex=1, state=1, stop=0, createTime=Fri Jun 25 18:24:55 CST 2021, updateTime=Fri Jun 25 18:24:55 CST 2021, username=null, password=null, phone=3330)
2021-06-25 18:24:55.822 [http-nio-8080-exec-9] INFO  com.yzy.controller.YzzbEmployeeController - User(id=null, code=B94, name=王96, sex=0, state=1, stop=0, createTime=Fri Jun 25 18:24:55 CST 2021, updateTime=Fri Jun 25 18:24:55 CST 2021, username=null, password=null, phone=3331)
2021-06-25 18:24:55.822 [http-nio-8080-exec-9] INFO  com.yzy.controller.YzzbEmployeeController - User(id=null, code=B95, name=王97, sex=1, state=1, stop=0, createTime=Fri Jun 25 18:24:55 CST 2021, updateTime=Fri Jun 25 18:24:55 CST 2021, username=null, password=null, phone=3332)
2021-06-25 18:24:55.823 [http-nio-8080-exec-9] INFO  com.yzy.controller.YzzbEmployeeController - User(id=null, code=B96, name=王98, sex=0, state=1, stop=0, createTime=Fri Jun 25 18:24:55 CST 2021, updateTime=Fri Jun 25 18:24:55 CST 2021, username=null, password=null, phone=3333)
2021-06-25 18:24:55.823 [http-nio-8080-exec-9] INFO  com.yzy.controller.YzzbEmployeeController - User(id=null, code=B97, name=王99, sex=1, state=1, stop=0, createTime=Fri Jun 25 18:24:55 CST 2021, updateTime=Fri Jun 25 18:24:55 CST 2021, username=null, password=null, phone=3334)
2021-06-25 18:24:55.823 [http-nio-8080-exec-9] INFO  com.yzy.controller.YzzbEmployeeController - User(id=null, code=B98, name=王100, sex=0, state=1, stop=0, createTime=Fri Jun 25 18:24:55 CST 2021, updateTime=Fri Jun 25 18:24:55 CST 2021, username=null, password=null, phone=3335)
2021-06-25 18:24:55.823 [http-nio-8080-exec-9] INFO  com.yzy.controller.YzzbEmployeeController - User(id=null, code=B99, name=王101, sex=1, state=1, stop=0, createTime=Fri Jun 25 18:24:55 CST 2021, updateTime=Fri Jun 25 18:24:55 CST 2021, username=null, password=null, phone=3336)
2021-06-25 18:24:55.823 [http-nio-8080-exec-9] INFO  com.yzy.controller.YzzbEmployeeController - User(id=null, code=B100, name=王102, sex=0, state=1, stop=0, createTime=Fri Jun 25 18:24:55 CST 2021, updateTime=Fri Jun 25 18:24:55 CST 2021, username=null, password=null, phone=3337)
2021-06-25 18:50:22.455 [main] INFO  com.yzy.YzzbApp - Starting YzzbApp on USER-20190128FA with PID 7668 (D:\workspace\myeclipse2018\yzy\yzzb\target\classes started by Administrator in D:\workspace\myeclipse2018\yzy)
2021-06-25 18:50:22.456 [main] INFO  com.yzy.YzzbApp - No active profile set, falling back to default profiles: default
2021-06-25 18:50:24.120 [main] INFO  org.springframework.boot.web.embedded.tomcat.TomcatWebServer - Tomcat initialized with port(s): 8080 (http)
2021-06-25 18:50:24.138 [main] INFO  org.apache.coyote.http11.Http11NioProtocol - Initializing ProtocolHandler ["http-nio-8080"]
2021-06-25 18:50:24.153 [main] INFO  org.apache.catalina.core.StandardService - Starting service [Tomcat]
2021-06-25 18:50:24.154 [main] INFO  org.apache.catalina.core.StandardEngine - Starting Servlet engine: [Apache Tomcat/9.0.16]
2021-06-25 18:50:24.161 [main] INFO  org.apache.catalina.core.AprLifecycleListener - The APR based Apache Tomcat Native library which allows optimal performance in production environments was not found on the java.library.path: [C:\Program Files\Java\jdk1.8.0_191\bin;C:\Windows\Sun\Java\bin;C:\Windows\system32;C:\Windows;C:\Program Files (x86)\Common Files\Oracle\Java\javapath;C:\Windows\system32;C:\Windows;C:\Windows\System32\Wbem;C:\Windows\System32\WindowsPowerShell\v1.0\;C:\Program Files (x86)\NVIDIA Corporation\PhysX\Common;C:\Program Files\NVIDIA Corporation\NVIDIA NvDLISR;D:\soft\ideaIU-2018.3.win\plugins\maven\lib\maven3\bin;D:\soft\mysql-5.7.23-winx64\bin;D:\soft\gradle-4.6\bin;C:\Program Files\TortoiseSVN\bin;D:\Program Files\Git\cmd;D:\Program Files\nodejs\;C:\Users\Administrator\PycharmProjects\pythonProject\venv\Scripts;D:\Program Files\python\Scripts\;D:\Program Files\python\;D:\Program Files\Fiddler;C:\Users\Administrator\AppData\Roaming\npm;.]
2021-06-25 18:50:24.346 [main] INFO  org.apache.catalina.core.ContainerBase.[Tomcat].[localhost].[/yzzb] - Initializing Spring embedded WebApplicationContext
2021-06-25 18:50:24.347 [main] INFO  org.springframework.web.context.ContextLoader - Root WebApplicationContext: initialization completed in 1828 ms
2021-06-25 18:50:25.559 [main] INFO  org.springframework.scheduling.concurrent.ThreadPoolTaskExecutor - Initializing ExecutorService 'applicationTaskExecutor'
2021-06-25 18:50:25.823 [main] INFO  org.apache.coyote.http11.Http11NioProtocol - Starting ProtocolHandler ["http-nio-8080"]
2021-06-25 18:50:25.861 [main] INFO  org.springframework.boot.web.embedded.tomcat.TomcatWebServer - Tomcat started on port(s): 8080 (http) with context path '/yzzb'
2021-06-25 18:50:25.868 [main] INFO  com.yzy.YzzbApp - Started YzzbApp in 4.604 seconds (JVM running for 5.878)
2021-06-25 18:51:03.331 [http-nio-8080-exec-1] INFO  org.apache.catalina.core.ContainerBase.[Tomcat].[localhost].[/yzzb] - Initializing Spring DispatcherServlet 'dispatcherServlet'
2021-06-25 18:51:03.331 [http-nio-8080-exec-1] INFO  org.springframework.web.servlet.DispatcherServlet - Initializing Servlet 'dispatcherServlet'
2021-06-25 18:51:03.355 [http-nio-8080-exec-1] INFO  org.springframework.web.servlet.DispatcherServlet - Completed initialization in 23 ms
2021-06-25 18:52:50.702 [main] INFO  com.yzy.YzzbApp - Starting YzzbApp on USER-20190128FA with PID 7448 (D:\workspace\myeclipse2018\yzy\yzzb\target\classes started by Administrator in D:\workspace\myeclipse2018\yzy)
2021-06-25 18:52:50.703 [main] INFO  com.yzy.YzzbApp - No active profile set, falling back to default profiles: default
2021-06-25 18:52:52.518 [main] INFO  org.springframework.boot.web.embedded.tomcat.TomcatWebServer - Tomcat initialized with port(s): 8080 (http)
2021-06-25 18:52:52.539 [main] INFO  org.apache.coyote.http11.Http11NioProtocol - Initializing ProtocolHandler ["http-nio-8080"]
2021-06-25 18:52:52.554 [main] INFO  org.apache.catalina.core.StandardService - Starting service [Tomcat]
2021-06-25 18:52:52.554 [main] INFO  org.apache.catalina.core.StandardEngine - Starting Servlet engine: [Apache Tomcat/9.0.16]
2021-06-25 18:52:52.564 [main] INFO  org.apache.catalina.core.AprLifecycleListener - The APR based Apache Tomcat Native library which allows optimal performance in production environments was not found on the java.library.path: [C:\Program Files\Java\jdk1.8.0_191\bin;C:\Windows\Sun\Java\bin;C:\Windows\system32;C:\Windows;C:\Program Files (x86)\Common Files\Oracle\Java\javapath;C:\Windows\system32;C:\Windows;C:\Windows\System32\Wbem;C:\Windows\System32\WindowsPowerShell\v1.0\;C:\Program Files (x86)\NVIDIA Corporation\PhysX\Common;C:\Program Files\NVIDIA Corporation\NVIDIA NvDLISR;D:\soft\ideaIU-2018.3.win\plugins\maven\lib\maven3\bin;D:\soft\mysql-5.7.23-winx64\bin;D:\soft\gradle-4.6\bin;C:\Program Files\TortoiseSVN\bin;D:\Program Files\Git\cmd;D:\Program Files\nodejs\;C:\Users\Administrator\PycharmProjects\pythonProject\venv\Scripts;D:\Program Files\python\Scripts\;D:\Program Files\python\;D:\Program Files\Fiddler;C:\Users\Administrator\AppData\Roaming\npm;.]
2021-06-25 18:52:52.785 [main] INFO  org.apache.catalina.core.ContainerBase.[Tomcat].[localhost].[/yzzb] - Initializing Spring embedded WebApplicationContext
2021-06-25 18:52:52.785 [main] INFO  org.springframework.web.context.ContextLoader - Root WebApplicationContext: initialization completed in 2029 ms
2021-06-25 18:52:53.824 [main] INFO  org.springframework.scheduling.concurrent.ThreadPoolTaskExecutor - Initializing ExecutorService 'applicationTaskExecutor'
2021-06-25 18:52:54.197 [main] INFO  org.apache.coyote.http11.Http11NioProtocol - Starting ProtocolHandler ["http-nio-8080"]
2021-06-25 18:52:54.231 [main] INFO  org.springframework.boot.web.embedded.tomcat.TomcatWebServer - Tomcat started on port(s): 8080 (http) with context path '/yzzb'
2021-06-25 18:52:54.236 [main] INFO  com.yzy.YzzbApp - Started YzzbApp in 4.729 seconds (JVM running for 5.957)
2021-06-25 18:53:55.855 [main] INFO  com.yzy.YzzbApp - Starting YzzbApp on USER-20190128FA with PID 7044 (D:\workspace\myeclipse2018\yzy\yzzb\target\classes started by Administrator in D:\workspace\myeclipse2018\yzy)
2021-06-25 18:53:55.856 [main] INFO  com.yzy.YzzbApp - No active profile set, falling back to default profiles: default
2021-06-25 18:53:57.842 [main] INFO  org.springframework.boot.web.embedded.tomcat.TomcatWebServer - Tomcat initialized with port(s): 8080 (http)
2021-06-25 18:53:57.863 [main] INFO  org.apache.coyote.http11.Http11NioProtocol - Initializing ProtocolHandler ["http-nio-8080"]
2021-06-25 18:53:57.877 [main] INFO  org.apache.catalina.core.StandardService - Starting service [Tomcat]
2021-06-25 18:53:57.877 [main] INFO  org.apache.catalina.core.StandardEngine - Starting Servlet engine: [Apache Tomcat/9.0.16]
2021-06-25 18:53:57.886 [main] INFO  org.apache.catalina.core.AprLifecycleListener - The APR based Apache Tomcat Native library which allows optimal performance in production environments was not found on the java.library.path: [C:\Program Files\Java\jdk1.8.0_191\bin;C:\Windows\Sun\Java\bin;C:\Windows\system32;C:\Windows;C:\Program Files (x86)\Common Files\Oracle\Java\javapath;C:\Windows\system32;C:\Windows;C:\Windows\System32\Wbem;C:\Windows\System32\WindowsPowerShell\v1.0\;C:\Program Files (x86)\NVIDIA Corporation\PhysX\Common;C:\Program Files\NVIDIA Corporation\NVIDIA NvDLISR;D:\soft\ideaIU-2018.3.win\plugins\maven\lib\maven3\bin;D:\soft\mysql-5.7.23-winx64\bin;D:\soft\gradle-4.6\bin;C:\Program Files\TortoiseSVN\bin;D:\Program Files\Git\cmd;D:\Program Files\nodejs\;C:\Users\Administrator\PycharmProjects\pythonProject\venv\Scripts;D:\Program Files\python\Scripts\;D:\Program Files\python\;D:\Program Files\Fiddler;C:\Users\Administrator\AppData\Roaming\npm;.]
2021-06-25 18:53:58.075 [main] INFO  org.apache.catalina.core.ContainerBase.[Tomcat].[localhost].[/yzzb] - Initializing Spring embedded WebApplicationContext
2021-06-25 18:53:58.075 [main] INFO  org.springframework.web.context.ContextLoader - Root WebApplicationContext: initialization completed in 2164 ms
2021-06-25 18:53:59.072 [main] INFO  org.springframework.scheduling.concurrent.ThreadPoolTaskExecutor - Initializing ExecutorService 'applicationTaskExecutor'
2021-06-25 18:53:59.528 [main] INFO  org.apache.coyote.http11.Http11NioProtocol - Starting ProtocolHandler ["http-nio-8080"]
2021-06-25 18:53:59.560 [main] INFO  org.springframework.boot.web.embedded.tomcat.TomcatWebServer - Tomcat started on port(s): 8080 (http) with context path '/yzzb'
2021-06-25 18:53:59.563 [main] INFO  com.yzy.YzzbApp - Started YzzbApp in 4.847 seconds (JVM running for 7.067)
2021-06-25 18:54:03.068 [http-nio-8080-exec-1] INFO  org.apache.catalina.core.ContainerBase.[Tomcat].[localhost].[/yzzb] - Initializing Spring DispatcherServlet 'dispatcherServlet'
2021-06-25 18:54:03.069 [http-nio-8080-exec-1] INFO  org.springframework.web.servlet.DispatcherServlet - Initializing Servlet 'dispatcherServlet'
2021-06-25 18:54:03.075 [http-nio-8080-exec-1] INFO  org.springframework.web.servlet.DispatcherServlet - Completed initialization in 6 ms
2021-06-25 21:46:47.439 [main] INFO  com.yzy.YzzbApp - Starting YzzbApp on USER-20190128FA with PID 8456 (D:\workspace\myeclipse2018\yzy\yzzb\target\classes started by Administrator in D:\workspace\myeclipse2018\yzy)
2021-06-25 21:46:47.440 [main] INFO  com.yzy.YzzbApp - No active profile set, falling back to default profiles: default
2021-06-25 21:46:49.037 [main] INFO  org.springframework.boot.web.embedded.tomcat.TomcatWebServer - Tomcat initialized with port(s): 8080 (http)
2021-06-25 21:46:49.069 [main] INFO  org.apache.coyote.http11.Http11NioProtocol - Initializing ProtocolHandler ["http-nio-8080"]
2021-06-25 21:46:49.090 [main] INFO  org.apache.catalina.core.StandardService - Starting service [Tomcat]
2021-06-25 21:46:49.090 [main] INFO  org.apache.catalina.core.StandardEngine - Starting Servlet engine: [Apache Tomcat/9.0.16]
2021-06-25 21:46:49.098 [main] INFO  org.apache.catalina.core.AprLifecycleListener - The APR based Apache Tomcat Native library which allows optimal performance in production environments was not found on the java.library.path: [C:\Program Files\Java\jdk1.8.0_191\bin;C:\Windows\Sun\Java\bin;C:\Windows\system32;C:\Windows;C:\Program Files (x86)\Common Files\Oracle\Java\javapath;C:\Windows\system32;C:\Windows;C:\Windows\System32\Wbem;C:\Windows\System32\WindowsPowerShell\v1.0\;C:\Program Files (x86)\NVIDIA Corporation\PhysX\Common;C:\Program Files\NVIDIA Corporation\NVIDIA NvDLISR;D:\soft\ideaIU-2018.3.win\plugins\maven\lib\maven3\bin;D:\soft\mysql-5.7.23-winx64\bin;D:\soft\gradle-4.6\bin;C:\Program Files\TortoiseSVN\bin;D:\Program Files\Git\cmd;D:\Program Files\nodejs\;C:\Users\Administrator\PycharmProjects\pythonProject\venv\Scripts;D:\Program Files\python\Scripts\;D:\Program Files\python\;D:\Program Files\Fiddler;C:\Users\Administrator\AppData\Roaming\npm;.]
2021-06-25 21:46:49.317 [main] INFO  org.apache.catalina.core.ContainerBase.[Tomcat].[localhost].[/yzzb] - Initializing Spring embedded WebApplicationContext
2021-06-25 21:46:49.318 [main] INFO  org.springframework.web.context.ContextLoader - Root WebApplicationContext: initialization completed in 1810 ms
2021-06-25 21:46:50.506 [main] INFO  org.springframework.scheduling.concurrent.ThreadPoolTaskExecutor - Initializing ExecutorService 'applicationTaskExecutor'
2021-06-25 21:46:50.957 [main] INFO  org.apache.coyote.http11.Http11NioProtocol - Starting ProtocolHandler ["http-nio-8080"]
2021-06-25 21:46:50.988 [main] INFO  org.springframework.boot.web.embedded.tomcat.TomcatWebServer - Tomcat started on port(s): 8080 (http) with context path '/yzzb'
2021-06-25 21:46:50.992 [main] INFO  com.yzy.YzzbApp - Started YzzbApp in 5.004 seconds (JVM running for 6.104)
2021-06-25 21:47:38.269 [http-nio-8080-exec-1] INFO  org.apache.catalina.core.ContainerBase.[Tomcat].[localhost].[/yzzb] - Initializing Spring DispatcherServlet 'dispatcherServlet'
2021-06-25 21:47:38.270 [http-nio-8080-exec-1] INFO  org.springframework.web.servlet.DispatcherServlet - Initializing Servlet 'dispatcherServlet'
2021-06-25 21:47:38.276 [http-nio-8080-exec-1] INFO  org.springframework.web.servlet.DispatcherServlet - Completed initialization in 6 ms
2021-06-25 21:53:55.309 [http-nio-8080-exec-10] INFO  com.zaxxer.hikari.HikariDataSource - HikariPool-1 - Starting...
2021-06-25 21:53:56.085 [http-nio-8080-exec-10] INFO  com.zaxxer.hikari.HikariDataSource - HikariPool-1 - Start completed.
2021-06-25 21:59:59.192 [main] INFO  com.yzy.YzzbApp - Starting YzzbApp on USER-20190128FA with PID 8568 (D:\workspace\myeclipse2018\yzy\yzzb\target\classes started by Administrator in D:\workspace\myeclipse2018\yzy)
2021-06-25 21:59:59.193 [main] INFO  com.yzy.YzzbApp - No active profile set, falling back to default profiles: default
2021-06-25 22:00:00.881 [main] INFO  org.springframework.boot.web.embedded.tomcat.TomcatWebServer - Tomcat initialized with port(s): 8080 (http)
2021-06-25 22:00:00.899 [main] INFO  org.apache.coyote.http11.Http11NioProtocol - Initializing ProtocolHandler ["http-nio-8080"]
2021-06-25 22:00:00.911 [main] INFO  org.apache.catalina.core.StandardService - Starting service [Tomcat]
2021-06-25 22:00:00.911 [main] INFO  org.apache.catalina.core.StandardEngine - Starting Servlet engine: [Apache Tomcat/9.0.16]
2021-06-25 22:00:00.919 [main] INFO  org.apache.catalina.core.AprLifecycleListener - The APR based Apache Tomcat Native library which allows optimal performance in production environments was not found on the java.library.path: [C:\Program Files\Java\jdk1.8.0_191\bin;C:\Windows\Sun\Java\bin;C:\Windows\system32;C:\Windows;C:\Program Files (x86)\Common Files\Oracle\Java\javapath;C:\Windows\system32;C:\Windows;C:\Windows\System32\Wbem;C:\Windows\System32\WindowsPowerShell\v1.0\;C:\Program Files (x86)\NVIDIA Corporation\PhysX\Common;C:\Program Files\NVIDIA Corporation\NVIDIA NvDLISR;D:\soft\ideaIU-2018.3.win\plugins\maven\lib\maven3\bin;D:\soft\mysql-5.7.23-winx64\bin;D:\soft\gradle-4.6\bin;C:\Program Files\TortoiseSVN\bin;D:\Program Files\Git\cmd;D:\Program Files\nodejs\;C:\Users\Administrator\PycharmProjects\pythonProject\venv\Scripts;D:\Program Files\python\Scripts\;D:\Program Files\python\;D:\Program Files\Fiddler;C:\Users\Administrator\AppData\Roaming\npm;.]
2021-06-25 22:00:01.213 [main] INFO  org.apache.catalina.core.ContainerBase.[Tomcat].[localhost].[/yzzb] - Initializing Spring embedded WebApplicationContext
2021-06-25 22:00:01.213 [main] INFO  org.springframework.web.context.ContextLoader - Root WebApplicationContext: initialization completed in 1920 ms
2021-06-25 22:00:02.263 [main] INFO  org.springframework.scheduling.concurrent.ThreadPoolTaskExecutor - Initializing ExecutorService 'applicationTaskExecutor'
2021-06-25 22:00:02.638 [main] INFO  org.apache.coyote.http11.Http11NioProtocol - Starting ProtocolHandler ["http-nio-8080"]
2021-06-25 22:00:02.672 [main] INFO  org.springframework.boot.web.embedded.tomcat.TomcatWebServer - Tomcat started on port(s): 8080 (http) with context path '/yzzb'
2021-06-25 22:00:02.676 [main] INFO  com.yzy.YzzbApp - Started YzzbApp in 4.488 seconds (JVM running for 5.729)
2021-06-25 22:00:05.703 [http-nio-8080-exec-1] INFO  org.apache.catalina.core.ContainerBase.[Tomcat].[localhost].[/yzzb] - Initializing Spring DispatcherServlet 'dispatcherServlet'
2021-06-25 22:00:05.704 [http-nio-8080-exec-1] INFO  org.springframework.web.servlet.DispatcherServlet - Initializing Servlet 'dispatcherServlet'
2021-06-25 22:00:05.714 [http-nio-8080-exec-1] INFO  org.springframework.web.servlet.DispatcherServlet - Completed initialization in 10 ms
2021-06-25 22:00:06.128 [http-nio-8080-exec-9] INFO  com.zaxxer.hikari.HikariDataSource - HikariPool-1 - Starting...
2021-06-25 22:00:06.872 [http-nio-8080-exec-9] INFO  com.zaxxer.hikari.HikariDataSource - HikariPool-1 - Start completed.
2021-06-25 22:19:45.425 [main] INFO  com.yzy.YzzbApp - Starting YzzbApp on USER-20190128FA with PID 6612 (D:\workspace\myeclipse2018\yzy\yzzb\target\classes started by Administrator in D:\workspace\myeclipse2018\yzy)
2021-06-25 22:19:45.426 [main] INFO  com.yzy.YzzbApp - No active profile set, falling back to default profiles: default
2021-06-25 22:19:46.880 [main] INFO  org.springframework.boot.web.embedded.tomcat.TomcatWebServer - Tomcat initialized with port(s): 8080 (http)
2021-06-25 22:19:46.898 [main] INFO  org.apache.coyote.http11.Http11NioProtocol - Initializing ProtocolHandler ["http-nio-8080"]
2021-06-25 22:19:46.911 [main] INFO  org.apache.catalina.core.StandardService - Starting service [Tomcat]
2021-06-25 22:19:46.911 [main] INFO  org.apache.catalina.core.StandardEngine - Starting Servlet engine: [Apache Tomcat/9.0.16]
2021-06-25 22:19:46.920 [main] INFO  org.apache.catalina.core.AprLifecycleListener - The APR based Apache Tomcat Native library which allows optimal performance in production environments was not found on the java.library.path: [C:\Program Files\Java\jdk1.8.0_191\bin;C:\Windows\Sun\Java\bin;C:\Windows\system32;C:\Windows;C:\Program Files (x86)\Common Files\Oracle\Java\javapath;C:\Windows\system32;C:\Windows;C:\Windows\System32\Wbem;C:\Windows\System32\WindowsPowerShell\v1.0\;C:\Program Files (x86)\NVIDIA Corporation\PhysX\Common;C:\Program Files\NVIDIA Corporation\NVIDIA NvDLISR;D:\soft\ideaIU-2018.3.win\plugins\maven\lib\maven3\bin;D:\soft\mysql-5.7.23-winx64\bin;D:\soft\gradle-4.6\bin;C:\Program Files\TortoiseSVN\bin;D:\Program Files\Git\cmd;D:\Program Files\nodejs\;C:\Users\Administrator\PycharmProjects\pythonProject\venv\Scripts;D:\Program Files\python\Scripts\;D:\Program Files\python\;D:\Program Files\Fiddler;C:\Users\Administrator\AppData\Roaming\npm;.]
2021-06-25 22:19:47.196 [main] INFO  org.apache.catalina.core.ContainerBase.[Tomcat].[localhost].[/yzzb] - Initializing Spring embedded WebApplicationContext
2021-06-25 22:19:47.196 [main] INFO  org.springframework.web.context.ContextLoader - Root WebApplicationContext: initialization completed in 1723 ms
2021-06-25 22:19:48.235 [main] INFO  org.springframework.scheduling.concurrent.ThreadPoolTaskExecutor - Initializing ExecutorService 'applicationTaskExecutor'
2021-06-25 22:19:48.595 [main] INFO  org.apache.coyote.http11.Http11NioProtocol - Starting ProtocolHandler ["http-nio-8080"]
2021-06-25 22:19:48.627 [main] INFO  org.springframework.boot.web.embedded.tomcat.TomcatWebServer - Tomcat started on port(s): 8080 (http) with context path '/yzzb'
2021-06-25 22:19:48.631 [main] INFO  com.yzy.YzzbApp - Started YzzbApp in 5.275 seconds (JVM running for 6.474)
2021-06-25 22:19:52.749 [http-nio-8080-exec-1] INFO  org.apache.catalina.core.ContainerBase.[Tomcat].[localhost].[/yzzb] - Initializing Spring DispatcherServlet 'dispatcherServlet'
2021-06-25 22:19:52.749 [http-nio-8080-exec-1] INFO  org.springframework.web.servlet.DispatcherServlet - Initializing Servlet 'dispatcherServlet'
2021-06-25 22:19:52.758 [http-nio-8080-exec-1] INFO  org.springframework.web.servlet.DispatcherServlet - Completed initialization in 9 ms
2021-06-25 22:19:53.217 [http-nio-8080-exec-6] INFO  com.zaxxer.hikari.HikariDataSource - HikariPool-1 - Starting...
2021-06-25 22:19:54.242 [http-nio-8080-exec-6] INFO  com.zaxxer.hikari.HikariDataSource - HikariPool-1 - Start completed.
