2021-06-03 20:21:57.070 [main] INFO  com.yzy.YzzbApp - Starting YzzbApp on USER-20190128FA with PID 3264 (D:\workspace\myeclipse2018\yzy\yzzb\target\classes started by Administrator in D:\workspace\myeclipse2018\yzy)
2021-06-03 20:21:57.071 [main] INFO  com.yzy.YzzbApp - No active profile set, falling back to default profiles: default
2021-06-03 20:21:58.601 [main] INFO  org.springframework.boot.web.embedded.tomcat.TomcatWebServer - Tomcat initialized with port(s): 8080 (http)
2021-06-03 20:21:58.618 [main] INFO  org.apache.coyote.http11.Http11NioProtocol - Initializing ProtocolHandler ["http-nio-8080"]
2021-06-03 20:21:58.627 [main] INFO  org.apache.catalina.core.StandardService - Starting service [Tomcat]
2021-06-03 20:21:58.627 [main] INFO  org.apache.catalina.core.StandardEngine - Starting Servlet engine: [Apache Tomcat/9.0.16]
2021-06-03 20:21:58.635 [main] INFO  org.apache.catalina.core.AprLifecycleListener - The APR based Apache Tomcat Native library which allows optimal performance in production environments was not found on the java.library.path: [C:\Program Files\Java\jdk1.8.0_191\bin;C:\Windows\Sun\Java\bin;C:\Windows\system32;C:\Windows;C:\Program Files (x86)\Common Files\Oracle\Java\javapath;C:\Windows\system32;C:\Windows;C:\Windows\System32\Wbem;C:\Windows\System32\WindowsPowerShell\v1.0\;C:\Program Files (x86)\NVIDIA Corporation\PhysX\Common;C:\Program Files\NVIDIA Corporation\NVIDIA NvDLISR;D:\soft\ideaIU-2018.3.win\plugins\maven\lib\maven3\bin;D:\soft\mysql-5.7.23-winx64\bin;D:\soft\gradle-4.6\bin;C:\Program Files\TortoiseSVN\bin;D:\Program Files\Git\cmd;D:\Program Files\nodejs\;C:\Users\Administrator\PycharmProjects\pythonProject\venv\Scripts;D:\Program Files\python\Scripts\;D:\Program Files\python\;D:\Program Files\Fiddler;C:\Users\Administrator\AppData\Roaming\npm;.]
2021-06-03 20:21:58.739 [main] INFO  org.apache.catalina.core.ContainerBase.[Tomcat].[localhost].[/yzzb] - Initializing Spring embedded WebApplicationContext
2021-06-03 20:21:58.740 [main] INFO  org.springframework.web.context.ContextLoader - Root WebApplicationContext: initialization completed in 1555 ms
2021-06-03 20:21:59.504 [main] INFO  org.springframework.scheduling.concurrent.ThreadPoolTaskExecutor - Initializing ExecutorService 'applicationTaskExecutor'
2021-06-03 20:21:59.716 [main] INFO  org.apache.coyote.http11.Http11NioProtocol - Starting ProtocolHandler ["http-nio-8080"]
2021-06-03 20:21:59.752 [main] INFO  org.springframework.boot.web.embedded.tomcat.TomcatWebServer - Tomcat started on port(s): 8080 (http) with context path '/yzzb'
2021-06-03 20:21:59.756 [main] INFO  com.yzy.YzzbApp - Started YzzbApp in 3.81 seconds (JVM running for 6.302)
2021-06-03 20:22:22.705 [http-nio-8080-exec-1] INFO  org.apache.catalina.core.ContainerBase.[Tomcat].[localhost].[/yzzb] - Initializing Spring DispatcherServlet 'dispatcherServlet'
2021-06-03 20:22:22.706 [http-nio-8080-exec-1] INFO  org.springframework.web.servlet.DispatcherServlet - Initializing Servlet 'dispatcherServlet'
2021-06-03 20:22:22.715 [http-nio-8080-exec-1] INFO  org.springframework.web.servlet.DispatcherServlet - Completed initialization in 9 ms
2021-06-03 20:22:41.453 [http-nio-8080-exec-10] INFO  com.zaxxer.hikari.HikariDataSource - HikariPool-1 - Starting...
2021-06-03 20:22:42.179 [http-nio-8080-exec-10] INFO  com.zaxxer.hikari.HikariDataSource - HikariPool-1 - Start completed.
2021-06-03 20:23:29.476 [main] INFO  com.yzy.YzzbApp - Starting YzzbApp on USER-20190128FA with PID 3848 (D:\workspace\myeclipse2018\yzy\yzzb\target\classes started by Administrator in D:\workspace\myeclipse2018\yzy)
2021-06-03 20:23:29.477 [main] INFO  com.yzy.YzzbApp - No active profile set, falling back to default profiles: default
2021-06-03 20:23:31.104 [main] INFO  org.springframework.boot.web.embedded.tomcat.TomcatWebServer - Tomcat initialized with port(s): 8080 (http)
2021-06-03 20:23:31.120 [main] INFO  org.apache.coyote.http11.Http11NioProtocol - Initializing ProtocolHandler ["http-nio-8080"]
2021-06-03 20:23:31.132 [main] INFO  org.apache.catalina.core.StandardService - Starting service [Tomcat]
2021-06-03 20:23:31.132 [main] INFO  org.apache.catalina.core.StandardEngine - Starting Servlet engine: [Apache Tomcat/9.0.16]
2021-06-03 20:23:31.138 [main] INFO  org.apache.catalina.core.AprLifecycleListener - The APR based Apache Tomcat Native library which allows optimal performance in production environments was not found on the java.library.path: [C:\Program Files\Java\jdk1.8.0_191\bin;C:\Windows\Sun\Java\bin;C:\Windows\system32;C:\Windows;C:\Program Files (x86)\Common Files\Oracle\Java\javapath;C:\Windows\system32;C:\Windows;C:\Windows\System32\Wbem;C:\Windows\System32\WindowsPowerShell\v1.0\;C:\Program Files (x86)\NVIDIA Corporation\PhysX\Common;C:\Program Files\NVIDIA Corporation\NVIDIA NvDLISR;D:\soft\ideaIU-2018.3.win\plugins\maven\lib\maven3\bin;D:\soft\mysql-5.7.23-winx64\bin;D:\soft\gradle-4.6\bin;C:\Program Files\TortoiseSVN\bin;D:\Program Files\Git\cmd;D:\Program Files\nodejs\;C:\Users\Administrator\PycharmProjects\pythonProject\venv\Scripts;D:\Program Files\python\Scripts\;D:\Program Files\python\;D:\Program Files\Fiddler;C:\Users\Administrator\AppData\Roaming\npm;.]
2021-06-03 20:23:31.378 [main] INFO  org.apache.catalina.core.ContainerBase.[Tomcat].[localhost].[/yzzb] - Initializing Spring embedded WebApplicationContext
2021-06-03 20:23:31.379 [main] INFO  org.springframework.web.context.ContextLoader - Root WebApplicationContext: initialization completed in 1826 ms
2021-06-03 20:23:32.494 [main] INFO  org.springframework.scheduling.concurrent.ThreadPoolTaskExecutor - Initializing ExecutorService 'applicationTaskExecutor'
2021-06-03 20:23:32.814 [main] INFO  org.apache.coyote.http11.Http11NioProtocol - Starting ProtocolHandler ["http-nio-8080"]
2021-06-03 20:23:32.837 [main] INFO  org.springframework.boot.web.embedded.tomcat.TomcatWebServer - Tomcat started on port(s): 8080 (http) with context path '/yzzb'
2021-06-03 20:23:32.842 [main] INFO  com.yzy.YzzbApp - Started YzzbApp in 4.643 seconds (JVM running for 5.773)
2021-06-03 20:24:07.400 [http-nio-8080-exec-1] INFO  org.apache.catalina.core.ContainerBase.[Tomcat].[localhost].[/yzzb] - Initializing Spring DispatcherServlet 'dispatcherServlet'
2021-06-03 20:24:07.401 [http-nio-8080-exec-1] INFO  org.springframework.web.servlet.DispatcherServlet - Initializing Servlet 'dispatcherServlet'
2021-06-03 20:24:07.407 [http-nio-8080-exec-1] INFO  org.springframework.web.servlet.DispatcherServlet - Completed initialization in 6 ms
2021-06-03 20:24:07.443 [http-nio-8080-exec-1] INFO  com.zaxxer.hikari.HikariDataSource - HikariPool-1 - Starting...
2021-06-03 20:24:08.021 [http-nio-8080-exec-1] INFO  com.zaxxer.hikari.HikariDataSource - HikariPool-1 - Start completed.
2021-06-03 20:41:07.778 [main] INFO  com.yzy.YzzbApp - Starting YzzbApp on USER-20190128FA with PID 6124 (D:\workspace\myeclipse2018\yzy\yzzb\target\classes started by Administrator in D:\workspace\myeclipse2018\yzy)
2021-06-03 20:41:07.779 [main] INFO  com.yzy.YzzbApp - No active profile set, falling back to default profiles: default
2021-06-03 20:41:09.160 [main] INFO  org.springframework.boot.web.embedded.tomcat.TomcatWebServer - Tomcat initialized with port(s): 8080 (http)
2021-06-03 20:41:09.176 [main] INFO  org.apache.coyote.http11.Http11NioProtocol - Initializing ProtocolHandler ["http-nio-8080"]
2021-06-03 20:41:09.186 [main] INFO  org.apache.catalina.core.StandardService - Starting service [Tomcat]
2021-06-03 20:41:09.186 [main] INFO  org.apache.catalina.core.StandardEngine - Starting Servlet engine: [Apache Tomcat/9.0.16]
2021-06-03 20:41:09.193 [main] INFO  org.apache.catalina.core.AprLifecycleListener - The APR based Apache Tomcat Native library which allows optimal performance in production environments was not found on the java.library.path: [C:\Program Files\Java\jdk1.8.0_191\bin;C:\Windows\Sun\Java\bin;C:\Windows\system32;C:\Windows;C:\Program Files (x86)\Common Files\Oracle\Java\javapath;C:\Windows\system32;C:\Windows;C:\Windows\System32\Wbem;C:\Windows\System32\WindowsPowerShell\v1.0\;C:\Program Files (x86)\NVIDIA Corporation\PhysX\Common;C:\Program Files\NVIDIA Corporation\NVIDIA NvDLISR;D:\soft\ideaIU-2018.3.win\plugins\maven\lib\maven3\bin;D:\soft\mysql-5.7.23-winx64\bin;D:\soft\gradle-4.6\bin;C:\Program Files\TortoiseSVN\bin;D:\Program Files\Git\cmd;D:\Program Files\nodejs\;C:\Users\Administrator\PycharmProjects\pythonProject\venv\Scripts;D:\Program Files\python\Scripts\;D:\Program Files\python\;D:\Program Files\Fiddler;C:\Users\Administrator\AppData\Roaming\npm;.]
2021-06-03 20:41:09.346 [main] INFO  org.apache.catalina.core.ContainerBase.[Tomcat].[localhost].[/yzzb] - Initializing Spring embedded WebApplicationContext
2021-06-03 20:41:09.346 [main] INFO  org.springframework.web.context.ContextLoader - Root WebApplicationContext: initialization completed in 1476 ms
2021-06-03 20:41:10.319 [main] INFO  org.springframework.scheduling.concurrent.ThreadPoolTaskExecutor - Initializing ExecutorService 'applicationTaskExecutor'
2021-06-03 20:41:10.634 [main] INFO  org.apache.coyote.http11.Http11NioProtocol - Starting ProtocolHandler ["http-nio-8080"]
2021-06-03 20:41:10.663 [main] INFO  org.springframework.boot.web.embedded.tomcat.TomcatWebServer - Tomcat started on port(s): 8080 (http) with context path '/yzzb'
2021-06-03 20:41:10.666 [main] INFO  com.yzy.YzzbApp - Started YzzbApp in 3.789 seconds (JVM running for 4.962)
2021-06-03 20:42:35.384 [http-nio-8080-exec-1] INFO  org.apache.catalina.core.ContainerBase.[Tomcat].[localhost].[/yzzb] - Initializing Spring DispatcherServlet 'dispatcherServlet'
2021-06-03 20:42:35.385 [http-nio-8080-exec-1] INFO  org.springframework.web.servlet.DispatcherServlet - Initializing Servlet 'dispatcherServlet'
2021-06-03 20:42:35.394 [http-nio-8080-exec-1] INFO  org.springframework.web.servlet.DispatcherServlet - Completed initialization in 9 ms
2021-06-03 20:42:44.071 [http-nio-8080-exec-4] INFO  com.yzy.controller.YzzbEmployeeController - User(id=null, code=B1, name=李怡, sex=1, state=1, stop=0, createTime=Thu Jun 03 20:42:43 CST 2021, updateTime=Thu Jun 03 20:42:43 CST 2021, username=null, password=null, phone= 123 )
2021-06-03 20:42:44.079 [http-nio-8080-exec-4] INFO  com.yzy.controller.YzzbEmployeeController - User(id=null, code=B2, name=张三, sex=0, state=1, stop=0, createTime=Thu Jun 03 20:42:43 CST 2021, updateTime=Thu Jun 03 20:42:43 CST 2021, username=null, password=null, phone=123)
2021-06-03 20:42:44.080 [http-nio-8080-exec-4] INFO  com.yzy.controller.YzzbEmployeeController - User(id=null, code=B3, name=李四, sex=1, state=1, stop=0, createTime=Thu Jun 03 20:42:43 CST 2021, updateTime=Thu Jun 03 20:42:43 CST 2021, username=null, password=null, phone=324)
2021-06-03 20:42:44.081 [http-nio-8080-exec-4] INFO  com.yzy.controller.YzzbEmployeeController - User(id=null, code=B4, name=王五, sex=0, state=1, stop=0, createTime=Thu Jun 03 20:42:43 CST 2021, updateTime=Thu Jun 03 20:42:43 CST 2021, username=null, password=null, phone=3241 )
2021-06-03 20:42:44.094 [http-nio-8080-exec-4] INFO  com.zaxxer.hikari.HikariDataSource - HikariPool-1 - Starting...
2021-06-03 20:42:44.671 [http-nio-8080-exec-4] INFO  com.zaxxer.hikari.HikariDataSource - HikariPool-1 - Start completed.
2021-06-03 20:45:06.546 [http-nio-8080-exec-7] INFO  com.yzy.controller.YzzbEmployeeController - User(id=null, code=B1, name=李怡, sex=1, state=1, stop=0, createTime=Thu Jun 03 20:45:06 CST 2021, updateTime=Thu Jun 03 20:45:06 CST 2021, username=null, password=null, phone= 123 )
2021-06-03 20:45:06.547 [http-nio-8080-exec-7] INFO  com.yzy.controller.YzzbEmployeeController - User(id=null, code=B2, name=张三, sex=0, state=1, stop=0, createTime=Thu Jun 03 20:45:06 CST 2021, updateTime=Thu Jun 03 20:45:06 CST 2021, username=null, password=null, phone=123)
2021-06-03 20:45:06.547 [http-nio-8080-exec-7] INFO  com.yzy.controller.YzzbEmployeeController - User(id=null, code=B3, name=李四, sex=1, state=1, stop=0, createTime=Thu Jun 03 20:45:06 CST 2021, updateTime=Thu Jun 03 20:45:06 CST 2021, username=null, password=null, phone=324)
2021-06-03 20:45:06.548 [http-nio-8080-exec-7] INFO  com.yzy.controller.YzzbEmployeeController - User(id=null, code=B4, name=王五, sex=0, state=1, stop=0, createTime=Thu Jun 03 20:45:06 CST 2021, updateTime=Thu Jun 03 20:45:06 CST 2021, username=null, password=null, phone=3241 )
2021-06-03 20:50:59.269 [main] INFO  com.yzy.YzzbApp - Starting YzzbApp on USER-20190128FA with PID 8168 (D:\workspace\myeclipse2018\yzy\yzzb\target\classes started by Administrator in D:\workspace\myeclipse2018\yzy)
2021-06-03 20:50:59.269 [main] INFO  com.yzy.YzzbApp - No active profile set, falling back to default profiles: default
2021-06-03 20:51:00.994 [main] INFO  org.springframework.boot.web.embedded.tomcat.TomcatWebServer - Tomcat initialized with port(s): 8080 (http)
2021-06-03 20:51:01.013 [main] INFO  org.apache.coyote.http11.Http11NioProtocol - Initializing ProtocolHandler ["http-nio-8080"]
2021-06-03 20:51:01.024 [main] INFO  org.apache.catalina.core.StandardService - Starting service [Tomcat]
2021-06-03 20:51:01.024 [main] INFO  org.apache.catalina.core.StandardEngine - Starting Servlet engine: [Apache Tomcat/9.0.16]
2021-06-03 20:51:01.031 [main] INFO  org.apache.catalina.core.AprLifecycleListener - The APR based Apache Tomcat Native library which allows optimal performance in production environments was not found on the java.library.path: [C:\Program Files\Java\jdk1.8.0_191\bin;C:\Windows\Sun\Java\bin;C:\Windows\system32;C:\Windows;C:\Program Files (x86)\Common Files\Oracle\Java\javapath;C:\Windows\system32;C:\Windows;C:\Windows\System32\Wbem;C:\Windows\System32\WindowsPowerShell\v1.0\;C:\Program Files (x86)\NVIDIA Corporation\PhysX\Common;C:\Program Files\NVIDIA Corporation\NVIDIA NvDLISR;D:\soft\ideaIU-2018.3.win\plugins\maven\lib\maven3\bin;D:\soft\mysql-5.7.23-winx64\bin;D:\soft\gradle-4.6\bin;C:\Program Files\TortoiseSVN\bin;D:\Program Files\Git\cmd;D:\Program Files\nodejs\;C:\Users\Administrator\PycharmProjects\pythonProject\venv\Scripts;D:\Program Files\python\Scripts\;D:\Program Files\python\;D:\Program Files\Fiddler;C:\Users\Administrator\AppData\Roaming\npm;.]
2021-06-03 20:51:01.197 [main] INFO  org.apache.catalina.core.ContainerBase.[Tomcat].[localhost].[/yzzb] - Initializing Spring embedded WebApplicationContext
2021-06-03 20:51:01.197 [main] INFO  org.springframework.web.context.ContextLoader - Root WebApplicationContext: initialization completed in 1860 ms
2021-06-03 20:51:02.383 [main] INFO  org.springframework.scheduling.concurrent.ThreadPoolTaskExecutor - Initializing ExecutorService 'applicationTaskExecutor'
2021-06-03 20:51:02.701 [main] INFO  org.apache.coyote.http11.Http11NioProtocol - Starting ProtocolHandler ["http-nio-8080"]
2021-06-03 20:51:02.733 [main] INFO  org.springframework.boot.web.embedded.tomcat.TomcatWebServer - Tomcat started on port(s): 8080 (http) with context path '/yzzb'
2021-06-03 20:51:02.737 [main] INFO  com.yzy.YzzbApp - Started YzzbApp in 4.462 seconds (JVM running for 5.464)
2021-06-03 20:51:18.109 [http-nio-8080-exec-1] INFO  org.apache.catalina.core.ContainerBase.[Tomcat].[localhost].[/yzzb] - Initializing Spring DispatcherServlet 'dispatcherServlet'
2021-06-03 20:51:18.109 [http-nio-8080-exec-1] INFO  org.springframework.web.servlet.DispatcherServlet - Initializing Servlet 'dispatcherServlet'
2021-06-03 20:51:18.115 [http-nio-8080-exec-1] INFO  org.springframework.web.servlet.DispatcherServlet - Completed initialization in 6 ms
2021-06-03 20:52:13.888 [main] INFO  com.yzy.YzzbApp - Starting YzzbApp on USER-20190128FA with PID 2532 (D:\workspace\myeclipse2018\yzy\yzzb\target\classes started by Administrator in D:\workspace\myeclipse2018\yzy)
2021-06-03 20:52:13.890 [main] INFO  com.yzy.YzzbApp - No active profile set, falling back to default profiles: default
2021-06-03 20:52:15.348 [main] INFO  org.springframework.boot.web.embedded.tomcat.TomcatWebServer - Tomcat initialized with port(s): 8080 (http)
2021-06-03 20:52:15.365 [main] INFO  org.apache.coyote.http11.Http11NioProtocol - Initializing ProtocolHandler ["http-nio-8080"]
2021-06-03 20:52:15.375 [main] INFO  org.apache.catalina.core.StandardService - Starting service [Tomcat]
2021-06-03 20:52:15.375 [main] INFO  org.apache.catalina.core.StandardEngine - Starting Servlet engine: [Apache Tomcat/9.0.16]
2021-06-03 20:52:15.382 [main] INFO  org.apache.catalina.core.AprLifecycleListener - The APR based Apache Tomcat Native library which allows optimal performance in production environments was not found on the java.library.path: [C:\Program Files\Java\jdk1.8.0_191\bin;C:\Windows\Sun\Java\bin;C:\Windows\system32;C:\Windows;C:\Program Files (x86)\Common Files\Oracle\Java\javapath;C:\Windows\system32;C:\Windows;C:\Windows\System32\Wbem;C:\Windows\System32\WindowsPowerShell\v1.0\;C:\Program Files (x86)\NVIDIA Corporation\PhysX\Common;C:\Program Files\NVIDIA Corporation\NVIDIA NvDLISR;D:\soft\ideaIU-2018.3.win\plugins\maven\lib\maven3\bin;D:\soft\mysql-5.7.23-winx64\bin;D:\soft\gradle-4.6\bin;C:\Program Files\TortoiseSVN\bin;D:\Program Files\Git\cmd;D:\Program Files\nodejs\;C:\Users\Administrator\PycharmProjects\pythonProject\venv\Scripts;D:\Program Files\python\Scripts\;D:\Program Files\python\;D:\Program Files\Fiddler;C:\Users\Administrator\AppData\Roaming\npm;.]
2021-06-03 20:52:15.522 [main] INFO  org.apache.catalina.core.ContainerBase.[Tomcat].[localhost].[/yzzb] - Initializing Spring embedded WebApplicationContext
2021-06-03 20:52:15.523 [main] INFO  org.springframework.web.context.ContextLoader - Root WebApplicationContext: initialization completed in 1574 ms
2021-06-03 20:52:16.474 [main] INFO  org.springframework.scheduling.concurrent.ThreadPoolTaskExecutor - Initializing ExecutorService 'applicationTaskExecutor'
2021-06-03 20:52:16.931 [main] INFO  org.apache.coyote.http11.Http11NioProtocol - Starting ProtocolHandler ["http-nio-8080"]
2021-06-03 20:52:16.967 [main] INFO  org.springframework.boot.web.embedded.tomcat.TomcatWebServer - Tomcat started on port(s): 8080 (http) with context path '/yzzb'
2021-06-03 20:52:16.976 [main] INFO  com.yzy.YzzbApp - Started YzzbApp in 3.916 seconds (JVM running for 4.92)
2021-06-03 20:52:22.436 [http-nio-8080-exec-4] INFO  org.apache.catalina.core.ContainerBase.[Tomcat].[localhost].[/yzzb] - Initializing Spring DispatcherServlet 'dispatcherServlet'
2021-06-03 20:52:22.436 [http-nio-8080-exec-4] INFO  org.springframework.web.servlet.DispatcherServlet - Initializing Servlet 'dispatcherServlet'
2021-06-03 20:52:22.443 [http-nio-8080-exec-4] INFO  org.springframework.web.servlet.DispatcherServlet - Completed initialization in 7 ms
2021-06-03 20:52:22.814 [http-nio-8080-exec-4] INFO  com.yzy.controller.YzzbEmployeeController - User(id=null, code=B1, name=李怡, sex=1, state=1, stop=0, createTime=Thu Jun 03 20:52:22 CST 2021, updateTime=Thu Jun 03 20:52:22 CST 2021, username=null, password=null, phone= 123 )
2021-06-03 20:52:22.821 [http-nio-8080-exec-4] INFO  com.yzy.controller.YzzbEmployeeController - User(id=null, code=B2, name=张三, sex=0, state=1, stop=0, createTime=Thu Jun 03 20:52:22 CST 2021, updateTime=Thu Jun 03 20:52:22 CST 2021, username=null, password=null, phone=123)
2021-06-03 20:52:22.821 [http-nio-8080-exec-4] INFO  com.yzy.controller.YzzbEmployeeController - User(id=null, code=B3, name=李四, sex=1, state=1, stop=0, createTime=Thu Jun 03 20:52:22 CST 2021, updateTime=Thu Jun 03 20:52:22 CST 2021, username=null, password=null, phone=324)
2021-06-03 20:52:22.822 [http-nio-8080-exec-4] INFO  com.yzy.controller.YzzbEmployeeController - User(id=null, code=B4, name=王五, sex=0, state=1, stop=0, createTime=Thu Jun 03 20:52:22 CST 2021, updateTime=Thu Jun 03 20:52:22 CST 2021, username=null, password=null, phone=3241 )
2021-06-03 20:52:22.834 [http-nio-8080-exec-4] INFO  com.zaxxer.hikari.HikariDataSource - HikariPool-1 - Starting...
2021-06-03 20:52:23.414 [http-nio-8080-exec-4] INFO  com.zaxxer.hikari.HikariDataSource - HikariPool-1 - Start completed.
2021-06-03 20:53:30.500 [main] INFO  com.yzy.YzzbApp - Starting YzzbApp on USER-20190128FA with PID 7696 (D:\workspace\myeclipse2018\yzy\yzzb\target\classes started by Administrator in D:\workspace\myeclipse2018\yzy)
2021-06-03 20:53:30.501 [main] INFO  com.yzy.YzzbApp - No active profile set, falling back to default profiles: default
2021-06-03 20:53:32.324 [main] INFO  org.springframework.boot.web.embedded.tomcat.TomcatWebServer - Tomcat initialized with port(s): 8080 (http)
2021-06-03 20:53:32.346 [main] INFO  org.apache.coyote.http11.Http11NioProtocol - Initializing ProtocolHandler ["http-nio-8080"]
2021-06-03 20:53:32.368 [main] INFO  org.apache.catalina.core.StandardService - Starting service [Tomcat]
2021-06-03 20:53:32.369 [main] INFO  org.apache.catalina.core.StandardEngine - Starting Servlet engine: [Apache Tomcat/9.0.16]
2021-06-03 20:53:32.383 [main] INFO  org.apache.catalina.core.AprLifecycleListener - The APR based Apache Tomcat Native library which allows optimal performance in production environments was not found on the java.library.path: [C:\Program Files\Java\jdk1.8.0_191\bin;C:\Windows\Sun\Java\bin;C:\Windows\system32;C:\Windows;C:\Program Files (x86)\Common Files\Oracle\Java\javapath;C:\Windows\system32;C:\Windows;C:\Windows\System32\Wbem;C:\Windows\System32\WindowsPowerShell\v1.0\;C:\Program Files (x86)\NVIDIA Corporation\PhysX\Common;C:\Program Files\NVIDIA Corporation\NVIDIA NvDLISR;D:\soft\ideaIU-2018.3.win\plugins\maven\lib\maven3\bin;D:\soft\mysql-5.7.23-winx64\bin;D:\soft\gradle-4.6\bin;C:\Program Files\TortoiseSVN\bin;D:\Program Files\Git\cmd;D:\Program Files\nodejs\;C:\Users\Administrator\PycharmProjects\pythonProject\venv\Scripts;D:\Program Files\python\Scripts\;D:\Program Files\python\;D:\Program Files\Fiddler;C:\Users\Administrator\AppData\Roaming\npm;.]
2021-06-03 20:53:32.727 [main] INFO  org.apache.catalina.core.ContainerBase.[Tomcat].[localhost].[/yzzb] - Initializing Spring embedded WebApplicationContext
2021-06-03 20:53:32.728 [main] INFO  org.springframework.web.context.ContextLoader - Root WebApplicationContext: initialization completed in 2183 ms
2021-06-03 20:53:33.576 [main] INFO  org.springframework.scheduling.concurrent.ThreadPoolTaskExecutor - Initializing ExecutorService 'applicationTaskExecutor'
2021-06-03 20:53:33.848 [main] INFO  org.apache.coyote.http11.Http11NioProtocol - Starting ProtocolHandler ["http-nio-8080"]
2021-06-03 20:53:33.880 [main] INFO  org.springframework.boot.web.embedded.tomcat.TomcatWebServer - Tomcat started on port(s): 8080 (http) with context path '/yzzb'
2021-06-03 20:53:33.884 [main] INFO  com.yzy.YzzbApp - Started YzzbApp in 5.169 seconds (JVM running for 6.241)
2021-06-03 20:53:38.428 [http-nio-8080-exec-1] INFO  org.apache.catalina.core.ContainerBase.[Tomcat].[localhost].[/yzzb] - Initializing Spring DispatcherServlet 'dispatcherServlet'
2021-06-03 20:53:38.428 [http-nio-8080-exec-1] INFO  org.springframework.web.servlet.DispatcherServlet - Initializing Servlet 'dispatcherServlet'
2021-06-03 20:53:38.436 [http-nio-8080-exec-1] INFO  org.springframework.web.servlet.DispatcherServlet - Completed initialization in 8 ms
2021-06-03 20:53:38.987 [http-nio-8080-exec-1] INFO  com.yzy.controller.YzzbEmployeeController - User(id=null, code=B1, name=李怡, sex=1, state=1, stop=0, createTime=Thu Jun 03 20:53:38 CST 2021, updateTime=Thu Jun 03 20:53:38 CST 2021, username=null, password=null, phone= 123 )
2021-06-03 20:53:39.003 [http-nio-8080-exec-1] INFO  com.yzy.controller.YzzbEmployeeController - User(id=null, code=B2, name=张三, sex=0, state=1, stop=0, createTime=Thu Jun 03 20:53:38 CST 2021, updateTime=Thu Jun 03 20:53:38 CST 2021, username=null, password=null, phone=123)
2021-06-03 20:53:39.004 [http-nio-8080-exec-1] INFO  com.yzy.controller.YzzbEmployeeController - User(id=null, code=B3, name=李四, sex=1, state=1, stop=0, createTime=Thu Jun 03 20:53:38 CST 2021, updateTime=Thu Jun 03 20:53:38 CST 2021, username=null, password=null, phone=324)
2021-06-03 20:53:39.005 [http-nio-8080-exec-1] INFO  com.yzy.controller.YzzbEmployeeController - User(id=null, code=B4, name=王五, sex=0, state=1, stop=0, createTime=Thu Jun 03 20:53:38 CST 2021, updateTime=Thu Jun 03 20:53:38 CST 2021, username=null, password=null, phone=3241 )
2021-06-03 20:53:39.029 [http-nio-8080-exec-1] INFO  com.zaxxer.hikari.HikariDataSource - HikariPool-1 - Starting...
2021-06-03 20:53:39.703 [http-nio-8080-exec-1] INFO  com.zaxxer.hikari.HikariDataSource - HikariPool-1 - Start completed.
2021-06-03 22:14:58.825 [main] INFO  com.yzy.YzzbApp - Starting YzzbApp on USER-20190128FA with PID 4320 (D:\workspace\myeclipse2018\yzy\yzzb\target\classes started by Administrator in D:\workspace\myeclipse2018\yzy)
2021-06-03 22:14:58.827 [main] INFO  com.yzy.YzzbApp - No active profile set, falling back to default profiles: default
2021-06-03 22:15:00.343 [main] INFO  org.springframework.boot.web.embedded.tomcat.TomcatWebServer - Tomcat initialized with port(s): 8080 (http)
2021-06-03 22:15:00.361 [main] INFO  org.apache.coyote.http11.Http11NioProtocol - Initializing ProtocolHandler ["http-nio-8080"]
2021-06-03 22:15:00.373 [main] INFO  org.apache.catalina.core.StandardService - Starting service [Tomcat]
2021-06-03 22:15:00.374 [main] INFO  org.apache.catalina.core.StandardEngine - Starting Servlet engine: [Apache Tomcat/9.0.16]
2021-06-03 22:15:00.381 [main] INFO  org.apache.catalina.core.AprLifecycleListener - The APR based Apache Tomcat Native library which allows optimal performance in production environments was not found on the java.library.path: [C:\Program Files\Java\jdk1.8.0_191\bin;C:\Windows\Sun\Java\bin;C:\Windows\system32;C:\Windows;C:\Program Files (x86)\Common Files\Oracle\Java\javapath;C:\Windows\system32;C:\Windows;C:\Windows\System32\Wbem;C:\Windows\System32\WindowsPowerShell\v1.0\;C:\Program Files (x86)\NVIDIA Corporation\PhysX\Common;C:\Program Files\NVIDIA Corporation\NVIDIA NvDLISR;D:\soft\ideaIU-2018.3.win\plugins\maven\lib\maven3\bin;D:\soft\mysql-5.7.23-winx64\bin;D:\soft\gradle-4.6\bin;C:\Program Files\TortoiseSVN\bin;D:\Program Files\Git\cmd;D:\Program Files\nodejs\;C:\Users\Administrator\PycharmProjects\pythonProject\venv\Scripts;D:\Program Files\python\Scripts\;D:\Program Files\python\;D:\Program Files\Fiddler;C:\Users\Administrator\AppData\Roaming\npm;.]
2021-06-03 22:15:00.622 [main] INFO  org.apache.catalina.core.ContainerBase.[Tomcat].[localhost].[/yzzb] - Initializing Spring embedded WebApplicationContext
2021-06-03 22:15:00.623 [main] INFO  org.springframework.web.context.ContextLoader - Root WebApplicationContext: initialization completed in 1640 ms
2021-06-03 22:15:01.662 [main] INFO  org.springframework.scheduling.concurrent.ThreadPoolTaskExecutor - Initializing ExecutorService 'applicationTaskExecutor'
2021-06-03 22:15:01.886 [main] INFO  org.apache.coyote.http11.Http11NioProtocol - Starting ProtocolHandler ["http-nio-8080"]
2021-06-03 22:15:01.910 [main] INFO  org.springframework.boot.web.embedded.tomcat.TomcatWebServer - Tomcat started on port(s): 8080 (http) with context path '/yzzb'
2021-06-03 22:15:01.914 [main] INFO  com.yzy.YzzbApp - Started YzzbApp in 3.932 seconds (JVM running for 4.964)
2021-06-03 22:17:05.829 [http-nio-8080-exec-1] INFO  org.apache.catalina.core.ContainerBase.[Tomcat].[localhost].[/yzzb] - Initializing Spring DispatcherServlet 'dispatcherServlet'
2021-06-03 22:17:05.830 [http-nio-8080-exec-1] INFO  org.springframework.web.servlet.DispatcherServlet - Initializing Servlet 'dispatcherServlet'
2021-06-03 22:17:05.835 [http-nio-8080-exec-1] INFO  org.springframework.web.servlet.DispatcherServlet - Completed initialization in 5 ms
2021-06-03 22:17:13.015 [http-nio-8080-exec-2] INFO  com.yzy.controller.YzzbEmployeeController - User(id=null, code=B1, name=李怡, sex=1, state=1, stop=0, createTime=Thu Jun 03 22:17:12 CST 2021, updateTime=Thu Jun 03 22:17:12 CST 2021, username=null, password=null, phone= 123 )
2021-06-03 22:17:13.022 [http-nio-8080-exec-2] INFO  com.yzy.controller.YzzbEmployeeController - User(id=null, code=B2, name=张三, sex=0, state=1, stop=0, createTime=Thu Jun 03 22:17:12 CST 2021, updateTime=Thu Jun 03 22:17:12 CST 2021, username=null, password=null, phone=123)
2021-06-03 22:17:13.023 [http-nio-8080-exec-2] INFO  com.yzy.controller.YzzbEmployeeController - User(id=null, code=B3, name=李四, sex=1, state=1, stop=0, createTime=Thu Jun 03 22:17:12 CST 2021, updateTime=Thu Jun 03 22:17:12 CST 2021, username=null, password=null, phone=324)
2021-06-03 22:17:13.024 [http-nio-8080-exec-2] INFO  com.yzy.controller.YzzbEmployeeController - User(id=null, code=B4, name=王五, sex=0, state=1, stop=0, createTime=Thu Jun 03 22:17:12 CST 2021, updateTime=Thu Jun 03 22:17:12 CST 2021, username=null, password=null, phone=3241 )
2021-06-03 22:17:13.054 [http-nio-8080-exec-2] INFO  com.zaxxer.hikari.HikariDataSource - HikariPool-1 - Starting...
2021-06-03 22:17:13.630 [http-nio-8080-exec-2] INFO  com.zaxxer.hikari.HikariDataSource - HikariPool-1 - Start completed.
2021-06-03 22:17:36.661 [http-nio-8080-exec-3] INFO  com.yzy.controller.YzzbEmployeeController - User(id=null, code=B1, name=李怡, sex=1, state=1, stop=0, createTime=Thu Jun 03 22:17:36 CST 2021, updateTime=Thu Jun 03 22:17:36 CST 2021, username=null, password=null, phone= 123 )
2021-06-03 22:17:36.663 [http-nio-8080-exec-3] INFO  com.yzy.controller.YzzbEmployeeController - User(id=null, code=B2, name=张三, sex=0, state=1, stop=0, createTime=Thu Jun 03 22:17:36 CST 2021, updateTime=Thu Jun 03 22:17:36 CST 2021, username=null, password=null, phone=123)
2021-06-03 22:17:36.663 [http-nio-8080-exec-3] INFO  com.yzy.controller.YzzbEmployeeController - User(id=null, code=B3, name=李四, sex=1, state=1, stop=0, createTime=Thu Jun 03 22:17:36 CST 2021, updateTime=Thu Jun 03 22:17:36 CST 2021, username=null, password=null, phone=324)
2021-06-03 22:17:36.664 [http-nio-8080-exec-3] INFO  com.yzy.controller.YzzbEmployeeController - User(id=null, code=B4, name=王五, sex=0, state=1, stop=0, createTime=Thu Jun 03 22:17:36 CST 2021, updateTime=Thu Jun 03 22:17:36 CST 2021, username=null, password=null, phone=3241 )
2021-06-03 22:17:41.882 [http-nio-8080-exec-4] INFO  com.yzy.controller.YzzbEmployeeController - User(id=null, code=B1, name=李怡, sex=1, state=1, stop=0, createTime=Thu Jun 03 22:17:41 CST 2021, updateTime=Thu Jun 03 22:17:41 CST 2021, username=null, password=null, phone= 123 )
2021-06-03 22:17:41.882 [http-nio-8080-exec-4] INFO  com.yzy.controller.YzzbEmployeeController - User(id=null, code=B2, name=张三, sex=0, state=1, stop=0, createTime=Thu Jun 03 22:17:41 CST 2021, updateTime=Thu Jun 03 22:17:41 CST 2021, username=null, password=null, phone=123)
2021-06-03 22:17:41.883 [http-nio-8080-exec-4] INFO  com.yzy.controller.YzzbEmployeeController - User(id=null, code=B3, name=李四, sex=1, state=1, stop=0, createTime=Thu Jun 03 22:17:41 CST 2021, updateTime=Thu Jun 03 22:17:41 CST 2021, username=null, password=null, phone=324)
2021-06-03 22:17:41.883 [http-nio-8080-exec-4] INFO  com.yzy.controller.YzzbEmployeeController - User(id=null, code=B4, name=王五, sex=0, state=1, stop=0, createTime=Thu Jun 03 22:17:41 CST 2021, updateTime=Thu Jun 03 22:17:41 CST 2021, username=null, password=null, phone=3241 )
2021-06-03 22:21:24.819 [http-nio-8080-exec-8] INFO  com.yzy.controller.YzzbEmployeeController - User(id=null, code=B1, name=李怡, sex=1, state=1, stop=0, createTime=Thu Jun 03 22:21:24 CST 2021, updateTime=Thu Jun 03 22:21:24 CST 2021, username=null, password=null, phone= 123 )
2021-06-03 22:21:24.820 [http-nio-8080-exec-8] INFO  com.yzy.controller.YzzbEmployeeController - User(id=null, code=B2, name=张三, sex=0, state=1, stop=0, createTime=Thu Jun 03 22:21:24 CST 2021, updateTime=Thu Jun 03 22:21:24 CST 2021, username=null, password=null, phone=123)
2021-06-03 22:21:24.820 [http-nio-8080-exec-8] INFO  com.yzy.controller.YzzbEmployeeController - User(id=null, code=B3, name=李四, sex=1, state=1, stop=0, createTime=Thu Jun 03 22:21:24 CST 2021, updateTime=Thu Jun 03 22:21:24 CST 2021, username=null, password=null, phone=324)
2021-06-03 22:21:24.821 [http-nio-8080-exec-8] INFO  com.yzy.controller.YzzbEmployeeController - User(id=null, code=B4, name=王五, sex=0, state=1, stop=0, createTime=Thu Jun 03 22:21:24 CST 2021, updateTime=Thu Jun 03 22:21:24 CST 2021, username=null, password=null, phone=3241 )
2021-06-03 22:23:43.335 [http-nio-8080-exec-8] INFO  com.yzy.controller.YzzbEmployeeController - User(id=null, code=B1, name=李怡, sex=1, state=1, stop=0, createTime=Thu Jun 03 22:23:43 CST 2021, updateTime=Thu Jun 03 22:23:43 CST 2021, username=null, password=null, phone= 123 )
2021-06-03 22:23:43.336 [http-nio-8080-exec-8] INFO  com.yzy.controller.YzzbEmployeeController - User(id=null, code=B2, name=张三, sex=0, state=1, stop=0, createTime=Thu Jun 03 22:23:43 CST 2021, updateTime=Thu Jun 03 22:23:43 CST 2021, username=null, password=null, phone=123)
2021-06-03 22:23:43.336 [http-nio-8080-exec-8] INFO  com.yzy.controller.YzzbEmployeeController - User(id=null, code=B3, name=李四, sex=1, state=1, stop=0, createTime=Thu Jun 03 22:23:43 CST 2021, updateTime=Thu Jun 03 22:23:43 CST 2021, username=null, password=null, phone=324)
2021-06-03 22:23:43.336 [http-nio-8080-exec-8] INFO  com.yzy.controller.YzzbEmployeeController - User(id=null, code=B4, name=王五, sex=0, state=1, stop=0, createTime=Thu Jun 03 22:23:43 CST 2021, updateTime=Thu Jun 03 22:23:43 CST 2021, username=null, password=null, phone=3241 )
2021-06-03 22:24:53.027 [http-nio-8080-exec-10] INFO  com.yzy.controller.YzzbEmployeeController - User(id=null, code=B1, name=李怡, sex=1, state=1, stop=0, createTime=Thu Jun 03 22:24:53 CST 2021, updateTime=Thu Jun 03 22:24:53 CST 2021, username=null, password=null, phone= 123 )
2021-06-03 22:24:53.028 [http-nio-8080-exec-10] INFO  com.yzy.controller.YzzbEmployeeController - User(id=null, code=B2, name=张三, sex=0, state=1, stop=0, createTime=Thu Jun 03 22:24:53 CST 2021, updateTime=Thu Jun 03 22:24:53 CST 2021, username=null, password=null, phone=123)
2021-06-03 22:24:53.028 [http-nio-8080-exec-10] INFO  com.yzy.controller.YzzbEmployeeController - User(id=null, code=B3, name=李四, sex=1, state=1, stop=0, createTime=Thu Jun 03 22:24:53 CST 2021, updateTime=Thu Jun 03 22:24:53 CST 2021, username=null, password=null, phone=324)
2021-06-03 22:24:53.029 [http-nio-8080-exec-10] INFO  com.yzy.controller.YzzbEmployeeController - User(id=null, code=B4, name=王五, sex=0, state=1, stop=0, createTime=Thu Jun 03 22:24:53 CST 2021, updateTime=Thu Jun 03 22:24:53 CST 2021, username=null, password=null, phone=3241 )
2021-06-03 22:25:01.377 [http-nio-8080-exec-1] INFO  com.yzy.controller.YzzbEmployeeController - User(id=null, code=B1, name=李怡, sex=1, state=1, stop=0, createTime=Thu Jun 03 22:25:01 CST 2021, updateTime=Thu Jun 03 22:25:01 CST 2021, username=null, password=null, phone= 123 )
2021-06-03 22:25:01.377 [http-nio-8080-exec-1] INFO  com.yzy.controller.YzzbEmployeeController - User(id=null, code=B2, name=张三, sex=0, state=1, stop=0, createTime=Thu Jun 03 22:25:01 CST 2021, updateTime=Thu Jun 03 22:25:01 CST 2021, username=null, password=null, phone=123)
2021-06-03 22:25:01.378 [http-nio-8080-exec-1] INFO  com.yzy.controller.YzzbEmployeeController - User(id=null, code=B3, name=李四, sex=1, state=1, stop=0, createTime=Thu Jun 03 22:25:01 CST 2021, updateTime=Thu Jun 03 22:25:01 CST 2021, username=null, password=null, phone=324)
2021-06-03 22:25:01.378 [http-nio-8080-exec-1] INFO  com.yzy.controller.YzzbEmployeeController - User(id=null, code=B4, name=王五, sex=0, state=1, stop=0, createTime=Thu Jun 03 22:25:01 CST 2021, updateTime=Thu Jun 03 22:25:01 CST 2021, username=null, password=null, phone=3241 )
2021-06-03 22:25:38.175 [http-nio-8080-exec-2] INFO  com.yzy.controller.YzzbEmployeeController - User(id=null, code=B1, name=李怡, sex=1, state=1, stop=0, createTime=Thu Jun 03 22:25:38 CST 2021, updateTime=Thu Jun 03 22:25:38 CST 2021, username=null, password=null, phone= 123 )
2021-06-03 22:25:38.176 [http-nio-8080-exec-2] INFO  com.yzy.controller.YzzbEmployeeController - User(id=null, code=B2, name=张三, sex=0, state=1, stop=0, createTime=Thu Jun 03 22:25:38 CST 2021, updateTime=Thu Jun 03 22:25:38 CST 2021, username=null, password=null, phone=123)
2021-06-03 22:25:38.176 [http-nio-8080-exec-2] INFO  com.yzy.controller.YzzbEmployeeController - User(id=null, code=B3, name=李四, sex=1, state=1, stop=0, createTime=Thu Jun 03 22:25:38 CST 2021, updateTime=Thu Jun 03 22:25:38 CST 2021, username=null, password=null, phone=324)
2021-06-03 22:25:38.176 [http-nio-8080-exec-2] INFO  com.yzy.controller.YzzbEmployeeController - User(id=null, code=B4, name=王五, sex=0, state=1, stop=0, createTime=Thu Jun 03 22:25:38 CST 2021, updateTime=Thu Jun 03 22:25:38 CST 2021, username=null, password=null, phone=3241 )
2021-06-03 22:26:11.714 [http-nio-8080-exec-8] INFO  com.yzy.controller.YzzbEmployeeController - User(id=null, code=B1, name=李怡, sex=1, state=1, stop=0, createTime=Thu Jun 03 22:26:11 CST 2021, updateTime=Thu Jun 03 22:26:11 CST 2021, username=null, password=null, phone= 123 )
2021-06-03 22:26:11.715 [http-nio-8080-exec-8] INFO  com.yzy.controller.YzzbEmployeeController - User(id=null, code=B2, name=张三, sex=0, state=1, stop=0, createTime=Thu Jun 03 22:26:11 CST 2021, updateTime=Thu Jun 03 22:26:11 CST 2021, username=null, password=null, phone=123)
2021-06-03 22:26:11.716 [http-nio-8080-exec-8] INFO  com.yzy.controller.YzzbEmployeeController - User(id=null, code=B3, name=李四, sex=1, state=1, stop=0, createTime=Thu Jun 03 22:26:11 CST 2021, updateTime=Thu Jun 03 22:26:11 CST 2021, username=null, password=null, phone=324)
2021-06-03 22:26:11.716 [http-nio-8080-exec-8] INFO  com.yzy.controller.YzzbEmployeeController - User(id=null, code=B4, name=王五, sex=0, state=1, stop=0, createTime=Thu Jun 03 22:26:11 CST 2021, updateTime=Thu Jun 03 22:26:11 CST 2021, username=null, password=null, phone=3241 )
2021-06-03 22:29:37.938 [main] INFO  com.yzy.YzzbApp - Starting YzzbApp on USER-20190128FA with PID 7684 (D:\workspace\myeclipse2018\yzy\yzzb\target\classes started by Administrator in D:\workspace\myeclipse2018\yzy)
2021-06-03 22:29:37.939 [main] INFO  com.yzy.YzzbApp - No active profile set, falling back to default profiles: default
2021-06-03 22:29:39.429 [main] INFO  org.springframework.boot.web.embedded.tomcat.TomcatWebServer - Tomcat initialized with port(s): 8080 (http)
2021-06-03 22:29:39.460 [main] INFO  org.apache.coyote.http11.Http11NioProtocol - Initializing ProtocolHandler ["http-nio-8080"]
2021-06-03 22:29:39.473 [main] INFO  org.apache.catalina.core.StandardService - Starting service [Tomcat]
2021-06-03 22:29:39.474 [main] INFO  org.apache.catalina.core.StandardEngine - Starting Servlet engine: [Apache Tomcat/9.0.16]
2021-06-03 22:29:39.487 [main] INFO  org.apache.catalina.core.AprLifecycleListener - The APR based Apache Tomcat Native library which allows optimal performance in production environments was not found on the java.library.path: [C:\Program Files\Java\jdk1.8.0_191\bin;C:\Windows\Sun\Java\bin;C:\Windows\system32;C:\Windows;C:\Program Files (x86)\Common Files\Oracle\Java\javapath;C:\Windows\system32;C:\Windows;C:\Windows\System32\Wbem;C:\Windows\System32\WindowsPowerShell\v1.0\;C:\Program Files (x86)\NVIDIA Corporation\PhysX\Common;C:\Program Files\NVIDIA Corporation\NVIDIA NvDLISR;D:\soft\ideaIU-2018.3.win\plugins\maven\lib\maven3\bin;D:\soft\mysql-5.7.23-winx64\bin;D:\soft\gradle-4.6\bin;C:\Program Files\TortoiseSVN\bin;D:\Program Files\Git\cmd;D:\Program Files\nodejs\;C:\Users\Administrator\PycharmProjects\pythonProject\venv\Scripts;D:\Program Files\python\Scripts\;D:\Program Files\python\;D:\Program Files\Fiddler;C:\Users\Administrator\AppData\Roaming\npm;.]
2021-06-03 22:29:39.687 [main] INFO  org.apache.catalina.core.ContainerBase.[Tomcat].[localhost].[/yzzb] - Initializing Spring embedded WebApplicationContext
2021-06-03 22:29:39.687 [main] INFO  org.springframework.web.context.ContextLoader - Root WebApplicationContext: initialization completed in 1700 ms
2021-06-03 22:29:40.402 [main] INFO  org.springframework.scheduling.concurrent.ThreadPoolTaskExecutor - Initializing ExecutorService 'applicationTaskExecutor'
2021-06-03 22:29:40.602 [main] INFO  org.apache.coyote.http11.Http11NioProtocol - Starting ProtocolHandler ["http-nio-8080"]
2021-06-03 22:29:40.637 [main] INFO  org.springframework.boot.web.embedded.tomcat.TomcatWebServer - Tomcat started on port(s): 8080 (http) with context path '/yzzb'
2021-06-03 22:29:40.641 [main] INFO  com.yzy.YzzbApp - Started YzzbApp in 3.895 seconds (JVM running for 4.924)
2021-06-03 22:29:50.439 [http-nio-8080-exec-2] INFO  org.apache.catalina.core.ContainerBase.[Tomcat].[localhost].[/yzzb] - Initializing Spring DispatcherServlet 'dispatcherServlet'
2021-06-03 22:29:50.439 [http-nio-8080-exec-2] INFO  org.springframework.web.servlet.DispatcherServlet - Initializing Servlet 'dispatcherServlet'
2021-06-03 22:29:50.445 [http-nio-8080-exec-2] INFO  org.springframework.web.servlet.DispatcherServlet - Completed initialization in 5 ms
2021-06-03 22:29:50.819 [http-nio-8080-exec-2] INFO  com.yzy.controller.YzzbEmployeeController - User(id=null, code=B1, name=李怡, sex=1, state=1, stop=0, createTime=Thu Jun 03 22:29:50 CST 2021, updateTime=Thu Jun 03 22:29:50 CST 2021, username=null, password=null, phone= 123 )
2021-06-03 22:29:50.826 [http-nio-8080-exec-2] INFO  com.yzy.controller.YzzbEmployeeController - User(id=null, code=B2, name=张三, sex=0, state=1, stop=0, createTime=Thu Jun 03 22:29:50 CST 2021, updateTime=Thu Jun 03 22:29:50 CST 2021, username=null, password=null, phone=123)
2021-06-03 22:29:50.827 [http-nio-8080-exec-2] INFO  com.yzy.controller.YzzbEmployeeController - User(id=null, code=B3, name=李四, sex=1, state=1, stop=0, createTime=Thu Jun 03 22:29:50 CST 2021, updateTime=Thu Jun 03 22:29:50 CST 2021, username=null, password=null, phone=324)
2021-06-03 22:29:50.827 [http-nio-8080-exec-2] INFO  com.yzy.controller.YzzbEmployeeController - User(id=null, code=B4, name=王五, sex=0, state=1, stop=0, createTime=Thu Jun 03 22:29:50 CST 2021, updateTime=Thu Jun 03 22:29:50 CST 2021, username=null, password=null, phone=3241 )
2021-06-03 22:29:50.856 [http-nio-8080-exec-2] INFO  com.zaxxer.hikari.HikariDataSource - HikariPool-1 - Starting...
2021-06-03 22:29:51.378 [http-nio-8080-exec-2] INFO  com.zaxxer.hikari.HikariDataSource - HikariPool-1 - Start completed.
2021-06-03 22:29:59.975 [http-nio-8080-exec-4] INFO  com.yzy.controller.YzzbEmployeeController - User(id=null, code=B1, name=李怡, sex=1, state=1, stop=0, createTime=Thu Jun 03 22:29:59 CST 2021, updateTime=Thu Jun 03 22:29:59 CST 2021, username=null, password=null, phone= 123 )
2021-06-03 22:29:59.976 [http-nio-8080-exec-4] INFO  com.yzy.controller.YzzbEmployeeController - User(id=null, code=B2, name=张三, sex=0, state=1, stop=0, createTime=Thu Jun 03 22:29:59 CST 2021, updateTime=Thu Jun 03 22:29:59 CST 2021, username=null, password=null, phone=123)
2021-06-03 22:29:59.976 [http-nio-8080-exec-4] INFO  com.yzy.controller.YzzbEmployeeController - User(id=null, code=B3, name=李四, sex=1, state=1, stop=0, createTime=Thu Jun 03 22:29:59 CST 2021, updateTime=Thu Jun 03 22:29:59 CST 2021, username=null, password=null, phone=324)
2021-06-03 22:29:59.977 [http-nio-8080-exec-4] INFO  com.yzy.controller.YzzbEmployeeController - User(id=null, code=B4, name=王五, sex=0, state=1, stop=0, createTime=Thu Jun 03 22:29:59 CST 2021, updateTime=Thu Jun 03 22:29:59 CST 2021, username=null, password=null, phone=3241 )
2021-06-03 22:30:48.353 [http-nio-8080-exec-1] INFO  com.yzy.controller.YzzbEmployeeController - User(id=null, code=B1, name=李怡, sex=1, state=1, stop=0, createTime=Thu Jun 03 22:30:48 CST 2021, updateTime=Thu Jun 03 22:30:48 CST 2021, username=null, password=null, phone= 123 )
2021-06-03 22:30:48.354 [http-nio-8080-exec-1] INFO  com.yzy.controller.YzzbEmployeeController - User(id=null, code=B2, name=张三, sex=0, state=1, stop=0, createTime=Thu Jun 03 22:30:48 CST 2021, updateTime=Thu Jun 03 22:30:48 CST 2021, username=null, password=null, phone=123)
2021-06-03 22:30:48.354 [http-nio-8080-exec-1] INFO  com.yzy.controller.YzzbEmployeeController - User(id=null, code=B3, name=李四, sex=1, state=1, stop=0, createTime=Thu Jun 03 22:30:48 CST 2021, updateTime=Thu Jun 03 22:30:48 CST 2021, username=null, password=null, phone=324)
2021-06-03 22:30:48.354 [http-nio-8080-exec-1] INFO  com.yzy.controller.YzzbEmployeeController - User(id=null, code=B4, name=王五, sex=0, state=1, stop=0, createTime=Thu Jun 03 22:30:48 CST 2021, updateTime=Thu Jun 03 22:30:48 CST 2021, username=null, password=null, phone=3241 )
2021-06-03 22:31:28.407 [http-nio-8080-exec-10] INFO  com.yzy.controller.YzzbEmployeeController - User(id=null, code=B1, name=李怡, sex=1, state=1, stop=0, createTime=Thu Jun 03 22:31:28 CST 2021, updateTime=Thu Jun 03 22:31:28 CST 2021, username=null, password=null, phone= 123 )
2021-06-03 22:31:28.408 [http-nio-8080-exec-10] INFO  com.yzy.controller.YzzbEmployeeController - User(id=null, code=B2, name=张三, sex=0, state=1, stop=0, createTime=Thu Jun 03 22:31:28 CST 2021, updateTime=Thu Jun 03 22:31:28 CST 2021, username=null, password=null, phone=123)
2021-06-03 22:31:28.408 [http-nio-8080-exec-10] INFO  com.yzy.controller.YzzbEmployeeController - User(id=null, code=B3, name=李四, sex=1, state=1, stop=0, createTime=Thu Jun 03 22:31:28 CST 2021, updateTime=Thu Jun 03 22:31:28 CST 2021, username=null, password=null, phone=324)
2021-06-03 22:31:28.408 [http-nio-8080-exec-10] INFO  com.yzy.controller.YzzbEmployeeController - User(id=null, code=B4, name=王五, sex=0, state=1, stop=0, createTime=Thu Jun 03 22:31:28 CST 2021, updateTime=Thu Jun 03 22:31:28 CST 2021, username=null, password=null, phone=3241 )
2021-06-03 22:32:09.571 [http-nio-8080-exec-6] INFO  com.yzy.controller.YzzbEmployeeController - User(id=null, code=B1, name=李怡, sex=1, state=1, stop=0, createTime=Thu Jun 03 22:32:09 CST 2021, updateTime=Thu Jun 03 22:32:09 CST 2021, username=null, password=null, phone= 123 )
2021-06-03 22:32:09.571 [http-nio-8080-exec-6] INFO  com.yzy.controller.YzzbEmployeeController - User(id=null, code=B2, name=张三, sex=0, state=1, stop=0, createTime=Thu Jun 03 22:32:09 CST 2021, updateTime=Thu Jun 03 22:32:09 CST 2021, username=null, password=null, phone=123)
2021-06-03 22:32:09.572 [http-nio-8080-exec-6] INFO  com.yzy.controller.YzzbEmployeeController - User(id=null, code=B3, name=李四, sex=1, state=1, stop=0, createTime=Thu Jun 03 22:32:09 CST 2021, updateTime=Thu Jun 03 22:32:09 CST 2021, username=null, password=null, phone=324)
2021-06-03 22:32:09.572 [http-nio-8080-exec-6] INFO  com.yzy.controller.YzzbEmployeeController - User(id=null, code=B4, name=王五, sex=0, state=1, stop=0, createTime=Thu Jun 03 22:32:09 CST 2021, updateTime=Thu Jun 03 22:32:09 CST 2021, username=null, password=null, phone=3241 )
2021-06-03 22:32:59.583 [http-nio-8080-exec-1] INFO  com.yzy.controller.YzzbEmployeeController - User(id=null, code=B1, name=李怡, sex=1, state=1, stop=0, createTime=Thu Jun 03 22:32:59 CST 2021, updateTime=Thu Jun 03 22:32:59 CST 2021, username=null, password=null, phone= 123 )
2021-06-03 22:32:59.584 [http-nio-8080-exec-1] INFO  com.yzy.controller.YzzbEmployeeController - User(id=null, code=B2, name=张三, sex=0, state=1, stop=0, createTime=Thu Jun 03 22:32:59 CST 2021, updateTime=Thu Jun 03 22:32:59 CST 2021, username=null, password=null, phone=123)
2021-06-03 22:32:59.584 [http-nio-8080-exec-1] INFO  com.yzy.controller.YzzbEmployeeController - User(id=null, code=B3, name=李四, sex=1, state=1, stop=0, createTime=Thu Jun 03 22:32:59 CST 2021, updateTime=Thu Jun 03 22:32:59 CST 2021, username=null, password=null, phone=324)
2021-06-03 22:32:59.584 [http-nio-8080-exec-1] INFO  com.yzy.controller.YzzbEmployeeController - User(id=null, code=B4, name=王五, sex=0, state=1, stop=0, createTime=Thu Jun 03 22:32:59 CST 2021, updateTime=Thu Jun 03 22:32:59 CST 2021, username=null, password=null, phone=3241 )
2021-06-03 22:33:30.761 [http-nio-8080-exec-5] INFO  com.yzy.controller.YzzbEmployeeController - User(id=null, code=B1, name=李怡, sex=1, state=1, stop=0, createTime=Thu Jun 03 22:33:30 CST 2021, updateTime=Thu Jun 03 22:33:30 CST 2021, username=null, password=null, phone= 123 )
2021-06-03 22:33:30.761 [http-nio-8080-exec-5] INFO  com.yzy.controller.YzzbEmployeeController - User(id=null, code=B2, name=张三, sex=0, state=1, stop=0, createTime=Thu Jun 03 22:33:30 CST 2021, updateTime=Thu Jun 03 22:33:30 CST 2021, username=null, password=null, phone=123)
2021-06-03 22:33:30.761 [http-nio-8080-exec-5] INFO  com.yzy.controller.YzzbEmployeeController - User(id=null, code=B3, name=李四, sex=1, state=1, stop=0, createTime=Thu Jun 03 22:33:30 CST 2021, updateTime=Thu Jun 03 22:33:30 CST 2021, username=null, password=null, phone=324)
2021-06-03 22:33:30.762 [http-nio-8080-exec-5] INFO  com.yzy.controller.YzzbEmployeeController - User(id=null, code=B4, name=王五, sex=0, state=1, stop=0, createTime=Thu Jun 03 22:33:30 CST 2021, updateTime=Thu Jun 03 22:33:30 CST 2021, username=null, password=null, phone=3241 )
2021-06-03 22:34:20.464 [http-nio-8080-exec-9] INFO  com.yzy.controller.YzzbEmployeeController - User(id=null, code=B1, name=李怡, sex=1, state=1, stop=0, createTime=Thu Jun 03 22:34:20 CST 2021, updateTime=Thu Jun 03 22:34:20 CST 2021, username=null, password=null, phone= 123 )
2021-06-03 22:34:20.464 [http-nio-8080-exec-9] INFO  com.yzy.controller.YzzbEmployeeController - User(id=null, code=B2, name=张三, sex=0, state=1, stop=0, createTime=Thu Jun 03 22:34:20 CST 2021, updateTime=Thu Jun 03 22:34:20 CST 2021, username=null, password=null, phone=123)
2021-06-03 22:34:20.465 [http-nio-8080-exec-9] INFO  com.yzy.controller.YzzbEmployeeController - User(id=null, code=B3, name=李四, sex=1, state=1, stop=0, createTime=Thu Jun 03 22:34:20 CST 2021, updateTime=Thu Jun 03 22:34:20 CST 2021, username=null, password=null, phone=324)
2021-06-03 22:34:20.465 [http-nio-8080-exec-9] INFO  com.yzy.controller.YzzbEmployeeController - User(id=null, code=B4, name=王五, sex=0, state=1, stop=0, createTime=Thu Jun 03 22:34:20 CST 2021, updateTime=Thu Jun 03 22:34:20 CST 2021, username=null, password=null, phone=3241 )
