2021-06-28 22:04:12.977 [main] INFO  com.yzy.YzzbApp - Starting YzzbApp on USER-20190128FA with PID 3436 (D:\workspace\myeclipse2018\yzy\yzzb\target\classes started by Administrator in D:\workspace\myeclipse2018\yzy)
2021-06-28 22:04:12.978 [main] INFO  com.yzy.YzzbApp - No active profile set, falling back to default profiles: default
2021-06-28 22:04:14.358 [main] INFO  org.springframework.boot.web.embedded.tomcat.TomcatWebServer - Tomcat initialized with port(s): 8080 (http)
2021-06-28 22:04:14.376 [main] INFO  org.apache.coyote.http11.Http11NioProtocol - Initializing ProtocolHandler ["http-nio-8080"]
2021-06-28 22:04:14.387 [main] INFO  org.apache.catalina.core.StandardService - Starting service [Tomcat]
2021-06-28 22:04:14.388 [main] INFO  org.apache.catalina.core.StandardEngine - Starting Servlet engine: [Apache Tomcat/9.0.16]
2021-06-28 22:04:14.395 [main] INFO  org.apache.catalina.core.AprLifecycleListener - The APR based Apache Tomcat Native library which allows optimal performance in production environments was not found on the java.library.path: [C:\Program Files\Java\jdk1.8.0_191\bin;C:\Windows\Sun\Java\bin;C:\Windows\system32;C:\Windows;C:\Program Files (x86)\Common Files\Oracle\Java\javapath;C:\Windows\system32;C:\Windows;C:\Windows\System32\Wbem;C:\Windows\System32\WindowsPowerShell\v1.0\;C:\Program Files (x86)\NVIDIA Corporation\PhysX\Common;C:\Program Files\NVIDIA Corporation\NVIDIA NvDLISR;D:\soft\ideaIU-2018.3.win\plugins\maven\lib\maven3\bin;D:\soft\mysql-5.7.23-winx64\bin;D:\soft\gradle-4.6\bin;C:\Program Files\TortoiseSVN\bin;D:\Program Files\Git\cmd;D:\Program Files\nodejs\;C:\Users\Administrator\PycharmProjects\pythonProject\venv\Scripts;D:\Program Files\python\Scripts\;D:\Program Files\python\;D:\Program Files\Fiddler;C:\Users\Administrator\AppData\Roaming\npm;.]
2021-06-28 22:04:14.505 [main] INFO  org.apache.catalina.core.ContainerBase.[Tomcat].[localhost].[/yzzb] - Initializing Spring embedded WebApplicationContext
2021-06-28 22:04:14.505 [main] INFO  org.springframework.web.context.ContextLoader - Root WebApplicationContext: initialization completed in 1461 ms
2021-06-28 22:04:15.292 [main] INFO  org.springframework.scheduling.concurrent.ThreadPoolTaskExecutor - Initializing ExecutorService 'applicationTaskExecutor'
2021-06-28 22:04:15.560 [main] INFO  org.apache.coyote.http11.Http11NioProtocol - Starting ProtocolHandler ["http-nio-8080"]
2021-06-28 22:04:15.590 [main] INFO  org.springframework.boot.web.embedded.tomcat.TomcatWebServer - Tomcat started on port(s): 8080 (http) with context path '/yzzb'
2021-06-28 22:04:15.593 [main] INFO  com.yzy.YzzbApp - Started YzzbApp in 3.293 seconds (JVM running for 6.027)
2021-06-28 22:04:25.539 [http-nio-8080-exec-1] INFO  org.apache.catalina.core.ContainerBase.[Tomcat].[localhost].[/yzzb] - Initializing Spring DispatcherServlet 'dispatcherServlet'
2021-06-28 22:04:25.540 [http-nio-8080-exec-1] INFO  org.springframework.web.servlet.DispatcherServlet - Initializing Servlet 'dispatcherServlet'
2021-06-28 22:04:25.549 [http-nio-8080-exec-1] INFO  org.springframework.web.servlet.DispatcherServlet - Completed initialization in 9 ms
2021-06-28 22:07:50.993 [http-nio-8080-exec-6] INFO  com.zaxxer.hikari.HikariDataSource - HikariPool-1 - Starting...
2021-06-28 22:07:51.618 [http-nio-8080-exec-6] INFO  com.zaxxer.hikari.HikariDataSource - HikariPool-1 - Start completed.
2021-06-28 22:21:19.237 [main] INFO  com.yzy.YzzbApp - Starting YzzbApp on USER-20190128FA with PID 5728 (D:\workspace\myeclipse2018\yzy\yzzb\target\classes started by Administrator in D:\workspace\myeclipse2018\yzy)
2021-06-28 22:21:19.237 [main] INFO  com.yzy.YzzbApp - No active profile set, falling back to default profiles: default
2021-06-28 22:21:21.469 [main] INFO  org.springframework.boot.web.embedded.tomcat.TomcatWebServer - Tomcat initialized with port(s): 8080 (http)
2021-06-28 22:21:21.505 [main] INFO  org.apache.coyote.http11.Http11NioProtocol - Initializing ProtocolHandler ["http-nio-8080"]
2021-06-28 22:21:21.522 [main] INFO  org.apache.catalina.core.StandardService - Starting service [Tomcat]
2021-06-28 22:21:21.522 [main] INFO  org.apache.catalina.core.StandardEngine - Starting Servlet engine: [Apache Tomcat/9.0.16]
2021-06-28 22:21:21.532 [main] INFO  org.apache.catalina.core.AprLifecycleListener - The APR based Apache Tomcat Native library which allows optimal performance in production environments was not found on the java.library.path: [C:\Program Files\Java\jdk1.8.0_191\bin;C:\Windows\Sun\Java\bin;C:\Windows\system32;C:\Windows;C:\Program Files (x86)\Common Files\Oracle\Java\javapath;C:\Windows\system32;C:\Windows;C:\Windows\System32\Wbem;C:\Windows\System32\WindowsPowerShell\v1.0\;C:\Program Files (x86)\NVIDIA Corporation\PhysX\Common;C:\Program Files\NVIDIA Corporation\NVIDIA NvDLISR;D:\soft\ideaIU-2018.3.win\plugins\maven\lib\maven3\bin;D:\soft\mysql-5.7.23-winx64\bin;D:\soft\gradle-4.6\bin;C:\Program Files\TortoiseSVN\bin;D:\Program Files\Git\cmd;D:\Program Files\nodejs\;C:\Users\Administrator\PycharmProjects\pythonProject\venv\Scripts;D:\Program Files\python\Scripts\;D:\Program Files\python\;D:\Program Files\Fiddler;C:\Users\Administrator\AppData\Roaming\npm;.]
2021-06-28 22:21:21.707 [main] INFO  org.apache.catalina.core.ContainerBase.[Tomcat].[localhost].[/yzzb] - Initializing Spring embedded WebApplicationContext
2021-06-28 22:21:21.707 [main] INFO  org.springframework.web.context.ContextLoader - Root WebApplicationContext: initialization completed in 2415 ms
2021-06-28 22:21:22.538 [main] INFO  org.springframework.scheduling.concurrent.ThreadPoolTaskExecutor - Initializing ExecutorService 'applicationTaskExecutor'
2021-06-28 22:21:22.827 [main] INFO  org.apache.coyote.http11.Http11NioProtocol - Starting ProtocolHandler ["http-nio-8080"]
2021-06-28 22:21:22.857 [main] INFO  org.springframework.boot.web.embedded.tomcat.TomcatWebServer - Tomcat started on port(s): 8080 (http) with context path '/yzzb'
2021-06-28 22:21:22.881 [main] INFO  com.yzy.YzzbApp - Started YzzbApp in 4.708 seconds (JVM running for 6.277)
2021-06-28 22:21:45.088 [http-nio-8080-exec-1] INFO  org.apache.catalina.core.ContainerBase.[Tomcat].[localhost].[/yzzb] - Initializing Spring DispatcherServlet 'dispatcherServlet'
2021-06-28 22:21:45.088 [http-nio-8080-exec-1] INFO  org.springframework.web.servlet.DispatcherServlet - Initializing Servlet 'dispatcherServlet'
2021-06-28 22:21:45.096 [http-nio-8080-exec-1] INFO  org.springframework.web.servlet.DispatcherServlet - Completed initialization in 8 ms
2021-06-28 22:21:45.518 [http-nio-8080-exec-7] INFO  com.zaxxer.hikari.HikariDataSource - HikariPool-1 - Starting...
2021-06-28 22:21:46.514 [http-nio-8080-exec-7] INFO  com.zaxxer.hikari.HikariDataSource - HikariPool-1 - Start completed.
2021-06-28 22:45:00.845 [main] INFO  com.yzy.YzzbApp - Starting YzzbApp on USER-20190128FA with PID 7124 (D:\workspace\myeclipse2018\yzy\yzzb\target\classes started by Administrator in D:\workspace\myeclipse2018\yzy)
2021-06-28 22:45:00.848 [main] INFO  com.yzy.YzzbApp - No active profile set, falling back to default profiles: default
2021-06-28 22:45:02.289 [main] INFO  org.springframework.boot.web.embedded.tomcat.TomcatWebServer - Tomcat initialized with port(s): 8080 (http)
2021-06-28 22:45:02.307 [main] INFO  org.apache.coyote.http11.Http11NioProtocol - Initializing ProtocolHandler ["http-nio-8080"]
2021-06-28 22:45:02.318 [main] INFO  org.apache.catalina.core.StandardService - Starting service [Tomcat]
2021-06-28 22:45:02.319 [main] INFO  org.apache.catalina.core.StandardEngine - Starting Servlet engine: [Apache Tomcat/9.0.16]
2021-06-28 22:45:02.326 [main] INFO  org.apache.catalina.core.AprLifecycleListener - The APR based Apache Tomcat Native library which allows optimal performance in production environments was not found on the java.library.path: [C:\Program Files\Java\jdk1.8.0_191\bin;C:\Windows\Sun\Java\bin;C:\Windows\system32;C:\Windows;C:\Program Files (x86)\Common Files\Oracle\Java\javapath;C:\Windows\system32;C:\Windows;C:\Windows\System32\Wbem;C:\Windows\System32\WindowsPowerShell\v1.0\;C:\Program Files (x86)\NVIDIA Corporation\PhysX\Common;C:\Program Files\NVIDIA Corporation\NVIDIA NvDLISR;D:\soft\ideaIU-2018.3.win\plugins\maven\lib\maven3\bin;D:\soft\mysql-5.7.23-winx64\bin;D:\soft\gradle-4.6\bin;C:\Program Files\TortoiseSVN\bin;D:\Program Files\Git\cmd;D:\Program Files\nodejs\;C:\Users\Administrator\PycharmProjects\pythonProject\venv\Scripts;D:\Program Files\python\Scripts\;D:\Program Files\python\;D:\Program Files\Fiddler;C:\Users\Administrator\AppData\Roaming\npm;.]
2021-06-28 22:45:02.483 [main] INFO  org.apache.catalina.core.ContainerBase.[Tomcat].[localhost].[/yzzb] - Initializing Spring embedded WebApplicationContext
2021-06-28 22:45:02.483 [main] INFO  org.springframework.web.context.ContextLoader - Root WebApplicationContext: initialization completed in 1543 ms
2021-06-28 22:45:03.673 [main] INFO  org.springframework.scheduling.concurrent.ThreadPoolTaskExecutor - Initializing ExecutorService 'applicationTaskExecutor'
2021-06-28 22:45:04.106 [main] INFO  org.apache.coyote.http11.Http11NioProtocol - Starting ProtocolHandler ["http-nio-8080"]
2021-06-28 22:45:04.162 [main] INFO  org.springframework.boot.web.embedded.tomcat.TomcatWebServer - Tomcat started on port(s): 8080 (http) with context path '/yzzb'
2021-06-28 22:45:04.170 [main] INFO  com.yzy.YzzbApp - Started YzzbApp in 4.483 seconds (JVM running for 5.971)
2021-06-28 22:45:08.520 [http-nio-8080-exec-3] INFO  org.apache.catalina.core.ContainerBase.[Tomcat].[localhost].[/yzzb] - Initializing Spring DispatcherServlet 'dispatcherServlet'
2021-06-28 22:45:08.520 [http-nio-8080-exec-3] INFO  org.springframework.web.servlet.DispatcherServlet - Initializing Servlet 'dispatcherServlet'
2021-06-28 22:45:08.526 [http-nio-8080-exec-3] INFO  org.springframework.web.servlet.DispatcherServlet - Completed initialization in 5 ms
2021-06-28 22:45:08.885 [http-nio-8080-exec-4] INFO  com.zaxxer.hikari.HikariDataSource - HikariPool-1 - Starting...
2021-06-28 22:45:09.503 [http-nio-8080-exec-4] INFO  com.zaxxer.hikari.HikariDataSource - HikariPool-1 - Start completed.
