2021-06-02 20:57:20.585 [main] INFO  com.yzy.YzzbApp - Starting YzzbApp on USER-20190128FA with PID 7508 (D:\workspace\myeclipse2018\yzy\yzzb\target\classes started by Administrator in D:\workspace\myeclipse2018\yzy)
2021-06-02 20:57:20.586 [main] INFO  com.yzy.YzzbApp - No active profile set, falling back to default profiles: default
2021-06-02 20:57:21.969 [main] INFO  org.springframework.boot.web.embedded.tomcat.TomcatWebServer - Tomcat initialized with port(s): 8080 (http)
2021-06-02 20:57:21.985 [main] INFO  org.apache.coyote.http11.Http11NioProtocol - Initializing ProtocolHandler ["http-nio-8080"]
2021-06-02 20:57:21.994 [main] INFO  org.apache.catalina.core.StandardService - Starting service [Tomcat]
2021-06-02 20:57:21.995 [main] INFO  org.apache.catalina.core.StandardEngine - Starting Servlet engine: [Apache Tomcat/9.0.16]
2021-06-02 20:57:22.002 [main] INFO  org.apache.catalina.core.AprLifecycleListener - The APR based Apache Tomcat Native library which allows optimal performance in production environments was not found on the java.library.path: [C:\Program Files\Java\jdk1.8.0_191\bin;C:\Windows\Sun\Java\bin;C:\Windows\system32;C:\Windows;C:\Program Files (x86)\Common Files\Oracle\Java\javapath;C:\Windows\system32;C:\Windows;C:\Windows\System32\Wbem;C:\Windows\System32\WindowsPowerShell\v1.0\;C:\Program Files (x86)\NVIDIA Corporation\PhysX\Common;C:\Program Files\NVIDIA Corporation\NVIDIA NvDLISR;D:\soft\ideaIU-2018.3.win\plugins\maven\lib\maven3\bin;D:\soft\mysql-5.7.23-winx64\bin;D:\soft\gradle-4.6\bin;C:\Program Files\TortoiseSVN\bin;D:\Program Files\Git\cmd;D:\Program Files\nodejs\;C:\Users\Administrator\PycharmProjects\pythonProject\venv\Scripts;D:\Program Files\python\Scripts\;D:\Program Files\python\;D:\Program Files\Fiddler;C:\Users\Administrator\AppData\Roaming\npm;.]
2021-06-02 20:57:22.148 [main] INFO  org.apache.catalina.core.ContainerBase.[Tomcat].[localhost].[/yzzb] - Initializing Spring embedded WebApplicationContext
2021-06-02 20:57:22.149 [main] INFO  org.springframework.web.context.ContextLoader - Root WebApplicationContext: initialization completed in 1419 ms
2021-06-02 20:57:22.885 [main] INFO  org.springframework.scheduling.concurrent.ThreadPoolTaskExecutor - Initializing ExecutorService 'applicationTaskExecutor'
2021-06-02 20:57:23.109 [main] INFO  org.apache.coyote.http11.Http11NioProtocol - Starting ProtocolHandler ["http-nio-8080"]
2021-06-02 20:57:23.130 [main] INFO  org.springframework.boot.web.embedded.tomcat.TomcatWebServer - Tomcat started on port(s): 8080 (http) with context path '/yzzb'
2021-06-02 20:57:23.134 [main] INFO  com.yzy.YzzbApp - Started YzzbApp in 3.562 seconds (JVM running for 7.017)
2021-06-02 21:41:27.498 [main] INFO  com.yzy.YzzbApp - Starting YzzbApp on USER-20190128FA with PID 4180 (D:\workspace\myeclipse2018\yzy\yzzb\target\classes started by Administrator in D:\workspace\myeclipse2018\yzy)
2021-06-02 21:41:27.499 [main] INFO  com.yzy.YzzbApp - No active profile set, falling back to default profiles: default
2021-06-02 21:41:28.928 [main] INFO  org.springframework.boot.web.embedded.tomcat.TomcatWebServer - Tomcat initialized with port(s): 8080 (http)
2021-06-02 21:41:28.942 [main] INFO  org.apache.coyote.http11.Http11NioProtocol - Initializing ProtocolHandler ["http-nio-8080"]
2021-06-02 21:41:28.950 [main] INFO  org.apache.catalina.core.StandardService - Starting service [Tomcat]
2021-06-02 21:41:28.951 [main] INFO  org.apache.catalina.core.StandardEngine - Starting Servlet engine: [Apache Tomcat/9.0.16]
2021-06-02 21:41:28.957 [main] INFO  org.apache.catalina.core.AprLifecycleListener - The APR based Apache Tomcat Native library which allows optimal performance in production environments was not found on the java.library.path: [C:\Program Files\Java\jdk1.8.0_191\bin;C:\Windows\Sun\Java\bin;C:\Windows\system32;C:\Windows;C:\Program Files (x86)\Common Files\Oracle\Java\javapath;C:\Windows\system32;C:\Windows;C:\Windows\System32\Wbem;C:\Windows\System32\WindowsPowerShell\v1.0\;C:\Program Files (x86)\NVIDIA Corporation\PhysX\Common;C:\Program Files\NVIDIA Corporation\NVIDIA NvDLISR;D:\soft\ideaIU-2018.3.win\plugins\maven\lib\maven3\bin;D:\soft\mysql-5.7.23-winx64\bin;D:\soft\gradle-4.6\bin;C:\Program Files\TortoiseSVN\bin;D:\Program Files\Git\cmd;D:\Program Files\nodejs\;C:\Users\Administrator\PycharmProjects\pythonProject\venv\Scripts;D:\Program Files\python\Scripts\;D:\Program Files\python\;D:\Program Files\Fiddler;C:\Users\Administrator\AppData\Roaming\npm;.]
2021-06-02 21:41:29.083 [main] INFO  org.apache.catalina.core.ContainerBase.[Tomcat].[localhost].[/yzzb] - Initializing Spring embedded WebApplicationContext
2021-06-02 21:41:29.083 [main] INFO  org.springframework.web.context.ContextLoader - Root WebApplicationContext: initialization completed in 1496 ms
2021-06-02 21:41:29.719 [main] INFO  org.springframework.scheduling.concurrent.ThreadPoolTaskExecutor - Initializing ExecutorService 'applicationTaskExecutor'
2021-06-02 21:41:29.916 [main] INFO  org.apache.coyote.http11.Http11NioProtocol - Starting ProtocolHandler ["http-nio-8080"]
2021-06-02 21:41:29.964 [main] INFO  org.springframework.boot.web.embedded.tomcat.TomcatWebServer - Tomcat started on port(s): 8080 (http) with context path '/yzzb'
2021-06-02 21:41:29.968 [main] INFO  com.yzy.YzzbApp - Started YzzbApp in 3.318 seconds (JVM running for 4.333)
2021-06-02 21:41:39.284 [http-nio-8080-exec-1] INFO  org.apache.catalina.core.ContainerBase.[Tomcat].[localhost].[/yzzb] - Initializing Spring DispatcherServlet 'dispatcherServlet'
2021-06-02 21:41:39.285 [http-nio-8080-exec-1] INFO  org.springframework.web.servlet.DispatcherServlet - Initializing Servlet 'dispatcherServlet'
2021-06-02 21:41:39.293 [http-nio-8080-exec-1] INFO  org.springframework.web.servlet.DispatcherServlet - Completed initialization in 8 ms
2021-06-02 21:41:58.799 [http-nio-8080-exec-1] INFO  com.yzy.controller.YzzbEmployeeController - User(id=null, code=B1, name=李怡, sex=1, state=1, stop=0, createTime=Wed Jun 02 21:41:58 CST 2021, updateTime=Wed Jun 02 21:41:58 CST 2021, username=null, password=null, phone= 123 )
2021-06-02 21:41:58.812 [http-nio-8080-exec-1] INFO  com.yzy.controller.YzzbEmployeeController - User(id=null, code=B2, name=张三, sex=0, state=1, stop=0, createTime=Wed Jun 02 21:41:58 CST 2021, updateTime=Wed Jun 02 21:41:58 CST 2021, username=null, password=null, phone=123)
2021-06-02 21:41:58.814 [http-nio-8080-exec-1] INFO  com.yzy.controller.YzzbEmployeeController - User(id=null, code=B3, name=李四, sex=1, state=1, stop=0, createTime=Wed Jun 02 21:41:58 CST 2021, updateTime=Wed Jun 02 21:41:58 CST 2021, username=null, password=null, phone=324)
2021-06-02 21:41:58.817 [http-nio-8080-exec-1] INFO  com.yzy.controller.YzzbEmployeeController - User(id=null, code=B4, name=王五, sex=0, state=1, stop=0, createTime=Wed Jun 02 21:41:58 CST 2021, updateTime=Wed Jun 02 21:41:58 CST 2021, username=null, password=null, phone=3241 )
2021-06-02 21:47:36.979 [main] INFO  com.yzy.YzzbApp - Starting YzzbApp on USER-20190128FA with PID 7880 (D:\workspace\myeclipse2018\yzy\yzzb\target\classes started by Administrator in D:\workspace\myeclipse2018\yzy)
2021-06-02 21:47:36.980 [main] INFO  com.yzy.YzzbApp - No active profile set, falling back to default profiles: default
2021-06-02 21:47:38.644 [main] INFO  org.springframework.boot.web.embedded.tomcat.TomcatWebServer - Tomcat initialized with port(s): 8080 (http)
2021-06-02 21:47:38.662 [main] INFO  org.apache.coyote.http11.Http11NioProtocol - Initializing ProtocolHandler ["http-nio-8080"]
2021-06-02 21:47:38.671 [main] INFO  org.apache.catalina.core.StandardService - Starting service [Tomcat]
2021-06-02 21:47:38.671 [main] INFO  org.apache.catalina.core.StandardEngine - Starting Servlet engine: [Apache Tomcat/9.0.16]
2021-06-02 21:47:38.678 [main] INFO  org.apache.catalina.core.AprLifecycleListener - The APR based Apache Tomcat Native library which allows optimal performance in production environments was not found on the java.library.path: [C:\Program Files\Java\jdk1.8.0_191\bin;C:\Windows\Sun\Java\bin;C:\Windows\system32;C:\Windows;C:\Program Files (x86)\Common Files\Oracle\Java\javapath;C:\Windows\system32;C:\Windows;C:\Windows\System32\Wbem;C:\Windows\System32\WindowsPowerShell\v1.0\;C:\Program Files (x86)\NVIDIA Corporation\PhysX\Common;C:\Program Files\NVIDIA Corporation\NVIDIA NvDLISR;D:\soft\ideaIU-2018.3.win\plugins\maven\lib\maven3\bin;D:\soft\mysql-5.7.23-winx64\bin;D:\soft\gradle-4.6\bin;C:\Program Files\TortoiseSVN\bin;D:\Program Files\Git\cmd;D:\Program Files\nodejs\;C:\Users\Administrator\PycharmProjects\pythonProject\venv\Scripts;D:\Program Files\python\Scripts\;D:\Program Files\python\;D:\Program Files\Fiddler;C:\Users\Administrator\AppData\Roaming\npm;.]
2021-06-02 21:47:38.832 [main] INFO  org.apache.catalina.core.ContainerBase.[Tomcat].[localhost].[/yzzb] - Initializing Spring embedded WebApplicationContext
2021-06-02 21:47:38.833 [main] INFO  org.springframework.web.context.ContextLoader - Root WebApplicationContext: initialization completed in 1777 ms
2021-06-02 21:47:39.778 [main] INFO  org.springframework.scheduling.concurrent.ThreadPoolTaskExecutor - Initializing ExecutorService 'applicationTaskExecutor'
2021-06-02 21:47:40.140 [main] INFO  org.apache.coyote.http11.Http11NioProtocol - Starting ProtocolHandler ["http-nio-8080"]
2021-06-02 21:47:40.194 [main] INFO  org.springframework.boot.web.embedded.tomcat.TomcatWebServer - Tomcat started on port(s): 8080 (http) with context path '/yzzb'
2021-06-02 21:47:40.201 [main] INFO  com.yzy.YzzbApp - Started YzzbApp in 4.282 seconds (JVM running for 5.299)
2021-06-02 21:47:59.245 [http-nio-8080-exec-8] INFO  org.apache.catalina.core.ContainerBase.[Tomcat].[localhost].[/yzzb] - Initializing Spring DispatcherServlet 'dispatcherServlet'
2021-06-02 21:47:59.246 [http-nio-8080-exec-8] INFO  org.springframework.web.servlet.DispatcherServlet - Initializing Servlet 'dispatcherServlet'
2021-06-02 21:47:59.260 [http-nio-8080-exec-8] INFO  org.springframework.web.servlet.DispatcherServlet - Completed initialization in 14 ms
2021-06-02 21:48:24.978 [http-nio-8080-exec-8] INFO  com.yzy.controller.YzzbEmployeeController - User(id=null, code=B1, name=李怡, sex=1, state=1, stop=0, createTime=Wed Jun 02 21:48:24 CST 2021, updateTime=Wed Jun 02 21:48:24 CST 2021, username=null, password=null, phone= 123 )
2021-06-02 21:48:24.986 [http-nio-8080-exec-8] INFO  com.yzy.controller.YzzbEmployeeController - User(id=null, code=B2, name=张三, sex=0, state=1, stop=0, createTime=Wed Jun 02 21:48:24 CST 2021, updateTime=Wed Jun 02 21:48:24 CST 2021, username=null, password=null, phone=123)
2021-06-02 21:48:24.987 [http-nio-8080-exec-8] INFO  com.yzy.controller.YzzbEmployeeController - User(id=null, code=B3, name=李四, sex=1, state=1, stop=0, createTime=Wed Jun 02 21:48:24 CST 2021, updateTime=Wed Jun 02 21:48:24 CST 2021, username=null, password=null, phone=324)
2021-06-02 21:48:24.987 [http-nio-8080-exec-8] INFO  com.yzy.controller.YzzbEmployeeController - User(id=null, code=B4, name=王五, sex=0, state=1, stop=0, createTime=Wed Jun 02 21:48:24 CST 2021, updateTime=Wed Jun 02 21:48:24 CST 2021, username=null, password=null, phone=3241 )
2021-06-02 21:52:11.786 [main] INFO  com.yzy.YzzbApp - Starting YzzbApp on USER-20190128FA with PID 8656 (D:\workspace\myeclipse2018\yzy\yzzb\target\classes started by Administrator in D:\workspace\myeclipse2018\yzy)
2021-06-02 21:52:11.787 [main] INFO  com.yzy.YzzbApp - No active profile set, falling back to default profiles: default
2021-06-02 21:52:13.290 [main] INFO  org.springframework.boot.web.embedded.tomcat.TomcatWebServer - Tomcat initialized with port(s): 8080 (http)
2021-06-02 21:52:13.310 [main] INFO  org.apache.coyote.http11.Http11NioProtocol - Initializing ProtocolHandler ["http-nio-8080"]
2021-06-02 21:52:13.323 [main] INFO  org.apache.catalina.core.StandardService - Starting service [Tomcat]
2021-06-02 21:52:13.323 [main] INFO  org.apache.catalina.core.StandardEngine - Starting Servlet engine: [Apache Tomcat/9.0.16]
2021-06-02 21:52:13.330 [main] INFO  org.apache.catalina.core.AprLifecycleListener - The APR based Apache Tomcat Native library which allows optimal performance in production environments was not found on the java.library.path: [C:\Program Files\Java\jdk1.8.0_191\bin;C:\Windows\Sun\Java\bin;C:\Windows\system32;C:\Windows;C:\Program Files (x86)\Common Files\Oracle\Java\javapath;C:\Windows\system32;C:\Windows;C:\Windows\System32\Wbem;C:\Windows\System32\WindowsPowerShell\v1.0\;C:\Program Files (x86)\NVIDIA Corporation\PhysX\Common;C:\Program Files\NVIDIA Corporation\NVIDIA NvDLISR;D:\soft\ideaIU-2018.3.win\plugins\maven\lib\maven3\bin;D:\soft\mysql-5.7.23-winx64\bin;D:\soft\gradle-4.6\bin;C:\Program Files\TortoiseSVN\bin;D:\Program Files\Git\cmd;D:\Program Files\nodejs\;C:\Users\Administrator\PycharmProjects\pythonProject\venv\Scripts;D:\Program Files\python\Scripts\;D:\Program Files\python\;D:\Program Files\Fiddler;C:\Users\Administrator\AppData\Roaming\npm;.]
2021-06-02 21:52:13.487 [main] INFO  org.apache.catalina.core.ContainerBase.[Tomcat].[localhost].[/yzzb] - Initializing Spring embedded WebApplicationContext
2021-06-02 21:52:13.487 [main] INFO  org.springframework.web.context.ContextLoader - Root WebApplicationContext: initialization completed in 1643 ms
2021-06-02 21:52:14.744 [main] INFO  org.springframework.scheduling.concurrent.ThreadPoolTaskExecutor - Initializing ExecutorService 'applicationTaskExecutor'
2021-06-02 21:52:15.011 [main] INFO  org.apache.coyote.http11.Http11NioProtocol - Starting ProtocolHandler ["http-nio-8080"]
2021-06-02 21:52:15.039 [main] INFO  org.springframework.boot.web.embedded.tomcat.TomcatWebServer - Tomcat started on port(s): 8080 (http) with context path '/yzzb'
2021-06-02 21:52:15.043 [main] INFO  com.yzy.YzzbApp - Started YzzbApp in 4.484 seconds (JVM running for 5.528)
2021-06-02 21:52:23.176 [http-nio-8080-exec-1] INFO  org.apache.catalina.core.ContainerBase.[Tomcat].[localhost].[/yzzb] - Initializing Spring DispatcherServlet 'dispatcherServlet'
2021-06-02 21:52:23.176 [http-nio-8080-exec-1] INFO  org.springframework.web.servlet.DispatcherServlet - Initializing Servlet 'dispatcherServlet'
2021-06-02 21:52:23.182 [http-nio-8080-exec-1] INFO  org.springframework.web.servlet.DispatcherServlet - Completed initialization in 6 ms
2021-06-02 21:52:33.264 [http-nio-8080-exec-10] INFO  com.yzy.controller.YzzbEmployeeController - User(id=null, code=B1, name=李怡, sex=1, state=1, stop=0, createTime=Wed Jun 02 21:52:32 CST 2021, updateTime=Wed Jun 02 21:52:32 CST 2021, username=null, password=null, phone= 123 )
2021-06-02 21:52:33.272 [http-nio-8080-exec-10] INFO  com.yzy.controller.YzzbEmployeeController - User(id=null, code=B2, name=张三, sex=0, state=1, stop=0, createTime=Wed Jun 02 21:52:32 CST 2021, updateTime=Wed Jun 02 21:52:32 CST 2021, username=null, password=null, phone=123)
2021-06-02 21:52:33.273 [http-nio-8080-exec-10] INFO  com.yzy.controller.YzzbEmployeeController - User(id=null, code=B3, name=李四, sex=1, state=1, stop=0, createTime=Wed Jun 02 21:52:32 CST 2021, updateTime=Wed Jun 02 21:52:32 CST 2021, username=null, password=null, phone=324)
2021-06-02 21:52:33.274 [http-nio-8080-exec-10] INFO  com.yzy.controller.YzzbEmployeeController - User(id=null, code=B4, name=王五, sex=0, state=1, stop=0, createTime=Wed Jun 02 21:52:32 CST 2021, updateTime=Wed Jun 02 21:52:32 CST 2021, username=null, password=null, phone=3241 )
2021-06-02 21:53:44.989 [main] INFO  com.yzy.YzzbApp - Starting YzzbApp on USER-20190128FA with PID 8184 (D:\workspace\myeclipse2018\yzy\yzzb\target\classes started by Administrator in D:\workspace\myeclipse2018\yzy)
2021-06-02 21:53:44.997 [main] INFO  com.yzy.YzzbApp - No active profile set, falling back to default profiles: default
2021-06-02 21:53:46.886 [main] INFO  org.springframework.boot.web.embedded.tomcat.TomcatWebServer - Tomcat initialized with port(s): 8080 (http)
2021-06-02 21:53:46.909 [main] INFO  org.apache.coyote.http11.Http11NioProtocol - Initializing ProtocolHandler ["http-nio-8080"]
2021-06-02 21:53:46.924 [main] INFO  org.apache.catalina.core.StandardService - Starting service [Tomcat]
2021-06-02 21:53:46.924 [main] INFO  org.apache.catalina.core.StandardEngine - Starting Servlet engine: [Apache Tomcat/9.0.16]
2021-06-02 21:53:46.936 [main] INFO  org.apache.catalina.core.AprLifecycleListener - The APR based Apache Tomcat Native library which allows optimal performance in production environments was not found on the java.library.path: [C:\Program Files\Java\jdk1.8.0_191\bin;C:\Windows\Sun\Java\bin;C:\Windows\system32;C:\Windows;C:\Program Files (x86)\Common Files\Oracle\Java\javapath;C:\Windows\system32;C:\Windows;C:\Windows\System32\Wbem;C:\Windows\System32\WindowsPowerShell\v1.0\;C:\Program Files (x86)\NVIDIA Corporation\PhysX\Common;C:\Program Files\NVIDIA Corporation\NVIDIA NvDLISR;D:\soft\ideaIU-2018.3.win\plugins\maven\lib\maven3\bin;D:\soft\mysql-5.7.23-winx64\bin;D:\soft\gradle-4.6\bin;C:\Program Files\TortoiseSVN\bin;D:\Program Files\Git\cmd;D:\Program Files\nodejs\;C:\Users\Administrator\PycharmProjects\pythonProject\venv\Scripts;D:\Program Files\python\Scripts\;D:\Program Files\python\;D:\Program Files\Fiddler;C:\Users\Administrator\AppData\Roaming\npm;.]
2021-06-02 21:53:47.209 [main] INFO  org.apache.catalina.core.ContainerBase.[Tomcat].[localhost].[/yzzb] - Initializing Spring embedded WebApplicationContext
2021-06-02 21:53:47.210 [main] INFO  org.springframework.web.context.ContextLoader - Root WebApplicationContext: initialization completed in 2124 ms
2021-06-02 21:53:48.813 [main] INFO  org.springframework.scheduling.concurrent.ThreadPoolTaskExecutor - Initializing ExecutorService 'applicationTaskExecutor'
2021-06-02 21:53:49.160 [main] INFO  org.apache.coyote.http11.Http11NioProtocol - Starting ProtocolHandler ["http-nio-8080"]
2021-06-02 21:53:49.193 [main] INFO  org.springframework.boot.web.embedded.tomcat.TomcatWebServer - Tomcat started on port(s): 8080 (http) with context path '/yzzb'
2021-06-02 21:53:49.197 [main] INFO  com.yzy.YzzbApp - Started YzzbApp in 5.202 seconds (JVM running for 6.224)
2021-06-02 21:54:08.079 [main] INFO  com.yzy.YzzbApp - Starting YzzbApp on USER-20190128FA with PID 2016 (D:\workspace\myeclipse2018\yzy\yzzb\target\classes started by Administrator in D:\workspace\myeclipse2018\yzy)
2021-06-02 21:54:08.080 [main] INFO  com.yzy.YzzbApp - No active profile set, falling back to default profiles: default
2021-06-02 21:54:09.464 [main] INFO  org.springframework.boot.web.embedded.tomcat.TomcatWebServer - Tomcat initialized with port(s): 8080 (http)
2021-06-02 21:54:09.480 [main] INFO  org.apache.coyote.http11.Http11NioProtocol - Initializing ProtocolHandler ["http-nio-8080"]
2021-06-02 21:54:09.492 [main] INFO  org.apache.catalina.core.StandardService - Starting service [Tomcat]
2021-06-02 21:54:09.493 [main] INFO  org.apache.catalina.core.StandardEngine - Starting Servlet engine: [Apache Tomcat/9.0.16]
2021-06-02 21:54:09.501 [main] INFO  org.apache.catalina.core.AprLifecycleListener - The APR based Apache Tomcat Native library which allows optimal performance in production environments was not found on the java.library.path: [C:\Program Files\Java\jdk1.8.0_191\bin;C:\Windows\Sun\Java\bin;C:\Windows\system32;C:\Windows;C:\Program Files (x86)\Common Files\Oracle\Java\javapath;C:\Windows\system32;C:\Windows;C:\Windows\System32\Wbem;C:\Windows\System32\WindowsPowerShell\v1.0\;C:\Program Files (x86)\NVIDIA Corporation\PhysX\Common;C:\Program Files\NVIDIA Corporation\NVIDIA NvDLISR;D:\soft\ideaIU-2018.3.win\plugins\maven\lib\maven3\bin;D:\soft\mysql-5.7.23-winx64\bin;D:\soft\gradle-4.6\bin;C:\Program Files\TortoiseSVN\bin;D:\Program Files\Git\cmd;D:\Program Files\nodejs\;C:\Users\Administrator\PycharmProjects\pythonProject\venv\Scripts;D:\Program Files\python\Scripts\;D:\Program Files\python\;D:\Program Files\Fiddler;C:\Users\Administrator\AppData\Roaming\npm;.]
2021-06-02 21:54:09.663 [main] INFO  org.apache.catalina.core.ContainerBase.[Tomcat].[localhost].[/yzzb] - Initializing Spring embedded WebApplicationContext
2021-06-02 21:54:09.664 [main] INFO  org.springframework.web.context.ContextLoader - Root WebApplicationContext: initialization completed in 1486 ms
2021-06-02 21:54:10.913 [main] INFO  org.springframework.scheduling.concurrent.ThreadPoolTaskExecutor - Initializing ExecutorService 'applicationTaskExecutor'
2021-06-02 21:54:11.195 [main] INFO  org.apache.coyote.http11.Http11NioProtocol - Starting ProtocolHandler ["http-nio-8080"]
2021-06-02 21:54:11.219 [main] INFO  org.springframework.boot.web.embedded.tomcat.TomcatWebServer - Tomcat started on port(s): 8080 (http) with context path '/yzzb'
2021-06-02 21:54:11.223 [main] INFO  com.yzy.YzzbApp - Started YzzbApp in 4.163 seconds (JVM running for 5.185)
2021-06-02 21:54:16.071 [http-nio-8080-exec-1] INFO  org.apache.catalina.core.ContainerBase.[Tomcat].[localhost].[/yzzb] - Initializing Spring DispatcherServlet 'dispatcherServlet'
2021-06-02 21:54:16.071 [http-nio-8080-exec-1] INFO  org.springframework.web.servlet.DispatcherServlet - Initializing Servlet 'dispatcherServlet'
2021-06-02 21:54:16.085 [http-nio-8080-exec-1] INFO  org.springframework.web.servlet.DispatcherServlet - Completed initialization in 14 ms
2021-06-02 21:54:16.723 [http-nio-8080-exec-1] INFO  com.yzy.controller.YzzbEmployeeController - User(id=null, code=B1, name=李怡, sex=1, state=1, stop=0, createTime=Wed Jun 02 21:54:16 CST 2021, updateTime=Wed Jun 02 21:54:16 CST 2021, username=null, password=null, phone= 123 )
2021-06-02 21:54:16.731 [http-nio-8080-exec-1] INFO  com.yzy.controller.YzzbEmployeeController - User(id=null, code=B2, name=张三, sex=0, state=1, stop=0, createTime=Wed Jun 02 21:54:16 CST 2021, updateTime=Wed Jun 02 21:54:16 CST 2021, username=null, password=null, phone=123)
2021-06-02 21:54:16.732 [http-nio-8080-exec-1] INFO  com.yzy.controller.YzzbEmployeeController - User(id=null, code=B3, name=李四, sex=1, state=1, stop=0, createTime=Wed Jun 02 21:54:16 CST 2021, updateTime=Wed Jun 02 21:54:16 CST 2021, username=null, password=null, phone=324)
2021-06-02 21:54:16.733 [http-nio-8080-exec-1] INFO  com.yzy.controller.YzzbEmployeeController - User(id=null, code=B4, name=王五, sex=0, state=1, stop=0, createTime=Wed Jun 02 21:54:16 CST 2021, updateTime=Wed Jun 02 21:54:16 CST 2021, username=null, password=null, phone=3241 )
2021-06-02 21:55:30.585 [main] INFO  com.yzy.YzzbApp - Starting YzzbApp on USER-20190128FA with PID 8416 (D:\workspace\myeclipse2018\yzy\yzzb\target\classes started by Administrator in D:\workspace\myeclipse2018\yzy)
2021-06-02 21:55:30.585 [main] INFO  com.yzy.YzzbApp - No active profile set, falling back to default profiles: default
2021-06-02 21:55:32.010 [main] INFO  org.springframework.boot.web.embedded.tomcat.TomcatWebServer - Tomcat initialized with port(s): 8080 (http)
2021-06-02 21:55:32.044 [main] INFO  org.apache.coyote.http11.Http11NioProtocol - Initializing ProtocolHandler ["http-nio-8080"]
2021-06-02 21:55:32.058 [main] INFO  org.apache.catalina.core.StandardService - Starting service [Tomcat]
2021-06-02 21:55:32.059 [main] INFO  org.apache.catalina.core.StandardEngine - Starting Servlet engine: [Apache Tomcat/9.0.16]
2021-06-02 21:55:32.070 [main] INFO  org.apache.catalina.core.AprLifecycleListener - The APR based Apache Tomcat Native library which allows optimal performance in production environments was not found on the java.library.path: [C:\Program Files\Java\jdk1.8.0_191\bin;C:\Windows\Sun\Java\bin;C:\Windows\system32;C:\Windows;C:\Program Files (x86)\Common Files\Oracle\Java\javapath;C:\Windows\system32;C:\Windows;C:\Windows\System32\Wbem;C:\Windows\System32\WindowsPowerShell\v1.0\;C:\Program Files (x86)\NVIDIA Corporation\PhysX\Common;C:\Program Files\NVIDIA Corporation\NVIDIA NvDLISR;D:\soft\ideaIU-2018.3.win\plugins\maven\lib\maven3\bin;D:\soft\mysql-5.7.23-winx64\bin;D:\soft\gradle-4.6\bin;C:\Program Files\TortoiseSVN\bin;D:\Program Files\Git\cmd;D:\Program Files\nodejs\;C:\Users\Administrator\PycharmProjects\pythonProject\venv\Scripts;D:\Program Files\python\Scripts\;D:\Program Files\python\;D:\Program Files\Fiddler;C:\Users\Administrator\AppData\Roaming\npm;.]
2021-06-02 21:55:32.280 [main] INFO  org.apache.catalina.core.ContainerBase.[Tomcat].[localhost].[/yzzb] - Initializing Spring embedded WebApplicationContext
2021-06-02 21:55:32.281 [main] INFO  org.springframework.web.context.ContextLoader - Root WebApplicationContext: initialization completed in 1642 ms
2021-06-02 21:55:32.993 [main] INFO  org.springframework.scheduling.concurrent.ThreadPoolTaskExecutor - Initializing ExecutorService 'applicationTaskExecutor'
2021-06-02 21:55:33.186 [main] INFO  org.apache.coyote.http11.Http11NioProtocol - Starting ProtocolHandler ["http-nio-8080"]
2021-06-02 21:55:33.212 [main] INFO  org.springframework.boot.web.embedded.tomcat.TomcatWebServer - Tomcat started on port(s): 8080 (http) with context path '/yzzb'
2021-06-02 21:55:33.237 [main] INFO  com.yzy.YzzbApp - Started YzzbApp in 3.796 seconds (JVM running for 4.793)
2021-06-02 21:55:38.928 [http-nio-8080-exec-4] INFO  org.apache.catalina.core.ContainerBase.[Tomcat].[localhost].[/yzzb] - Initializing Spring DispatcherServlet 'dispatcherServlet'
2021-06-02 21:55:38.931 [http-nio-8080-exec-4] INFO  org.springframework.web.servlet.DispatcherServlet - Initializing Servlet 'dispatcherServlet'
2021-06-02 21:55:38.941 [http-nio-8080-exec-4] INFO  org.springframework.web.servlet.DispatcherServlet - Completed initialization in 10 ms
2021-06-02 21:55:39.510 [http-nio-8080-exec-4] INFO  com.yzy.controller.YzzbEmployeeController - User(id=null, code=B1, name=李怡, sex=1, state=1, stop=0, createTime=Wed Jun 02 21:55:39 CST 2021, updateTime=Wed Jun 02 21:55:39 CST 2021, username=null, password=null, phone= 123 )
2021-06-02 21:55:39.519 [http-nio-8080-exec-4] INFO  com.yzy.controller.YzzbEmployeeController - User(id=null, code=B2, name=张三, sex=0, state=1, stop=0, createTime=Wed Jun 02 21:55:39 CST 2021, updateTime=Wed Jun 02 21:55:39 CST 2021, username=null, password=null, phone=123)
2021-06-02 21:55:39.520 [http-nio-8080-exec-4] INFO  com.yzy.controller.YzzbEmployeeController - User(id=null, code=B3, name=李四, sex=1, state=1, stop=0, createTime=Wed Jun 02 21:55:39 CST 2021, updateTime=Wed Jun 02 21:55:39 CST 2021, username=null, password=null, phone=324)
2021-06-02 21:55:39.521 [http-nio-8080-exec-4] INFO  com.yzy.controller.YzzbEmployeeController - User(id=null, code=B4, name=王五, sex=0, state=1, stop=0, createTime=Wed Jun 02 21:55:39 CST 2021, updateTime=Wed Jun 02 21:55:39 CST 2021, username=null, password=null, phone=3241 )
2021-06-02 21:55:39.541 [http-nio-8080-exec-4] INFO  com.zaxxer.hikari.HikariDataSource - HikariPool-1 - Starting...
2021-06-02 21:55:40.103 [http-nio-8080-exec-4] INFO  com.zaxxer.hikari.HikariDataSource - HikariPool-1 - Start completed.
2021-06-02 21:59:27.951 [main] INFO  com.yzy.YzzbApp - Starting YzzbApp on USER-20190128FA with PID 7800 (D:\workspace\myeclipse2018\yzy\yzzb\target\classes started by Administrator in D:\workspace\myeclipse2018\yzy)
2021-06-02 21:59:27.952 [main] INFO  com.yzy.YzzbApp - No active profile set, falling back to default profiles: default
2021-06-02 21:59:29.611 [main] INFO  org.springframework.boot.web.embedded.tomcat.TomcatWebServer - Tomcat initialized with port(s): 8080 (http)
2021-06-02 21:59:29.630 [main] INFO  org.apache.coyote.http11.Http11NioProtocol - Initializing ProtocolHandler ["http-nio-8080"]
2021-06-02 21:59:29.642 [main] INFO  org.apache.catalina.core.StandardService - Starting service [Tomcat]
2021-06-02 21:59:29.642 [main] INFO  org.apache.catalina.core.StandardEngine - Starting Servlet engine: [Apache Tomcat/9.0.16]
2021-06-02 21:59:29.649 [main] INFO  org.apache.catalina.core.AprLifecycleListener - The APR based Apache Tomcat Native library which allows optimal performance in production environments was not found on the java.library.path: [C:\Program Files\Java\jdk1.8.0_191\bin;C:\Windows\Sun\Java\bin;C:\Windows\system32;C:\Windows;C:\Program Files (x86)\Common Files\Oracle\Java\javapath;C:\Windows\system32;C:\Windows;C:\Windows\System32\Wbem;C:\Windows\System32\WindowsPowerShell\v1.0\;C:\Program Files (x86)\NVIDIA Corporation\PhysX\Common;C:\Program Files\NVIDIA Corporation\NVIDIA NvDLISR;D:\soft\ideaIU-2018.3.win\plugins\maven\lib\maven3\bin;D:\soft\mysql-5.7.23-winx64\bin;D:\soft\gradle-4.6\bin;C:\Program Files\TortoiseSVN\bin;D:\Program Files\Git\cmd;D:\Program Files\nodejs\;C:\Users\Administrator\PycharmProjects\pythonProject\venv\Scripts;D:\Program Files\python\Scripts\;D:\Program Files\python\;D:\Program Files\Fiddler;C:\Users\Administrator\AppData\Roaming\npm;.]
2021-06-02 21:59:29.845 [main] INFO  org.apache.catalina.core.ContainerBase.[Tomcat].[localhost].[/yzzb] - Initializing Spring embedded WebApplicationContext
2021-06-02 21:59:29.845 [main] INFO  org.springframework.web.context.ContextLoader - Root WebApplicationContext: initialization completed in 1800 ms
2021-06-02 21:59:30.957 [main] INFO  org.springframework.scheduling.concurrent.ThreadPoolTaskExecutor - Initializing ExecutorService 'applicationTaskExecutor'
2021-06-02 21:59:31.281 [main] INFO  org.apache.coyote.http11.Http11NioProtocol - Starting ProtocolHandler ["http-nio-8080"]
2021-06-02 21:59:31.314 [main] INFO  org.springframework.boot.web.embedded.tomcat.TomcatWebServer - Tomcat started on port(s): 8080 (http) with context path '/yzzb'
2021-06-02 21:59:31.318 [main] INFO  com.yzy.YzzbApp - Started YzzbApp in 4.544 seconds (JVM running for 5.54)
2021-06-02 21:59:36.492 [http-nio-8080-exec-1] INFO  org.apache.catalina.core.ContainerBase.[Tomcat].[localhost].[/yzzb] - Initializing Spring DispatcherServlet 'dispatcherServlet'
2021-06-02 21:59:36.492 [http-nio-8080-exec-1] INFO  org.springframework.web.servlet.DispatcherServlet - Initializing Servlet 'dispatcherServlet'
2021-06-02 21:59:36.503 [http-nio-8080-exec-1] INFO  org.springframework.web.servlet.DispatcherServlet - Completed initialization in 10 ms
2021-06-02 21:59:37.092 [http-nio-8080-exec-1] INFO  com.yzy.controller.YzzbEmployeeController - User(id=null, code=B1, name=李怡, sex=1, state=1, stop=0, createTime=Wed Jun 02 21:59:36 CST 2021, updateTime=Wed Jun 02 21:59:36 CST 2021, username=null, password=null, phone= 123 )
2021-06-02 21:59:37.102 [http-nio-8080-exec-1] INFO  com.yzy.controller.YzzbEmployeeController - User(id=null, code=B2, name=张三, sex=0, state=1, stop=0, createTime=Wed Jun 02 21:59:36 CST 2021, updateTime=Wed Jun 02 21:59:36 CST 2021, username=null, password=null, phone=123)
2021-06-02 21:59:37.104 [http-nio-8080-exec-1] INFO  com.yzy.controller.YzzbEmployeeController - User(id=null, code=B3, name=李四, sex=1, state=1, stop=0, createTime=Wed Jun 02 21:59:36 CST 2021, updateTime=Wed Jun 02 21:59:36 CST 2021, username=null, password=null, phone=324)
2021-06-02 21:59:37.105 [http-nio-8080-exec-1] INFO  com.yzy.controller.YzzbEmployeeController - User(id=null, code=B4, name=王五, sex=0, state=1, stop=0, createTime=Wed Jun 02 21:59:36 CST 2021, updateTime=Wed Jun 02 21:59:36 CST 2021, username=null, password=null, phone=3241 )
2021-06-02 21:59:37.124 [http-nio-8080-exec-1] INFO  com.zaxxer.hikari.HikariDataSource - HikariPool-1 - Starting...
2021-06-02 21:59:37.877 [http-nio-8080-exec-1] INFO  com.zaxxer.hikari.HikariDataSource - HikariPool-1 - Start completed.
2021-06-02 22:01:42.139 [main] INFO  com.yzy.YzzbApp - Starting YzzbApp on USER-20190128FA with PID 8436 (D:\workspace\myeclipse2018\yzy\yzzb\target\classes started by Administrator in D:\workspace\myeclipse2018\yzy)
2021-06-02 22:01:42.140 [main] INFO  com.yzy.YzzbApp - No active profile set, falling back to default profiles: default
2021-06-02 22:01:43.940 [main] INFO  org.springframework.boot.web.embedded.tomcat.TomcatWebServer - Tomcat initialized with port(s): 8080 (http)
2021-06-02 22:01:43.958 [main] INFO  org.apache.coyote.http11.Http11NioProtocol - Initializing ProtocolHandler ["http-nio-8080"]
2021-06-02 22:01:43.972 [main] INFO  org.apache.catalina.core.StandardService - Starting service [Tomcat]
2021-06-02 22:01:43.972 [main] INFO  org.apache.catalina.core.StandardEngine - Starting Servlet engine: [Apache Tomcat/9.0.16]
2021-06-02 22:01:43.980 [main] INFO  org.apache.catalina.core.AprLifecycleListener - The APR based Apache Tomcat Native library which allows optimal performance in production environments was not found on the java.library.path: [C:\Program Files\Java\jdk1.8.0_191\bin;C:\Windows\Sun\Java\bin;C:\Windows\system32;C:\Windows;C:\Program Files (x86)\Common Files\Oracle\Java\javapath;C:\Windows\system32;C:\Windows;C:\Windows\System32\Wbem;C:\Windows\System32\WindowsPowerShell\v1.0\;C:\Program Files (x86)\NVIDIA Corporation\PhysX\Common;C:\Program Files\NVIDIA Corporation\NVIDIA NvDLISR;D:\soft\ideaIU-2018.3.win\plugins\maven\lib\maven3\bin;D:\soft\mysql-5.7.23-winx64\bin;D:\soft\gradle-4.6\bin;C:\Program Files\TortoiseSVN\bin;D:\Program Files\Git\cmd;D:\Program Files\nodejs\;C:\Users\Administrator\PycharmProjects\pythonProject\venv\Scripts;D:\Program Files\python\Scripts\;D:\Program Files\python\;D:\Program Files\Fiddler;C:\Users\Administrator\AppData\Roaming\npm;.]
2021-06-02 22:01:44.190 [main] INFO  org.apache.catalina.core.ContainerBase.[Tomcat].[localhost].[/yzzb] - Initializing Spring embedded WebApplicationContext
2021-06-02 22:01:44.191 [main] INFO  org.springframework.web.context.ContextLoader - Root WebApplicationContext: initialization completed in 1889 ms
2021-06-02 22:01:45.217 [main] INFO  org.springframework.scheduling.concurrent.ThreadPoolTaskExecutor - Initializing ExecutorService 'applicationTaskExecutor'
2021-06-02 22:01:45.682 [main] INFO  org.apache.coyote.http11.Http11NioProtocol - Starting ProtocolHandler ["http-nio-8080"]
2021-06-02 22:01:45.749 [main] INFO  org.springframework.boot.web.embedded.tomcat.TomcatWebServer - Tomcat started on port(s): 8080 (http) with context path '/yzzb'
2021-06-02 22:01:45.753 [main] INFO  com.yzy.YzzbApp - Started YzzbApp in 4.496 seconds (JVM running for 5.466)
2021-06-02 22:01:48.470 [http-nio-8080-exec-1] INFO  org.apache.catalina.core.ContainerBase.[Tomcat].[localhost].[/yzzb] - Initializing Spring DispatcherServlet 'dispatcherServlet'
2021-06-02 22:01:48.470 [http-nio-8080-exec-1] INFO  org.springframework.web.servlet.DispatcherServlet - Initializing Servlet 'dispatcherServlet'
2021-06-02 22:01:48.482 [http-nio-8080-exec-1] INFO  org.springframework.web.servlet.DispatcherServlet - Completed initialization in 12 ms
2021-06-02 22:01:49.078 [http-nio-8080-exec-1] INFO  com.yzy.controller.YzzbEmployeeController - User(id=null, code=B1, name=李怡, sex=1, state=1, stop=0, createTime=Wed Jun 02 22:01:48 CST 2021, updateTime=Wed Jun 02 22:01:48 CST 2021, username=null, password=null, phone= 123 )
2021-06-02 22:01:49.087 [http-nio-8080-exec-1] INFO  com.yzy.controller.YzzbEmployeeController - User(id=null, code=B2, name=张三, sex=0, state=1, stop=0, createTime=Wed Jun 02 22:01:48 CST 2021, updateTime=Wed Jun 02 22:01:48 CST 2021, username=null, password=null, phone=123)
2021-06-02 22:01:49.088 [http-nio-8080-exec-1] INFO  com.yzy.controller.YzzbEmployeeController - User(id=null, code=B3, name=李四, sex=1, state=1, stop=0, createTime=Wed Jun 02 22:01:48 CST 2021, updateTime=Wed Jun 02 22:01:48 CST 2021, username=null, password=null, phone=324)
2021-06-02 22:01:49.089 [http-nio-8080-exec-1] INFO  com.yzy.controller.YzzbEmployeeController - User(id=null, code=B4, name=王五, sex=0, state=1, stop=0, createTime=Wed Jun 02 22:01:48 CST 2021, updateTime=Wed Jun 02 22:01:48 CST 2021, username=null, password=null, phone=3241 )
2021-06-02 22:01:49.111 [http-nio-8080-exec-1] INFO  com.zaxxer.hikari.HikariDataSource - HikariPool-1 - Starting...
2021-06-02 22:01:49.815 [http-nio-8080-exec-1] INFO  com.zaxxer.hikari.HikariDataSource - HikariPool-1 - Start completed.
2021-06-02 22:17:05.152 [main] INFO  com.yzy.YzzbApp - Starting YzzbApp on USER-20190128FA with PID 7796 (D:\workspace\myeclipse2018\yzy\yzzb\target\classes started by Administrator in D:\workspace\myeclipse2018\yzy)
2021-06-02 22:17:05.153 [main] INFO  com.yzy.YzzbApp - No active profile set, falling back to default profiles: default
2021-06-02 22:17:06.370 [main] INFO  org.springframework.boot.web.embedded.tomcat.TomcatWebServer - Tomcat initialized with port(s): 8080 (http)
2021-06-02 22:17:06.383 [main] INFO  org.apache.coyote.http11.Http11NioProtocol - Initializing ProtocolHandler ["http-nio-8080"]
2021-06-02 22:17:06.391 [main] INFO  org.apache.catalina.core.StandardService - Starting service [Tomcat]
2021-06-02 22:17:06.391 [main] INFO  org.apache.catalina.core.StandardEngine - Starting Servlet engine: [Apache Tomcat/9.0.16]
2021-06-02 22:17:06.397 [main] INFO  org.apache.catalina.core.AprLifecycleListener - The APR based Apache Tomcat Native library which allows optimal performance in production environments was not found on the java.library.path: [C:\Program Files\Java\jdk1.8.0_191\bin;C:\Windows\Sun\Java\bin;C:\Windows\system32;C:\Windows;C:\Program Files (x86)\Common Files\Oracle\Java\javapath;C:\Windows\system32;C:\Windows;C:\Windows\System32\Wbem;C:\Windows\System32\WindowsPowerShell\v1.0\;C:\Program Files (x86)\NVIDIA Corporation\PhysX\Common;C:\Program Files\NVIDIA Corporation\NVIDIA NvDLISR;D:\soft\ideaIU-2018.3.win\plugins\maven\lib\maven3\bin;D:\soft\mysql-5.7.23-winx64\bin;D:\soft\gradle-4.6\bin;C:\Program Files\TortoiseSVN\bin;D:\Program Files\Git\cmd;D:\Program Files\nodejs\;C:\Users\Administrator\PycharmProjects\pythonProject\venv\Scripts;D:\Program Files\python\Scripts\;D:\Program Files\python\;D:\Program Files\Fiddler;C:\Users\Administrator\AppData\Roaming\npm;.]
2021-06-02 22:17:06.523 [main] INFO  org.apache.catalina.core.ContainerBase.[Tomcat].[localhost].[/yzzb] - Initializing Spring embedded WebApplicationContext
2021-06-02 22:17:06.524 [main] INFO  org.springframework.web.context.ContextLoader - Root WebApplicationContext: initialization completed in 1271 ms
2021-06-02 22:17:07.281 [main] INFO  org.springframework.scheduling.concurrent.ThreadPoolTaskExecutor - Initializing ExecutorService 'applicationTaskExecutor'
2021-06-02 22:17:07.574 [main] INFO  org.apache.coyote.http11.Http11NioProtocol - Starting ProtocolHandler ["http-nio-8080"]
2021-06-02 22:17:07.602 [main] INFO  org.springframework.boot.web.embedded.tomcat.TomcatWebServer - Tomcat started on port(s): 8080 (http) with context path '/yzzb'
2021-06-02 22:17:07.605 [main] INFO  com.yzy.YzzbApp - Started YzzbApp in 3.368 seconds (JVM running for 4.394)
2021-06-02 22:17:11.060 [http-nio-8080-exec-1] INFO  org.apache.catalina.core.ContainerBase.[Tomcat].[localhost].[/yzzb] - Initializing Spring DispatcherServlet 'dispatcherServlet'
2021-06-02 22:17:11.060 [http-nio-8080-exec-1] INFO  org.springframework.web.servlet.DispatcherServlet - Initializing Servlet 'dispatcherServlet'
2021-06-02 22:17:11.069 [http-nio-8080-exec-1] INFO  org.springframework.web.servlet.DispatcherServlet - Completed initialization in 9 ms
2021-06-02 22:17:11.659 [http-nio-8080-exec-1] INFO  com.yzy.controller.YzzbEmployeeController - User(id=null, code=B1, name=李怡, sex=1, state=1, stop=0, createTime=Wed Jun 02 22:17:11 CST 2021, updateTime=Wed Jun 02 22:17:11 CST 2021, username=null, password=null, phone= 123 )
2021-06-02 22:17:11.680 [http-nio-8080-exec-1] INFO  com.yzy.controller.YzzbEmployeeController - User(id=null, code=B2, name=张三, sex=0, state=1, stop=0, createTime=Wed Jun 02 22:17:11 CST 2021, updateTime=Wed Jun 02 22:17:11 CST 2021, username=null, password=null, phone=123)
2021-06-02 22:17:11.682 [http-nio-8080-exec-1] INFO  com.yzy.controller.YzzbEmployeeController - User(id=null, code=B3, name=李四, sex=1, state=1, stop=0, createTime=Wed Jun 02 22:17:11 CST 2021, updateTime=Wed Jun 02 22:17:11 CST 2021, username=null, password=null, phone=324)
2021-06-02 22:17:11.683 [http-nio-8080-exec-1] INFO  com.yzy.controller.YzzbEmployeeController - User(id=null, code=B4, name=王五, sex=0, state=1, stop=0, createTime=Wed Jun 02 22:17:11 CST 2021, updateTime=Wed Jun 02 22:17:11 CST 2021, username=null, password=null, phone=3241 )
2021-06-02 22:17:11.703 [http-nio-8080-exec-1] INFO  com.zaxxer.hikari.HikariDataSource - HikariPool-1 - Starting...
2021-06-02 22:17:12.450 [http-nio-8080-exec-1] INFO  com.zaxxer.hikari.HikariDataSource - HikariPool-1 - Start completed.
2021-06-02 22:18:10.374 [main] INFO  com.yzy.YzzbApp - Starting YzzbApp on USER-20190128FA with PID 8268 (D:\workspace\myeclipse2018\yzy\yzzb\target\classes started by Administrator in D:\workspace\myeclipse2018\yzy)
2021-06-02 22:18:10.374 [main] INFO  com.yzy.YzzbApp - No active profile set, falling back to default profiles: default
2021-06-02 22:18:11.963 [main] INFO  org.springframework.boot.web.embedded.tomcat.TomcatWebServer - Tomcat initialized with port(s): 8080 (http)
2021-06-02 22:18:11.986 [main] INFO  org.apache.coyote.http11.Http11NioProtocol - Initializing ProtocolHandler ["http-nio-8080"]
2021-06-02 22:18:12.007 [main] INFO  org.apache.catalina.core.StandardService - Starting service [Tomcat]
2021-06-02 22:18:12.007 [main] INFO  org.apache.catalina.core.StandardEngine - Starting Servlet engine: [Apache Tomcat/9.0.16]
2021-06-02 22:18:12.016 [main] INFO  org.apache.catalina.core.AprLifecycleListener - The APR based Apache Tomcat Native library which allows optimal performance in production environments was not found on the java.library.path: [C:\Program Files\Java\jdk1.8.0_191\bin;C:\Windows\Sun\Java\bin;C:\Windows\system32;C:\Windows;C:\Program Files (x86)\Common Files\Oracle\Java\javapath;C:\Windows\system32;C:\Windows;C:\Windows\System32\Wbem;C:\Windows\System32\WindowsPowerShell\v1.0\;C:\Program Files (x86)\NVIDIA Corporation\PhysX\Common;C:\Program Files\NVIDIA Corporation\NVIDIA NvDLISR;D:\soft\ideaIU-2018.3.win\plugins\maven\lib\maven3\bin;D:\soft\mysql-5.7.23-winx64\bin;D:\soft\gradle-4.6\bin;C:\Program Files\TortoiseSVN\bin;D:\Program Files\Git\cmd;D:\Program Files\nodejs\;C:\Users\Administrator\PycharmProjects\pythonProject\venv\Scripts;D:\Program Files\python\Scripts\;D:\Program Files\python\;D:\Program Files\Fiddler;C:\Users\Administrator\AppData\Roaming\npm;.]
2021-06-02 22:18:12.267 [main] INFO  org.apache.catalina.core.ContainerBase.[Tomcat].[localhost].[/yzzb] - Initializing Spring embedded WebApplicationContext
2021-06-02 22:18:12.268 [main] INFO  org.springframework.web.context.ContextLoader - Root WebApplicationContext: initialization completed in 1825 ms
2021-06-02 22:18:13.015 [main] INFO  org.springframework.scheduling.concurrent.ThreadPoolTaskExecutor - Initializing ExecutorService 'applicationTaskExecutor'
2021-06-02 22:18:13.209 [main] INFO  org.apache.coyote.http11.Http11NioProtocol - Starting ProtocolHandler ["http-nio-8080"]
2021-06-02 22:18:13.236 [main] INFO  org.springframework.boot.web.embedded.tomcat.TomcatWebServer - Tomcat started on port(s): 8080 (http) with context path '/yzzb'
2021-06-02 22:18:13.240 [main] INFO  com.yzy.YzzbApp - Started YzzbApp in 4.075 seconds (JVM running for 5.085)
2021-06-02 22:18:15.390 [http-nio-8080-exec-1] INFO  org.apache.catalina.core.ContainerBase.[Tomcat].[localhost].[/yzzb] - Initializing Spring DispatcherServlet 'dispatcherServlet'
2021-06-02 22:18:15.391 [http-nio-8080-exec-1] INFO  org.springframework.web.servlet.DispatcherServlet - Initializing Servlet 'dispatcherServlet'
2021-06-02 22:18:15.398 [http-nio-8080-exec-1] INFO  org.springframework.web.servlet.DispatcherServlet - Completed initialization in 7 ms
2021-06-02 22:18:15.932 [http-nio-8080-exec-1] INFO  com.yzy.controller.YzzbEmployeeController - User(id=null, code=B1, name=李怡, sex=1, state=1, stop=0, createTime=Wed Jun 02 22:18:15 CST 2021, updateTime=Wed Jun 02 22:18:15 CST 2021, username=null, password=null, phone= 123 )
2021-06-02 22:18:15.943 [http-nio-8080-exec-1] INFO  com.yzy.controller.YzzbEmployeeController - User(id=null, code=B2, name=张三, sex=0, state=1, stop=0, createTime=Wed Jun 02 22:18:15 CST 2021, updateTime=Wed Jun 02 22:18:15 CST 2021, username=null, password=null, phone=123)
2021-06-02 22:18:15.944 [http-nio-8080-exec-1] INFO  com.yzy.controller.YzzbEmployeeController - User(id=null, code=B3, name=李四, sex=1, state=1, stop=0, createTime=Wed Jun 02 22:18:15 CST 2021, updateTime=Wed Jun 02 22:18:15 CST 2021, username=null, password=null, phone=324)
2021-06-02 22:18:15.945 [http-nio-8080-exec-1] INFO  com.yzy.controller.YzzbEmployeeController - User(id=null, code=B4, name=王五, sex=0, state=1, stop=0, createTime=Wed Jun 02 22:18:15 CST 2021, updateTime=Wed Jun 02 22:18:15 CST 2021, username=null, password=null, phone=3241 )
2021-06-02 22:18:15.969 [http-nio-8080-exec-1] INFO  com.zaxxer.hikari.HikariDataSource - HikariPool-1 - Starting...
2021-06-02 22:18:16.624 [http-nio-8080-exec-1] INFO  com.zaxxer.hikari.HikariDataSource - HikariPool-1 - Start completed.
2021-06-02 22:19:35.414 [http-nio-8080-exec-5] INFO  com.yzy.controller.YzzbEmployeeController - User(id=null, code=B1, name=李怡, sex=1, state=1, stop=0, createTime=Wed Jun 02 22:19:35 CST 2021, updateTime=Wed Jun 02 22:19:35 CST 2021, username=null, password=null, phone= 123 )
2021-06-02 22:19:35.416 [http-nio-8080-exec-5] INFO  com.yzy.controller.YzzbEmployeeController - User(id=null, code=B2, name=张三, sex=0, state=1, stop=0, createTime=Wed Jun 02 22:19:35 CST 2021, updateTime=Wed Jun 02 22:19:35 CST 2021, username=null, password=null, phone=123)
2021-06-02 22:19:35.417 [http-nio-8080-exec-5] INFO  com.yzy.controller.YzzbEmployeeController - User(id=null, code=B3, name=李四, sex=1, state=1, stop=0, createTime=Wed Jun 02 22:19:35 CST 2021, updateTime=Wed Jun 02 22:19:35 CST 2021, username=null, password=null, phone=324)
2021-06-02 22:19:35.417 [http-nio-8080-exec-5] INFO  com.yzy.controller.YzzbEmployeeController - User(id=null, code=B4, name=王五, sex=0, state=1, stop=0, createTime=Wed Jun 02 22:19:35 CST 2021, updateTime=Wed Jun 02 22:19:35 CST 2021, username=null, password=null, phone=3241 )
2021-06-02 22:20:31.298 [http-nio-8080-exec-6] INFO  com.yzy.controller.YzzbEmployeeController - User(id=null, code=B1, name=李怡, sex=1, state=1, stop=0, createTime=Wed Jun 02 22:20:31 CST 2021, updateTime=Wed Jun 02 22:20:31 CST 2021, username=null, password=null, phone= 123 )
2021-06-02 22:20:31.300 [http-nio-8080-exec-6] INFO  com.yzy.controller.YzzbEmployeeController - User(id=null, code=B2, name=张三, sex=0, state=1, stop=0, createTime=Wed Jun 02 22:20:31 CST 2021, updateTime=Wed Jun 02 22:20:31 CST 2021, username=null, password=null, phone=123)
2021-06-02 22:20:31.301 [http-nio-8080-exec-6] INFO  com.yzy.controller.YzzbEmployeeController - User(id=null, code=B3, name=李四, sex=1, state=1, stop=0, createTime=Wed Jun 02 22:20:31 CST 2021, updateTime=Wed Jun 02 22:20:31 CST 2021, username=null, password=null, phone=324)
2021-06-02 22:20:31.301 [http-nio-8080-exec-6] INFO  com.yzy.controller.YzzbEmployeeController - User(id=null, code=B4, name=王五, sex=0, state=1, stop=0, createTime=Wed Jun 02 22:20:31 CST 2021, updateTime=Wed Jun 02 22:20:31 CST 2021, username=null, password=null, phone=3241 )
2021-06-02 22:21:40.062 [http-nio-8080-exec-9] INFO  com.yzy.controller.YzzbEmployeeController - User(id=null, code=B1, name=李怡, sex=1, state=1, stop=0, createTime=Wed Jun 02 22:21:40 CST 2021, updateTime=Wed Jun 02 22:21:40 CST 2021, username=null, password=null, phone= 123 )
2021-06-02 22:21:40.063 [http-nio-8080-exec-9] INFO  com.yzy.controller.YzzbEmployeeController - User(id=null, code=B2, name=张三, sex=0, state=1, stop=0, createTime=Wed Jun 02 22:21:40 CST 2021, updateTime=Wed Jun 02 22:21:40 CST 2021, username=null, password=null, phone=123)
2021-06-02 22:21:40.063 [http-nio-8080-exec-9] INFO  com.yzy.controller.YzzbEmployeeController - User(id=null, code=B3, name=李四, sex=1, state=1, stop=0, createTime=Wed Jun 02 22:21:40 CST 2021, updateTime=Wed Jun 02 22:21:40 CST 2021, username=null, password=null, phone=324)
2021-06-02 22:21:40.064 [http-nio-8080-exec-9] INFO  com.yzy.controller.YzzbEmployeeController - User(id=null, code=B4, name=王五, sex=0, state=1, stop=0, createTime=Wed Jun 02 22:21:40 CST 2021, updateTime=Wed Jun 02 22:21:40 CST 2021, username=null, password=null, phone=3241 )
