2020-11-26 23:18:34.803 [main] DEBUG com.yzy.FileScanServerApplication - Running with Spring Boot v2.1.3.RELEASE, Spring v5.1.5.RELEASE
2020-11-26 23:24:27.001 [main] DEBUG com.yzy.FileScanServerApplication - Running with Spring Boot v2.1.3.RELEASE, Spring v5.1.5.RELEASE
2020-11-26 23:25:18.906 [main] DEBUG com.yzy.FileScanServerApplication - Running with Spring Boot v2.1.3.RELEASE, Spring v5.1.5.RELEASE
2020-11-26 23:26:00.538 [main] DEBUG com.yzy.FileScanServerApplication - Running with Spring Boot v2.1.3.RELEASE, Spring v5.1.5.RELEASE
2020-11-26 23:27:07.397 [main] DEBUG com.yzy.FileScanServerApplication - Running with Spring Boot v2.1.3.RELEASE, Spring v5.1.5.RELEASE
2020-11-26 23:30:13.931 [main] DEBUG com.yzy.FileScanServerApplication - Running with Spring Boot v2.1.3.RELEASE, Spring v5.1.5.RELEASE
2020-11-26 23:30:27.371 [https-jsse-nio-8080-exec-4] DEBUG com.yzy.util.IpUtil - request.getHeader("x-forwarded-for")=null
2020-11-26 23:30:27.372 [https-jsse-nio-8080-exec-4] DEBUG com.yzy.util.IpUtil - request.getHeader("Proxy-Client-IP")=null
2020-11-26 23:30:27.372 [https-jsse-nio-8080-exec-4] DEBUG com.yzy.util.IpUtil - request.getHeader("WL-Proxy-Client-IP")=null
2020-11-26 23:30:27.372 [https-jsse-nio-8080-exec-4] DEBUG com.yzy.util.IpUtil - request.getHeader("HTTP_CLIENT_IP")=null
2020-11-26 23:30:27.372 [https-jsse-nio-8080-exec-4] DEBUG com.yzy.util.IpUtil - request.getHeader("HTTP_X_FORWARDED_FOR")=null
2020-11-26 23:30:27.372 [https-jsse-nio-8080-exec-4] DEBUG com.yzy.util.IpUtil - request.getRemoteAddr()=127.0.0.1
2020-11-26 23:30:27.372 [https-jsse-nio-8080-exec-4] DEBUG com.yzy.util.IpUtil - host: 127.0.0.1:8080
2020-11-26 23:30:27.372 [https-jsse-nio-8080-exec-4] DEBUG com.yzy.util.IpUtil - user-agent: Mozilla/5.0 (Windows NT 6.1; Win64; x64; rv:81.0) Gecko/20100101 Firefox/81.0
2020-11-26 23:30:27.373 [https-jsse-nio-8080-exec-4] DEBUG com.yzy.util.IpUtil - accept: text/html,application/xhtml+xml,application/xml;q=0.9,image/webp,*/*;q=0.8
2020-11-26 23:30:27.373 [https-jsse-nio-8080-exec-4] DEBUG com.yzy.util.IpUtil - accept-language: zh-CN,zh;q=0.8,zh-TW;q=0.7,zh-HK;q=0.5,en-US;q=0.3,en;q=0.2
2020-11-26 23:30:27.373 [https-jsse-nio-8080-exec-4] DEBUG com.yzy.util.IpUtil - accept-encoding: gzip, deflate, br
2020-11-26 23:30:27.373 [https-jsse-nio-8080-exec-4] DEBUG com.yzy.util.IpUtil - connection: keep-alive
2020-11-26 23:30:27.373 [https-jsse-nio-8080-exec-4] DEBUG com.yzy.util.IpUtil - upgrade-insecure-requests: 1
2020-11-26 23:30:49.595 [https-jsse-nio-8080-exec-4] DEBUG com.yzy.util.IpUtil - request.getHeader("x-forwarded-for")=null
2020-11-26 23:30:49.595 [https-jsse-nio-8080-exec-4] DEBUG com.yzy.util.IpUtil - request.getHeader("Proxy-Client-IP")=null
2020-11-26 23:30:49.595 [https-jsse-nio-8080-exec-4] DEBUG com.yzy.util.IpUtil - request.getHeader("WL-Proxy-Client-IP")=null
2020-11-26 23:30:49.595 [https-jsse-nio-8080-exec-4] DEBUG com.yzy.util.IpUtil - request.getHeader("HTTP_CLIENT_IP")=null
2020-11-26 23:30:49.595 [https-jsse-nio-8080-exec-4] DEBUG com.yzy.util.IpUtil - request.getHeader("HTTP_X_FORWARDED_FOR")=null
2020-11-26 23:30:49.596 [https-jsse-nio-8080-exec-4] DEBUG com.yzy.util.IpUtil - request.getRemoteAddr()=127.0.0.1
2020-11-26 23:30:49.596 [https-jsse-nio-8080-exec-4] DEBUG com.yzy.util.IpUtil - host: 127.0.0.1:8080
2020-11-26 23:30:49.596 [https-jsse-nio-8080-exec-4] DEBUG com.yzy.util.IpUtil - user-agent: Mozilla/5.0 (Windows NT 6.1; Win64; x64; rv:81.0) Gecko/20100101 Firefox/81.0
2020-11-26 23:30:49.596 [https-jsse-nio-8080-exec-4] DEBUG com.yzy.util.IpUtil - accept: text/html,application/xhtml+xml,application/xml;q=0.9,image/webp,*/*;q=0.8
2020-11-26 23:30:49.596 [https-jsse-nio-8080-exec-4] DEBUG com.yzy.util.IpUtil - accept-language: zh-CN,zh;q=0.8,zh-TW;q=0.7,zh-HK;q=0.5,en-US;q=0.3,en;q=0.2
2020-11-26 23:30:49.596 [https-jsse-nio-8080-exec-4] DEBUG com.yzy.util.IpUtil - accept-encoding: gzip, deflate, br
2020-11-26 23:30:49.596 [https-jsse-nio-8080-exec-4] DEBUG com.yzy.util.IpUtil - connection: keep-alive
2020-11-26 23:30:49.596 [https-jsse-nio-8080-exec-4] DEBUG com.yzy.util.IpUtil - upgrade-insecure-requests: 1
2020-11-26 23:31:23.271 [https-jsse-nio-8080-exec-1] DEBUG com.yzy.util.IpUtil - request.getHeader("x-forwarded-for")=null
2020-11-26 23:31:23.272 [https-jsse-nio-8080-exec-1] DEBUG com.yzy.util.IpUtil - request.getHeader("Proxy-Client-IP")=null
2020-11-26 23:31:23.272 [https-jsse-nio-8080-exec-1] DEBUG com.yzy.util.IpUtil - request.getHeader("WL-Proxy-Client-IP")=null
2020-11-26 23:31:23.272 [https-jsse-nio-8080-exec-1] DEBUG com.yzy.util.IpUtil - request.getHeader("HTTP_CLIENT_IP")=null
2020-11-26 23:31:23.272 [https-jsse-nio-8080-exec-1] DEBUG com.yzy.util.IpUtil - request.getHeader("HTTP_X_FORWARDED_FOR")=null
2020-11-26 23:31:23.272 [https-jsse-nio-8080-exec-1] DEBUG com.yzy.util.IpUtil - request.getRemoteAddr()=127.0.0.1
2020-11-26 23:31:23.272 [https-jsse-nio-8080-exec-1] DEBUG com.yzy.util.IpUtil - host: 127.0.0.1:8080
2020-11-26 23:31:23.272 [https-jsse-nio-8080-exec-1] DEBUG com.yzy.util.IpUtil - connection: keep-alive
2020-11-26 23:31:23.272 [https-jsse-nio-8080-exec-1] DEBUG com.yzy.util.IpUtil - upgrade-insecure-requests: 1
2020-11-26 23:31:23.272 [https-jsse-nio-8080-exec-1] DEBUG com.yzy.util.IpUtil - user-agent: Mozilla/5.0 (Windows NT 6.1; WOW64) AppleWebKit/537.36 (KHTML, like Gecko) Chrome/78.0.3904.108 Safari/537.36
2020-11-26 23:31:23.272 [https-jsse-nio-8080-exec-1] DEBUG com.yzy.util.IpUtil - sec-fetch-user: ?1
2020-11-26 23:31:23.272 [https-jsse-nio-8080-exec-1] DEBUG com.yzy.util.IpUtil - accept: text/html,application/xhtml+xml,application/xml;q=0.9,image/webp,image/apng,*/*;q=0.8,application/signed-exchange;v=b3
2020-11-26 23:31:23.272 [https-jsse-nio-8080-exec-1] DEBUG com.yzy.util.IpUtil - sec-fetch-site: none
2020-11-26 23:31:23.272 [https-jsse-nio-8080-exec-1] DEBUG com.yzy.util.IpUtil - sec-fetch-mode: navigate
2020-11-26 23:31:23.275 [https-jsse-nio-8080-exec-1] DEBUG com.yzy.util.IpUtil - accept-encoding: gzip, deflate, br
2020-11-26 23:31:23.276 [https-jsse-nio-8080-exec-1] DEBUG com.yzy.util.IpUtil - accept-language: zh-CN,zh;q=0.9
2020-11-26 23:31:45.419 [https-jsse-nio-8080-exec-1] DEBUG com.yzy.util.IpUtil - request.getHeader("x-forwarded-for")=null
2020-11-26 23:31:45.420 [https-jsse-nio-8080-exec-1] DEBUG com.yzy.util.IpUtil - request.getHeader("Proxy-Client-IP")=null
2020-11-26 23:31:45.420 [https-jsse-nio-8080-exec-1] DEBUG com.yzy.util.IpUtil - request.getHeader("WL-Proxy-Client-IP")=null
2020-11-26 23:31:45.420 [https-jsse-nio-8080-exec-1] DEBUG com.yzy.util.IpUtil - request.getHeader("HTTP_CLIENT_IP")=null
2020-11-26 23:31:45.420 [https-jsse-nio-8080-exec-1] DEBUG com.yzy.util.IpUtil - request.getHeader("HTTP_X_FORWARDED_FOR")=null
2020-11-26 23:31:45.420 [https-jsse-nio-8080-exec-1] DEBUG com.yzy.util.IpUtil - request.getRemoteAddr()=127.0.0.1
2020-11-26 23:31:45.420 [https-jsse-nio-8080-exec-1] DEBUG com.yzy.util.IpUtil - host: 127.0.0.1:8080
2020-11-26 23:31:45.420 [https-jsse-nio-8080-exec-1] DEBUG com.yzy.util.IpUtil - connection: keep-alive
2020-11-26 23:31:45.420 [https-jsse-nio-8080-exec-1] DEBUG com.yzy.util.IpUtil - upgrade-insecure-requests: 1
2020-11-26 23:31:45.420 [https-jsse-nio-8080-exec-1] DEBUG com.yzy.util.IpUtil - user-agent: Mozilla/5.0 (Windows NT 6.1; WOW64) AppleWebKit/537.36 (KHTML, like Gecko) Chrome/78.0.3904.108 Safari/537.36
2020-11-26 23:31:45.420 [https-jsse-nio-8080-exec-1] DEBUG com.yzy.util.IpUtil - sec-fetch-user: ?1
2020-11-26 23:31:45.420 [https-jsse-nio-8080-exec-1] DEBUG com.yzy.util.IpUtil - accept: text/html,application/xhtml+xml,application/xml;q=0.9,image/webp,image/apng,*/*;q=0.8,application/signed-exchange;v=b3
2020-11-26 23:31:45.420 [https-jsse-nio-8080-exec-1] DEBUG com.yzy.util.IpUtil - sec-fetch-site: none
2020-11-26 23:31:45.421 [https-jsse-nio-8080-exec-1] DEBUG com.yzy.util.IpUtil - sec-fetch-mode: navigate
2020-11-26 23:31:45.421 [https-jsse-nio-8080-exec-1] DEBUG com.yzy.util.IpUtil - accept-encoding: gzip, deflate, br
2020-11-26 23:31:45.421 [https-jsse-nio-8080-exec-1] DEBUG com.yzy.util.IpUtil - accept-language: zh-CN,zh;q=0.9
2020-11-26 23:31:45.760 [https-jsse-nio-8080-exec-7] DEBUG com.yzy.util.IpUtil - request.getHeader("x-forwarded-for")=null
2020-11-26 23:31:45.760 [https-jsse-nio-8080-exec-7] DEBUG com.yzy.util.IpUtil - request.getHeader("Proxy-Client-IP")=null
2020-11-26 23:31:45.760 [https-jsse-nio-8080-exec-7] DEBUG com.yzy.util.IpUtil - request.getHeader("WL-Proxy-Client-IP")=null
2020-11-26 23:31:45.760 [https-jsse-nio-8080-exec-7] DEBUG com.yzy.util.IpUtil - request.getHeader("HTTP_CLIENT_IP")=null
2020-11-26 23:31:45.761 [https-jsse-nio-8080-exec-7] DEBUG com.yzy.util.IpUtil - request.getHeader("HTTP_X_FORWARDED_FOR")=null
2020-11-26 23:31:45.761 [https-jsse-nio-8080-exec-7] DEBUG com.yzy.util.IpUtil - request.getRemoteAddr()=127.0.0.1
2020-11-26 23:31:45.761 [https-jsse-nio-8080-exec-7] DEBUG com.yzy.util.IpUtil - host: 127.0.0.1:8080
2020-11-26 23:31:45.761 [https-jsse-nio-8080-exec-7] DEBUG com.yzy.util.IpUtil - connection: keep-alive
2020-11-26 23:31:45.761 [https-jsse-nio-8080-exec-7] DEBUG com.yzy.util.IpUtil - upgrade-insecure-requests: 1
2020-11-26 23:31:45.761 [https-jsse-nio-8080-exec-7] DEBUG com.yzy.util.IpUtil - user-agent: Mozilla/5.0 (Windows NT 6.1; WOW64) AppleWebKit/537.36 (KHTML, like Gecko) Chrome/78.0.3904.108 Safari/537.36
2020-11-26 23:31:45.761 [https-jsse-nio-8080-exec-7] DEBUG com.yzy.util.IpUtil - accept: text/html,application/xhtml+xml,application/xml;q=0.9,image/webp,image/apng,*/*;q=0.8,application/signed-exchange;v=b3
2020-11-26 23:31:45.761 [https-jsse-nio-8080-exec-7] DEBUG com.yzy.util.IpUtil - sec-fetch-site: cross-site
2020-11-26 23:31:45.761 [https-jsse-nio-8080-exec-7] DEBUG com.yzy.util.IpUtil - sec-fetch-mode: navigate
2020-11-26 23:31:45.761 [https-jsse-nio-8080-exec-7] DEBUG com.yzy.util.IpUtil - accept-encoding: gzip, deflate, br
2020-11-26 23:31:45.761 [https-jsse-nio-8080-exec-7] DEBUG com.yzy.util.IpUtil - accept-language: zh-CN,zh;q=0.9
2020-11-26 23:32:29.572 [https-jsse-nio-8080-exec-7] DEBUG com.yzy.util.IpUtil - request.getHeader("x-forwarded-for")=null
2020-11-26 23:32:29.572 [https-jsse-nio-8080-exec-7] DEBUG com.yzy.util.IpUtil - request.getHeader("Proxy-Client-IP")=null
2020-11-26 23:32:29.572 [https-jsse-nio-8080-exec-7] DEBUG com.yzy.util.IpUtil - request.getHeader("WL-Proxy-Client-IP")=null
2020-11-26 23:32:29.572 [https-jsse-nio-8080-exec-7] DEBUG com.yzy.util.IpUtil - request.getHeader("HTTP_CLIENT_IP")=null
2020-11-26 23:32:29.572 [https-jsse-nio-8080-exec-7] DEBUG com.yzy.util.IpUtil - request.getHeader("HTTP_X_FORWARDED_FOR")=null
2020-11-26 23:32:29.572 [https-jsse-nio-8080-exec-7] DEBUG com.yzy.util.IpUtil - request.getRemoteAddr()=127.0.0.1
2020-11-26 23:32:29.572 [https-jsse-nio-8080-exec-7] DEBUG com.yzy.util.IpUtil - host: 127.0.0.1:8080
2020-11-26 23:32:29.572 [https-jsse-nio-8080-exec-7] DEBUG com.yzy.util.IpUtil - connection: keep-alive
2020-11-26 23:32:29.572 [https-jsse-nio-8080-exec-7] DEBUG com.yzy.util.IpUtil - upgrade-insecure-requests: 1
2020-11-26 23:32:29.572 [https-jsse-nio-8080-exec-7] DEBUG com.yzy.util.IpUtil - user-agent: Mozilla/5.0 (Windows NT 6.1; WOW64) AppleWebKit/537.36 (KHTML, like Gecko) Chrome/78.0.3904.108 Safari/537.36
2020-11-26 23:32:29.572 [https-jsse-nio-8080-exec-7] DEBUG com.yzy.util.IpUtil - accept: text/html,application/xhtml+xml,application/xml;q=0.9,image/webp,image/apng,*/*;q=0.8,application/signed-exchange;v=b3
2020-11-26 23:32:29.572 [https-jsse-nio-8080-exec-7] DEBUG com.yzy.util.IpUtil - sec-fetch-site: cross-site
2020-11-26 23:32:29.572 [https-jsse-nio-8080-exec-7] DEBUG com.yzy.util.IpUtil - sec-fetch-mode: navigate
2020-11-26 23:32:29.572 [https-jsse-nio-8080-exec-7] DEBUG com.yzy.util.IpUtil - accept-encoding: gzip, deflate, br
2020-11-26 23:32:29.573 [https-jsse-nio-8080-exec-7] DEBUG com.yzy.util.IpUtil - accept-language: zh-CN,zh;q=0.9
2020-11-26 23:32:59.446 [https-jsse-nio-8080-exec-3] DEBUG com.yzy.util.IpUtil - request.getHeader("x-forwarded-for")=null
2020-11-26 23:32:59.446 [https-jsse-nio-8080-exec-3] DEBUG com.yzy.util.IpUtil - request.getHeader("Proxy-Client-IP")=null
2020-11-26 23:32:59.446 [https-jsse-nio-8080-exec-3] DEBUG com.yzy.util.IpUtil - request.getHeader("WL-Proxy-Client-IP")=null
2020-11-26 23:32:59.446 [https-jsse-nio-8080-exec-3] DEBUG com.yzy.util.IpUtil - request.getHeader("HTTP_CLIENT_IP")=null
2020-11-26 23:32:59.446 [https-jsse-nio-8080-exec-3] DEBUG com.yzy.util.IpUtil - request.getHeader("HTTP_X_FORWARDED_FOR")=null
2020-11-26 23:32:59.446 [https-jsse-nio-8080-exec-3] DEBUG com.yzy.util.IpUtil - request.getRemoteAddr()=127.0.0.1
2020-11-26 23:32:59.446 [https-jsse-nio-8080-exec-3] DEBUG com.yzy.util.IpUtil - host: 127.0.0.1:8080
2020-11-26 23:32:59.446 [https-jsse-nio-8080-exec-3] DEBUG com.yzy.util.IpUtil - connection: keep-alive
2020-11-26 23:32:59.446 [https-jsse-nio-8080-exec-3] DEBUG com.yzy.util.IpUtil - upgrade-insecure-requests: 1
2020-11-26 23:32:59.446 [https-jsse-nio-8080-exec-3] DEBUG com.yzy.util.IpUtil - user-agent: Mozilla/5.0 (Windows NT 6.1; WOW64) AppleWebKit/537.36 (KHTML, like Gecko) Chrome/78.0.3904.108 Safari/537.36
2020-11-26 23:32:59.446 [https-jsse-nio-8080-exec-3] DEBUG com.yzy.util.IpUtil - sec-fetch-user: ?1
2020-11-26 23:32:59.446 [https-jsse-nio-8080-exec-3] DEBUG com.yzy.util.IpUtil - accept: text/html,application/xhtml+xml,application/xml;q=0.9,image/webp,image/apng,*/*;q=0.8,application/signed-exchange;v=b3
2020-11-26 23:32:59.446 [https-jsse-nio-8080-exec-3] DEBUG com.yzy.util.IpUtil - sec-fetch-site: none
2020-11-26 23:32:59.447 [https-jsse-nio-8080-exec-3] DEBUG com.yzy.util.IpUtil - sec-fetch-mode: navigate
2020-11-26 23:32:59.447 [https-jsse-nio-8080-exec-3] DEBUG com.yzy.util.IpUtil - accept-encoding: gzip, deflate, br
2020-11-26 23:32:59.447 [https-jsse-nio-8080-exec-3] DEBUG com.yzy.util.IpUtil - accept-language: zh-CN,zh;q=0.9
2020-11-26 23:33:21.594 [https-jsse-nio-8080-exec-3] DEBUG com.yzy.util.IpUtil - request.getHeader("x-forwarded-for")=null
2020-11-26 23:33:21.595 [https-jsse-nio-8080-exec-3] DEBUG com.yzy.util.IpUtil - request.getHeader("Proxy-Client-IP")=null
2020-11-26 23:33:21.595 [https-jsse-nio-8080-exec-3] DEBUG com.yzy.util.IpUtil - request.getHeader("WL-Proxy-Client-IP")=null
2020-11-26 23:33:21.595 [https-jsse-nio-8080-exec-3] DEBUG com.yzy.util.IpUtil - request.getHeader("HTTP_CLIENT_IP")=null
2020-11-26 23:33:21.596 [https-jsse-nio-8080-exec-3] DEBUG com.yzy.util.IpUtil - request.getHeader("HTTP_X_FORWARDED_FOR")=null
2020-11-26 23:33:21.596 [https-jsse-nio-8080-exec-3] DEBUG com.yzy.util.IpUtil - request.getRemoteAddr()=127.0.0.1
2020-11-26 23:33:21.596 [https-jsse-nio-8080-exec-3] DEBUG com.yzy.util.IpUtil - host: 127.0.0.1:8080
2020-11-26 23:33:21.597 [https-jsse-nio-8080-exec-3] DEBUG com.yzy.util.IpUtil - connection: keep-alive
2020-11-26 23:33:21.597 [https-jsse-nio-8080-exec-3] DEBUG com.yzy.util.IpUtil - upgrade-insecure-requests: 1
2020-11-26 23:33:21.597 [https-jsse-nio-8080-exec-3] DEBUG com.yzy.util.IpUtil - user-agent: Mozilla/5.0 (Windows NT 6.1; WOW64) AppleWebKit/537.36 (KHTML, like Gecko) Chrome/78.0.3904.108 Safari/537.36
2020-11-26 23:33:21.597 [https-jsse-nio-8080-exec-3] DEBUG com.yzy.util.IpUtil - sec-fetch-user: ?1
2020-11-26 23:33:21.597 [https-jsse-nio-8080-exec-3] DEBUG com.yzy.util.IpUtil - accept: text/html,application/xhtml+xml,application/xml;q=0.9,image/webp,image/apng,*/*;q=0.8,application/signed-exchange;v=b3
2020-11-26 23:33:21.597 [https-jsse-nio-8080-exec-3] DEBUG com.yzy.util.IpUtil - sec-fetch-site: none
2020-11-26 23:33:21.597 [https-jsse-nio-8080-exec-3] DEBUG com.yzy.util.IpUtil - sec-fetch-mode: navigate
2020-11-26 23:33:21.597 [https-jsse-nio-8080-exec-3] DEBUG com.yzy.util.IpUtil - accept-encoding: gzip, deflate, br
2020-11-26 23:33:21.598 [https-jsse-nio-8080-exec-3] DEBUG com.yzy.util.IpUtil - accept-language: zh-CN,zh;q=0.9
