2020-12-07 21:56:42.412 [main] INFO  com.yzy.App - Starting App on USER-20190128FA with PID 2120 (D:\workspace\myeclipse2018\yzy\test-war\target\classes started by Administrator in D:\workspace\myeclipse2018\yzy)
2020-12-07 21:56:42.416 [main] INFO  com.yzy.App - No active profile set, falling back to default profiles: default
2020-12-07 21:56:43.911 [main] INFO  org.springframework.boot.autoconfigure.logging.ConditionEvaluationReportLoggingListener - 

Error starting ApplicationContext. To display the conditions report re-run your application with 'debug' enabled.
2020-12-07 21:58:36.330 [main] INFO  com.yzy.App - Starting App on USER-20190128FA with PID 4020 (D:\workspace\myeclipse2018\yzy\test-war\target\classes started by Administrator in D:\workspace\myeclipse2018\yzy)
2020-12-07 21:58:36.333 [main] INFO  com.yzy.App - No active profile set, falling back to default profiles: default
2020-12-07 21:58:37.343 [main] INFO  org.springframework.boot.web.embedded.tomcat.TomcatWebServer - Tomcat initialized with port(s): 8080 (https)
2020-12-07 21:58:37.358 [main] INFO  org.apache.coyote.http11.Http11NioProtocol - Initializing ProtocolHandler ["https-jsse-nio-8080"]
2020-12-07 21:58:37.366 [main] INFO  org.apache.catalina.core.StandardService - Starting service [Tomcat]
2020-12-07 21:58:37.367 [main] INFO  org.apache.catalina.core.StandardEngine - Starting Servlet engine: [Apache Tomcat/9.0.16]
2020-12-07 21:58:37.372 [main] INFO  org.apache.catalina.core.AprLifecycleListener - The APR based Apache Tomcat Native library which allows optimal performance in production environments was not found on the java.library.path: [C:\Program Files\Java\jdk1.8.0_191\bin;C:\Windows\Sun\Java\bin;C:\Windows\system32;C:\Windows;C:\Program Files (x86)\Common Files\Oracle\Java\javapath;C:\Windows\system32;C:\Windows;C:\Windows\System32\Wbem;C:\Windows\System32\WindowsPowerShell\v1.0\;C:\Program Files (x86)\NVIDIA Corporation\PhysX\Common;C:\Program Files\NVIDIA Corporation\NVIDIA NvDLISR;D:\soft\ideaIU-2018.3.win\plugins\maven\lib\maven3\bin;D:\soft\mysql-5.7.23-winx64\bin;D:\soft\gradle-4.6\bin;C:\Program Files\TortoiseSVN\bin;D:\Program Files\Git\cmd;D:\Program Files\nodejs\;C:\Users\Administrator\PycharmProjects\pythonProject\venv\Scripts;D:\Program Files\python\Scripts\;D:\Program Files\python\;D:\Program Files\Fiddler;C:\Users\Administrator\AppData\Roaming\npm;.]
2020-12-07 21:58:37.470 [main] INFO  org.apache.catalina.core.ContainerBase.[Tomcat].[localhost].[/testWar] - Initializing Spring embedded WebApplicationContext
2020-12-07 21:58:37.470 [main] INFO  org.springframework.web.context.ContextLoader - Root WebApplicationContext: initialization completed in 1093 ms
2020-12-07 21:58:37.644 [main] INFO  org.springframework.scheduling.concurrent.ThreadPoolTaskExecutor - Initializing ExecutorService 'applicationTaskExecutor'
2020-12-07 21:58:37.751 [main] INFO  org.apache.coyote.http11.Http11NioProtocol - Starting ProtocolHandler ["https-jsse-nio-8080"]
2020-12-07 21:58:38.129 [main] INFO  org.springframework.boot.web.embedded.tomcat.TomcatWebServer - Tomcat started on port(s): 8080 (https) with context path '/testWar'
2020-12-07 21:58:38.132 [main] INFO  com.yzy.App - Started App in 2.519 seconds (JVM running for 3.374)
2020-12-07 22:00:54.377 [https-jsse-nio-8080-exec-3] INFO  org.apache.catalina.core.ContainerBase.[Tomcat].[localhost].[/testWar] - Initializing Spring DispatcherServlet 'dispatcherServlet'
2020-12-07 22:00:54.377 [https-jsse-nio-8080-exec-3] INFO  org.springframework.web.servlet.DispatcherServlet - Initializing Servlet 'dispatcherServlet'
2020-12-07 22:00:54.383 [https-jsse-nio-8080-exec-3] INFO  org.springframework.web.servlet.DispatcherServlet - Completed initialization in 6 ms
