2021-05-30 10:25:36.174 [main] INFO  com.yzy.YzzbApp - Starting YzzbApp on USER-20190128FA with PID 2744 (D:\workspace\myeclipse2018\yzy\yzzb\target\classes started by Administrator in D:\workspace\myeclipse2018\yzy)
2021-05-30 10:25:36.175 [main] INFO  com.yzy.YzzbApp - No active profile set, falling back to default profiles: default
2021-05-30 10:25:37.382 [main] INFO  org.springframework.boot.web.embedded.tomcat.TomcatWebServer - Tomcat initialized with port(s): 8080 (http)
2021-05-30 10:25:37.399 [main] INFO  org.apache.coyote.http11.Http11NioProtocol - Initializing ProtocolHandler ["http-nio-8080"]
2021-05-30 10:25:37.407 [main] INFO  org.apache.catalina.core.StandardService - Starting service [Tomcat]
2021-05-30 10:25:37.407 [main] INFO  org.apache.catalina.core.StandardEngine - Starting Servlet engine: [Apache Tomcat/9.0.16]
2021-05-30 10:25:37.415 [main] INFO  org.apache.catalina.core.AprLifecycleListener - The APR based Apache Tomcat Native library which allows optimal performance in production environments was not found on the java.library.path: [C:\Program Files\Java\jdk1.8.0_191\bin;C:\Windows\Sun\Java\bin;C:\Windows\system32;C:\Windows;C:\Program Files (x86)\Common Files\Oracle\Java\javapath;C:\Windows\system32;C:\Windows;C:\Windows\System32\Wbem;C:\Windows\System32\WindowsPowerShell\v1.0\;C:\Program Files (x86)\NVIDIA Corporation\PhysX\Common;C:\Program Files\NVIDIA Corporation\NVIDIA NvDLISR;D:\soft\ideaIU-2018.3.win\plugins\maven\lib\maven3\bin;D:\soft\mysql-5.7.23-winx64\bin;D:\soft\gradle-4.6\bin;C:\Program Files\TortoiseSVN\bin;D:\Program Files\Git\cmd;D:\Program Files\nodejs\;C:\Users\Administrator\PycharmProjects\pythonProject\venv\Scripts;D:\Program Files\python\Scripts\;D:\Program Files\python\;D:\Program Files\Fiddler;C:\Users\Administrator\AppData\Roaming\npm;.]
2021-05-30 10:25:37.536 [main] INFO  org.apache.catalina.core.ContainerBase.[Tomcat].[localhost].[/yzzb] - Initializing Spring embedded WebApplicationContext
2021-05-30 10:25:37.536 [main] INFO  org.springframework.web.context.ContextLoader - Root WebApplicationContext: initialization completed in 1303 ms
2021-05-30 10:25:38.325 [main] INFO  org.springframework.scheduling.concurrent.ThreadPoolTaskExecutor - Initializing ExecutorService 'applicationTaskExecutor'
2021-05-30 10:25:38.540 [main] INFO  org.apache.coyote.http11.Http11NioProtocol - Starting ProtocolHandler ["http-nio-8080"]
2021-05-30 10:25:38.667 [main] INFO  org.springframework.boot.web.embedded.tomcat.TomcatWebServer - Tomcat started on port(s): 8080 (http) with context path '/yzzb'
2021-05-30 10:25:38.682 [main] INFO  com.yzy.YzzbApp - Started YzzbApp in 3.12 seconds (JVM running for 5.995)
2021-05-30 10:25:39.908 [http-nio-8080-exec-1] INFO  org.apache.catalina.core.ContainerBase.[Tomcat].[localhost].[/yzzb] - Initializing Spring DispatcherServlet 'dispatcherServlet'
2021-05-30 10:25:39.908 [http-nio-8080-exec-1] INFO  org.springframework.web.servlet.DispatcherServlet - Initializing Servlet 'dispatcherServlet'
2021-05-30 10:25:39.917 [http-nio-8080-exec-1] INFO  org.springframework.web.servlet.DispatcherServlet - Completed initialization in 9 ms
2021-05-30 10:34:53.512 [main] INFO  com.yzy.YzzbApp - Starting YzzbApp on USER-20190128FA with PID 4840 (D:\workspace\myeclipse2018\yzy\yzzb\target\classes started by Administrator in D:\workspace\myeclipse2018\yzy)
2021-05-30 10:34:53.513 [main] INFO  com.yzy.YzzbApp - No active profile set, falling back to default profiles: default
2021-05-30 10:34:55.240 [main] INFO  org.springframework.boot.web.embedded.tomcat.TomcatWebServer - Tomcat initialized with port(s): 8080 (http)
2021-05-30 10:34:55.258 [main] INFO  org.apache.coyote.http11.Http11NioProtocol - Initializing ProtocolHandler ["http-nio-8080"]
2021-05-30 10:34:55.269 [main] INFO  org.apache.catalina.core.StandardService - Starting service [Tomcat]
2021-05-30 10:34:55.270 [main] INFO  org.apache.catalina.core.StandardEngine - Starting Servlet engine: [Apache Tomcat/9.0.16]
2021-05-30 10:34:55.279 [main] INFO  org.apache.catalina.core.AprLifecycleListener - The APR based Apache Tomcat Native library which allows optimal performance in production environments was not found on the java.library.path: [C:\Program Files\Java\jdk1.8.0_191\bin;C:\Windows\Sun\Java\bin;C:\Windows\system32;C:\Windows;C:\Program Files (x86)\Common Files\Oracle\Java\javapath;C:\Windows\system32;C:\Windows;C:\Windows\System32\Wbem;C:\Windows\System32\WindowsPowerShell\v1.0\;C:\Program Files (x86)\NVIDIA Corporation\PhysX\Common;C:\Program Files\NVIDIA Corporation\NVIDIA NvDLISR;D:\soft\ideaIU-2018.3.win\plugins\maven\lib\maven3\bin;D:\soft\mysql-5.7.23-winx64\bin;D:\soft\gradle-4.6\bin;C:\Program Files\TortoiseSVN\bin;D:\Program Files\Git\cmd;D:\Program Files\nodejs\;C:\Users\Administrator\PycharmProjects\pythonProject\venv\Scripts;D:\Program Files\python\Scripts\;D:\Program Files\python\;D:\Program Files\Fiddler;C:\Users\Administrator\AppData\Roaming\npm;.]
2021-05-30 10:34:55.448 [main] INFO  org.apache.catalina.core.ContainerBase.[Tomcat].[localhost].[/yzzb] - Initializing Spring embedded WebApplicationContext
2021-05-30 10:34:55.449 [main] INFO  org.springframework.web.context.ContextLoader - Root WebApplicationContext: initialization completed in 1874 ms
2021-05-30 10:34:56.482 [main] INFO  org.springframework.scheduling.concurrent.ThreadPoolTaskExecutor - Initializing ExecutorService 'applicationTaskExecutor'
2021-05-30 10:34:56.819 [main] INFO  org.apache.coyote.http11.Http11NioProtocol - Starting ProtocolHandler ["http-nio-8080"]
2021-05-30 10:34:56.851 [main] INFO  org.springframework.boot.web.embedded.tomcat.TomcatWebServer - Tomcat started on port(s): 8080 (http) with context path '/yzzb'
2021-05-30 10:34:56.855 [main] INFO  com.yzy.YzzbApp - Started YzzbApp in 4.17 seconds (JVM running for 5.382)
2021-05-30 10:35:17.681 [http-nio-8080-exec-2] INFO  org.apache.catalina.core.ContainerBase.[Tomcat].[localhost].[/yzzb] - Initializing Spring DispatcherServlet 'dispatcherServlet'
2021-05-30 10:35:17.682 [http-nio-8080-exec-2] INFO  org.springframework.web.servlet.DispatcherServlet - Initializing Servlet 'dispatcherServlet'
2021-05-30 10:35:17.692 [http-nio-8080-exec-2] INFO  org.springframework.web.servlet.DispatcherServlet - Completed initialization in 10 ms
